
61. Printing statistics.

=== alu_8bit ===

   Number of wires:                111
   Number of wire bits:            134
   Number of public wires:           5
   Number of public wire bits:      28
   Number of memories:               0
   Number of memory bits:            0
   Number of processes:              0
   Number of cells:                115
     sky130_fd_sc_hd__a211o_2        3
     sky130_fd_sc_hd__a211oi_2       1
     sky130_fd_sc_hd__a21o_2         3
     sky130_fd_sc_hd__a21oi_2        6
     sky130_fd_sc_hd__a221o_2        2
     sky130_fd_sc_hd__a2bb2o_2       1
     sky130_fd_sc_hd__a311o_2        2
     sky130_fd_sc_hd__a31o_2         6
     sky130_fd_sc_hd__and2_2         7
     sky130_fd_sc_hd__and2b_2        5
     sky130_fd_sc_hd__and3_2         1
     sky130_fd_sc_hd__and3b_2        1
     sky130_fd_sc_hd__buf_1          1
     sky130_fd_sc_hd__inv_2          3
     sky130_fd_sc_hd__mux2_2         3
     sky130_fd_sc_hd__nand2_2       15
     sky130_fd_sc_hd__nand3_2        1
     sky130_fd_sc_hd__nor2_2         9
     sky130_fd_sc_hd__nor3_2         1
     sky130_fd_sc_hd__nor3b_2        1
     sky130_fd_sc_hd__o211a_2        2
     sky130_fd_sc_hd__o211ai_2       2
     sky130_fd_sc_hd__o21a_2         5
     sky130_fd_sc_hd__o21ai_2        4
     sky130_fd_sc_hd__o21ba_2        1
     sky130_fd_sc_hd__o221a_2        1
     sky130_fd_sc_hd__o22a_2         1
     sky130_fd_sc_hd__o2bb2a_2       2
     sky130_fd_sc_hd__o41a_2         1
     sky130_fd_sc_hd__or2_2          8
     sky130_fd_sc_hd__or2b_2         4
     sky130_fd_sc_hd__or3_2          3
     sky130_fd_sc_hd__or3b_2         2
     sky130_fd_sc_hd__or4b_2         1
     sky130_fd_sc_hd__xnor2_2        5
     sky130_fd_sc_hd__xor2_2         1

   Chip area for module '\alu_8bit': 998.457600

