
===========================================================================
report_checks -path_delay max (Setup)
============================================================================
======================= Typical Corner ===================================

Startpoint: B[0] (input port clocked by __VIRTUAL_CLK__)
Endpoint: ALU_Out[6] (output port clocked by __VIRTUAL_CLK__)
Path Group: __VIRTUAL_CLK__
Path Type: max

Fanout     Cap    Slew   Delay    Time   Description
-----------------------------------------------------------------------------
                  0.00    0.00    0.00   clock __VIRTUAL_CLK__ (rise edge)
                          0.00    0.00   clock network delay (ideal)
                          2.00    2.00 ^ input external delay
                  0.06    0.04    2.04 ^ B[0] (in)
     4    0.01                           B[0] (net)
                  0.06    0.00    2.04 ^ _122_/B_N (sky130_fd_sc_hd__or2b_2)
                  0.07    0.33    2.37 v _122_/X (sky130_fd_sc_hd__or2b_2)
     3    0.01                           _055_ (net)
                  0.07    0.00    2.37 v _124_/A2 (sky130_fd_sc_hd__a21o_2)
                  0.05    0.24    2.61 v _124_/X (sky130_fd_sc_hd__a21o_2)
     3    0.01                           _057_ (net)
                  0.05    0.00    2.61 v _127_/A3 (sky130_fd_sc_hd__a311o_2)
                  0.08    0.43    3.04 v _127_/X (sky130_fd_sc_hd__a311o_2)
     3    0.01                           _060_ (net)
                  0.08    0.00    3.04 v _129_/A2 (sky130_fd_sc_hd__a21oi_2)
                  0.14    0.19    3.23 ^ _129_/Y (sky130_fd_sc_hd__a21oi_2)
     3    0.01                           _062_ (net)
                  0.14    0.00    3.23 ^ _131_/A2 (sky130_fd_sc_hd__o21a_2)
                  0.07    0.17    3.40 ^ _131_/X (sky130_fd_sc_hd__o21a_2)
     3    0.01                           _064_ (net)
                  0.07    0.00    3.40 ^ _207_/B (sky130_fd_sc_hd__nor2_2)
                  0.04    0.03    3.43 v _207_/Y (sky130_fd_sc_hd__nor2_2)
     1    0.00                           _027_ (net)
                  0.04    0.00    3.43 v _209_/A (sky130_fd_sc_hd__or3b_2)
                  0.08    0.49    3.92 v _209_/X (sky130_fd_sc_hd__or3b_2)
     1    0.00                           _029_ (net)
                  0.08    0.00    3.92 v _212_/B1 (sky130_fd_sc_hd__o211ai_2)
                  0.43    0.20    4.12 ^ _212_/Y (sky130_fd_sc_hd__o211ai_2)
     1    0.03                           ALU_Out[6] (net)
                  0.43    0.00    4.12 ^ ALU_Out[6] (out)
                                  4.12   data arrival time

                  0.00   10.00   10.00   clock __VIRTUAL_CLK__ (rise edge)
                          0.00   10.00   clock network delay (ideal)
                         -0.25    9.75   clock uncertainty
                          0.00    9.75   clock reconvergence pessimism
                         -2.00    7.75   output external delay
                                  7.75   data required time
-----------------------------------------------------------------------------
                                  7.75   data required time
                                 -4.12   data arrival time
-----------------------------------------------------------------------------
                                  3.63   slack (MET)


Startpoint: B[0] (input port clocked by __VIRTUAL_CLK__)
Endpoint: ALU_Out[7] (output port clocked by __VIRTUAL_CLK__)
Path Group: __VIRTUAL_CLK__
Path Type: max

Fanout     Cap    Slew   Delay    Time   Description
-----------------------------------------------------------------------------
                  0.00    0.00    0.00   clock __VIRTUAL_CLK__ (rise edge)
                          0.00    0.00   clock network delay (ideal)
                          2.00    2.00 ^ input external delay
                  0.06    0.04    2.04 ^ B[0] (in)
     4    0.01                           B[0] (net)
                  0.06    0.00    2.04 ^ _122_/B_N (sky130_fd_sc_hd__or2b_2)
                  0.07    0.33    2.37 v _122_/X (sky130_fd_sc_hd__or2b_2)
     3    0.01                           _055_ (net)
                  0.07    0.00    2.37 v _124_/A2 (sky130_fd_sc_hd__a21o_2)
                  0.05    0.24    2.61 v _124_/X (sky130_fd_sc_hd__a21o_2)
     3    0.01                           _057_ (net)
                  0.05    0.00    2.61 v _127_/A3 (sky130_fd_sc_hd__a311o_2)
                  0.08    0.43    3.04 v _127_/X (sky130_fd_sc_hd__a311o_2)
     3    0.01                           _060_ (net)
                  0.08    0.00    3.04 v _129_/A2 (sky130_fd_sc_hd__a21oi_2)
                  0.14    0.19    3.23 ^ _129_/Y (sky130_fd_sc_hd__a21oi_2)
     3    0.01                           _062_ (net)
                  0.14    0.00    3.23 ^ _131_/A2 (sky130_fd_sc_hd__o21a_2)
                  0.07    0.17    3.40 ^ _131_/X (sky130_fd_sc_hd__o21a_2)
     3    0.01                           _064_ (net)
                  0.07    0.00    3.40 ^ _133_/A2 (sky130_fd_sc_hd__o21ai_2)
                  0.08    0.08    3.49 v _133_/Y (sky130_fd_sc_hd__o21ai_2)
     2    0.01                           _066_ (net)
                  0.08    0.00    3.49 v _213_/B (sky130_fd_sc_hd__xor2_2)
                  0.06    0.15    3.64 v _213_/X (sky130_fd_sc_hd__xor2_2)
     1    0.00                           _032_ (net)
                  0.06    0.00    3.64 v _220_/A2 (sky130_fd_sc_hd__a211o_2)
                  0.12    0.45    4.08 v _220_/X (sky130_fd_sc_hd__a211o_2)
     1    0.03                           ALU_Out[7] (net)
                  0.12    0.00    4.08 v ALU_Out[7] (out)
                                  4.08   data arrival time

                  0.00   10.00   10.00   clock __VIRTUAL_CLK__ (rise edge)
                          0.00   10.00   clock network delay (ideal)
                         -0.25    9.75   clock uncertainty
                          0.00    9.75   clock reconvergence pessimism
                         -2.00    7.75   output external delay
                                  7.75   data required time
-----------------------------------------------------------------------------
                                  7.75   data required time
                                 -4.08   data arrival time
-----------------------------------------------------------------------------
                                  3.67   slack (MET)


Startpoint: B[1] (input port clocked by __VIRTUAL_CLK__)
Endpoint: CarryOut (output port clocked by __VIRTUAL_CLK__)
Path Group: __VIRTUAL_CLK__
Path Type: max

Fanout     Cap    Slew   Delay    Time   Description
-----------------------------------------------------------------------------
                  0.00    0.00    0.00   clock __VIRTUAL_CLK__ (rise edge)
                          0.00    0.00   clock network delay (ideal)
                          2.00    2.00 v input external delay
                  0.03    0.02    2.02 v B[1] (in)
     4    0.01                           B[1] (net)
                  0.03    0.00    2.02 v _138_/A (sky130_fd_sc_hd__or2_2)
                  0.06    0.31    2.33 v _138_/X (sky130_fd_sc_hd__or2_2)
     2    0.00                           _071_ (net)
                  0.06    0.00    2.33 v _140_/A3 (sky130_fd_sc_hd__a31o_2)
                  0.06    0.29    2.61 v _140_/X (sky130_fd_sc_hd__a31o_2)
     3    0.01                           _073_ (net)
                  0.06    0.00    2.61 v _143_/A2 (sky130_fd_sc_hd__a211oi_2)
                  0.24    0.29    2.90 ^ _143_/Y (sky130_fd_sc_hd__a211oi_2)
     3    0.01                           _076_ (net)
                  0.24    0.00    2.90 ^ _146_/A3 (sky130_fd_sc_hd__o41a_2)
                  0.07    0.21    3.11 ^ _146_/X (sky130_fd_sc_hd__o41a_2)
     2    0.01                           _079_ (net)
                  0.07    0.00    3.11 ^ _147_/A2 (sky130_fd_sc_hd__a21oi_2)
                  0.05    0.07    3.18 v _147_/Y (sky130_fd_sc_hd__a21oi_2)
     3    0.01                           _080_ (net)
                  0.05    0.00    3.18 v _148_/C1 (sky130_fd_sc_hd__a211o_2)
                  0.05    0.27    3.45 v _148_/X (sky130_fd_sc_hd__a211o_2)
     1    0.00                           _081_ (net)
                  0.05    0.00    3.45 v _150_/B1 (sky130_fd_sc_hd__o211a_2)
                  0.04    0.13    3.58 v _150_/X (sky130_fd_sc_hd__o211a_2)
     1    0.00                           _083_ (net)
                  0.04    0.00    3.58 v _151_/B1 (sky130_fd_sc_hd__a31o_2)
                  0.11    0.30    3.89 v _151_/X (sky130_fd_sc_hd__a31o_2)
     1    0.03                           CarryOut (net)
                  0.11    0.00    3.89 v CarryOut (out)
                                  3.89   data arrival time

                  0.00   10.00   10.00   clock __VIRTUAL_CLK__ (rise edge)
                          0.00   10.00   clock network delay (ideal)
                         -0.25    9.75   clock uncertainty
                          0.00    9.75   clock reconvergence pessimism
                         -2.00    7.75   output external delay
                                  7.75   data required time
-----------------------------------------------------------------------------
                                  7.75   data required time
                                 -3.89   data arrival time
-----------------------------------------------------------------------------
                                  3.86   slack (MET)


Startpoint: B[0] (input port clocked by __VIRTUAL_CLK__)
Endpoint: ALU_Out[4] (output port clocked by __VIRTUAL_CLK__)
Path Group: __VIRTUAL_CLK__
Path Type: max

Fanout     Cap    Slew   Delay    Time   Description
-----------------------------------------------------------------------------
                  0.00    0.00    0.00   clock __VIRTUAL_CLK__ (rise edge)
                          0.00    0.00   clock network delay (ideal)
                          2.00    2.00 ^ input external delay
                  0.06    0.04    2.04 ^ B[0] (in)
     4    0.01                           B[0] (net)
                  0.06    0.00    2.04 ^ _122_/B_N (sky130_fd_sc_hd__or2b_2)
                  0.07    0.33    2.37 v _122_/X (sky130_fd_sc_hd__or2b_2)
     3    0.01                           _055_ (net)
                  0.07    0.00    2.37 v _124_/A2 (sky130_fd_sc_hd__a21o_2)
                  0.05    0.24    2.61 v _124_/X (sky130_fd_sc_hd__a21o_2)
     3    0.01                           _057_ (net)
                  0.05    0.00    2.61 v _127_/A3 (sky130_fd_sc_hd__a311o_2)
                  0.08    0.43    3.04 v _127_/X (sky130_fd_sc_hd__a311o_2)
     3    0.01                           _060_ (net)
                  0.08    0.00    3.04 v _190_/B (sky130_fd_sc_hd__or2_2)
                  0.05    0.29    3.33 v _190_/X (sky130_fd_sc_hd__or2_2)
     1    0.00                           _012_ (net)
                  0.05    0.00    3.33 v _196_/A3 (sky130_fd_sc_hd__a311o_2)
                  0.13    0.51    3.84 v _196_/X (sky130_fd_sc_hd__a311o_2)
     1    0.03                           ALU_Out[4] (net)
                  0.13    0.00    3.84 v ALU_Out[4] (out)
                                  3.84   data arrival time

                  0.00   10.00   10.00   clock __VIRTUAL_CLK__ (rise edge)
                          0.00   10.00   clock network delay (ideal)
                         -0.25    9.75   clock uncertainty
                          0.00    9.75   clock reconvergence pessimism
                         -2.00    7.75   output external delay
                                  7.75   data required time
-----------------------------------------------------------------------------
                                  7.75   data required time
                                 -3.84   data arrival time
-----------------------------------------------------------------------------
                                  3.91   slack (MET)


Startpoint: B[0] (input port clocked by __VIRTUAL_CLK__)
Endpoint: ALU_Out[5] (output port clocked by __VIRTUAL_CLK__)
Path Group: __VIRTUAL_CLK__
Path Type: max

Fanout     Cap    Slew   Delay    Time   Description
-----------------------------------------------------------------------------
                  0.00    0.00    0.00   clock __VIRTUAL_CLK__ (rise edge)
                          0.00    0.00   clock network delay (ideal)
                          2.00    2.00 ^ input external delay
                  0.06    0.04    2.04 ^ B[0] (in)
     4    0.01                           B[0] (net)
                  0.06    0.00    2.04 ^ _122_/B_N (sky130_fd_sc_hd__or2b_2)
                  0.07    0.33    2.37 v _122_/X (sky130_fd_sc_hd__or2b_2)
     3    0.01                           _055_ (net)
                  0.07    0.00    2.37 v _124_/A2 (sky130_fd_sc_hd__a21o_2)
                  0.05    0.24    2.61 v _124_/X (sky130_fd_sc_hd__a21o_2)
     3    0.01                           _057_ (net)
                  0.05    0.00    2.61 v _127_/A3 (sky130_fd_sc_hd__a311o_2)
                  0.08    0.43    3.04 v _127_/X (sky130_fd_sc_hd__a311o_2)
     3    0.01                           _060_ (net)
                  0.08    0.00    3.04 v _129_/A2 (sky130_fd_sc_hd__a21oi_2)
                  0.14    0.19    3.23 ^ _129_/Y (sky130_fd_sc_hd__a21oi_2)
     3    0.01                           _062_ (net)
                  0.14    0.00    3.23 ^ _200_/B (sky130_fd_sc_hd__nand2_2)
                  0.04    0.06    3.29 v _200_/Y (sky130_fd_sc_hd__nand2_2)
     1    0.00                           _021_ (net)
                  0.04    0.00    3.29 v _203_/A3 (sky130_fd_sc_hd__a31o_2)
                  0.04    0.24    3.53 v _203_/X (sky130_fd_sc_hd__a31o_2)
     1    0.00                           _024_ (net)
                  0.04    0.00    3.53 v _204_/B1 (sky130_fd_sc_hd__a31o_2)
                  0.11    0.30    3.84 v _204_/X (sky130_fd_sc_hd__a31o_2)
     1    0.03                           ALU_Out[5] (net)
                  0.11    0.00    3.84 v ALU_Out[5] (out)
                                  3.84   data arrival time

                  0.00   10.00   10.00   clock __VIRTUAL_CLK__ (rise edge)
                          0.00   10.00   clock network delay (ideal)
                         -0.25    9.75   clock uncertainty
                          0.00    9.75   clock reconvergence pessimism
                         -2.00    7.75   output external delay
                                  7.75   data required time
-----------------------------------------------------------------------------
                                  7.75   data required time
                                 -3.84   data arrival time
-----------------------------------------------------------------------------
                                  3.91   slack (MET)


Startpoint: B[0] (input port clocked by __VIRTUAL_CLK__)
Endpoint: ALU_Out[3] (output port clocked by __VIRTUAL_CLK__)
Path Group: __VIRTUAL_CLK__
Path Type: max

Fanout     Cap    Slew   Delay    Time   Description
-----------------------------------------------------------------------------
                  0.00    0.00    0.00   clock __VIRTUAL_CLK__ (rise edge)
                          0.00    0.00   clock network delay (ideal)
                          2.00    2.00 ^ input external delay
                  0.06    0.04    2.04 ^ B[0] (in)
     4    0.01                           B[0] (net)
                  0.06    0.00    2.04 ^ _122_/B_N (sky130_fd_sc_hd__or2b_2)
                  0.07    0.33    2.37 v _122_/X (sky130_fd_sc_hd__or2b_2)
     3    0.01                           _055_ (net)
                  0.07    0.00    2.37 v _124_/A2 (sky130_fd_sc_hd__a21o_2)
                  0.05    0.24    2.61 v _124_/X (sky130_fd_sc_hd__a21o_2)
     3    0.01                           _057_ (net)
                  0.05    0.00    2.61 v _168_/B (sky130_fd_sc_hd__nand2_2)
                  0.07    0.09    2.70 ^ _168_/Y (sky130_fd_sc_hd__nand2_2)
     3    0.01                           _098_ (net)
                  0.07    0.00    2.70 ^ _181_/B (sky130_fd_sc_hd__nor2_2)
                  0.04    0.03    2.73 v _181_/Y (sky130_fd_sc_hd__nor2_2)
     1    0.00                           _004_ (net)
                  0.04    0.00    2.73 v _184_/A (sky130_fd_sc_hd__or4b_2)
                  0.11    0.70    3.43 v _184_/X (sky130_fd_sc_hd__or4b_2)
     1    0.00                           _007_ (net)
                  0.11    0.00    3.43 v _188_/B1 (sky130_fd_sc_hd__o211ai_2)
                  0.43    0.21    3.64 ^ _188_/Y (sky130_fd_sc_hd__o211ai_2)
     1    0.03                           ALU_Out[3] (net)
                  0.43    0.00    3.64 ^ ALU_Out[3] (out)
                                  3.64   data arrival time

                  0.00   10.00   10.00   clock __VIRTUAL_CLK__ (rise edge)
                          0.00   10.00   clock network delay (ideal)
                         -0.25    9.75   clock uncertainty
                          0.00    9.75   clock reconvergence pessimism
                         -2.00    7.75   output external delay
                                  7.75   data required time
-----------------------------------------------------------------------------
                                  7.75   data required time
                                 -3.64   data arrival time
-----------------------------------------------------------------------------
                                  4.11   slack (MET)


Startpoint: B[1] (input port clocked by __VIRTUAL_CLK__)
Endpoint: ALU_Out[2] (output port clocked by __VIRTUAL_CLK__)
Path Group: __VIRTUAL_CLK__
Path Type: max

Fanout     Cap    Slew   Delay    Time   Description
-----------------------------------------------------------------------------
                  0.00    0.00    0.00   clock __VIRTUAL_CLK__ (rise edge)
                          0.00    0.00   clock network delay (ideal)
                          2.00    2.00 v input external delay
                  0.03    0.02    2.02 v B[1] (in)
     4    0.01                           B[1] (net)
                  0.03    0.00    2.02 v _138_/A (sky130_fd_sc_hd__or2_2)
                  0.06    0.31    2.33 v _138_/X (sky130_fd_sc_hd__or2_2)
     2    0.00                           _071_ (net)
                  0.06    0.00    2.33 v _140_/A3 (sky130_fd_sc_hd__a31o_2)
                  0.06    0.29    2.61 v _140_/X (sky130_fd_sc_hd__a31o_2)
     3    0.01                           _073_ (net)
                  0.06    0.00    2.61 v _174_/B2 (sky130_fd_sc_hd__o221a_2)
                  0.04    0.23    2.84 v _174_/X (sky130_fd_sc_hd__o221a_2)
     1    0.00                           _104_ (net)
                  0.04    0.00    2.84 v _175_/C1 (sky130_fd_sc_hd__a221o_2)
                  0.05    0.30    3.14 v _175_/X (sky130_fd_sc_hd__a221o_2)
     1    0.00                           _105_ (net)
                  0.05    0.00    3.14 v _176_/B1 (sky130_fd_sc_hd__a31o_2)
                  0.11    0.31    3.45 v _176_/X (sky130_fd_sc_hd__a31o_2)
     1    0.03                           ALU_Out[2] (net)
                  0.11    0.00    3.45 v ALU_Out[2] (out)
                                  3.45   data arrival time

                  0.00   10.00   10.00   clock __VIRTUAL_CLK__ (rise edge)
                          0.00   10.00   clock network delay (ideal)
                         -0.25    9.75   clock uncertainty
                          0.00    9.75   clock reconvergence pessimism
                         -2.00    7.75   output external delay
                                  7.75   data required time
-----------------------------------------------------------------------------
                                  7.75   data required time
                                 -3.45   data arrival time
-----------------------------------------------------------------------------
                                  4.30   slack (MET)


Startpoint: opcode[2] (input port clocked by __VIRTUAL_CLK__)
Endpoint: ALU_Out[1] (output port clocked by __VIRTUAL_CLK__)
Path Group: __VIRTUAL_CLK__
Path Type: max

Fanout     Cap    Slew   Delay    Time   Description
-----------------------------------------------------------------------------
                  0.00    0.00    0.00   clock __VIRTUAL_CLK__ (rise edge)
                          0.00    0.00   clock network delay (ideal)
                          2.00    2.00 ^ input external delay
                  0.08    0.06    2.06 ^ opcode[2] (in)
     6    0.02                           opcode[2] (net)
                  0.08    0.00    2.06 ^ _152_/A_N (sky130_fd_sc_hd__and2b_2)
                  0.05    0.25    2.30 v _152_/X (sky130_fd_sc_hd__and2b_2)
     4    0.01                           _084_ (net)
                  0.05    0.00    2.30 v _158_/B (sky130_fd_sc_hd__and2b_2)
                  0.06    0.24    2.54 v _158_/X (sky130_fd_sc_hd__and2b_2)
     7    0.01                           _089_ (net)
                  0.06    0.00    2.54 v _162_/A2 (sky130_fd_sc_hd__a211o_2)
                  0.05    0.34    2.88 v _162_/X (sky130_fd_sc_hd__a211o_2)
     1    0.00                           _093_ (net)
                  0.05    0.00    2.88 v _167_/A2 (sky130_fd_sc_hd__a221o_2)
                  0.13    0.50    3.38 v _167_/X (sky130_fd_sc_hd__a221o_2)
     1    0.03                           ALU_Out[1] (net)
                  0.13    0.00    3.38 v ALU_Out[1] (out)
                                  3.38   data arrival time

                  0.00   10.00   10.00   clock __VIRTUAL_CLK__ (rise edge)
                          0.00   10.00   clock network delay (ideal)
                         -0.25    9.75   clock uncertainty
                          0.00    9.75   clock reconvergence pessimism
                         -2.00    7.75   output external delay
                                  7.75   data required time
-----------------------------------------------------------------------------
                                  7.75   data required time
                                 -3.38   data arrival time
-----------------------------------------------------------------------------
                                  4.37   slack (MET)


Startpoint: opcode[0] (input port clocked by __VIRTUAL_CLK__)
Endpoint: ALU_Out[0] (output port clocked by __VIRTUAL_CLK__)
Path Group: __VIRTUAL_CLK__
Path Type: max

Fanout     Cap    Slew   Delay    Time   Description
-----------------------------------------------------------------------------
                  0.00    0.00    0.00   clock __VIRTUAL_CLK__ (rise edge)
                          0.00    0.00   clock network delay (ideal)
                          2.00    2.00 ^ input external delay
                  0.10    0.07    2.07 ^ opcode[0] (in)
     8    0.02                           opcode[0] (net)
                  0.10    0.00    2.07 ^ _153_/S (sky130_fd_sc_hd__mux2_2)
                  0.04    0.34    2.41 v _153_/X (sky130_fd_sc_hd__mux2_2)
     1    0.00                           _085_ (net)
                  0.04    0.00    2.41 v _154_/B1_N (sky130_fd_sc_hd__o21ba_2)
                  0.03    0.22    2.63 ^ _154_/X (sky130_fd_sc_hd__o21ba_2)
     1    0.00                           _086_ (net)
                  0.03    0.00    2.63 ^ _156_/A1 (sky130_fd_sc_hd__mux2_2)
                  0.04    0.13    2.77 ^ _156_/X (sky130_fd_sc_hd__mux2_2)
     1    0.00                           _088_ (net)
                  0.04    0.00    2.77 ^ _157_/A (sky130_fd_sc_hd__buf_1)
                  0.40    0.34    3.10 ^ _157_/X (sky130_fd_sc_hd__buf_1)
     1    0.03                           ALU_Out[0] (net)
                  0.40    0.00    3.10 ^ ALU_Out[0] (out)
                                  3.10   data arrival time

                  0.00   10.00   10.00   clock __VIRTUAL_CLK__ (rise edge)
                          0.00   10.00   clock network delay (ideal)
                         -0.25    9.75   clock uncertainty
                          0.00    9.75   clock reconvergence pessimism
                         -2.00    7.75   output external delay
                                  7.75   data required time
-----------------------------------------------------------------------------
                                  7.75   data required time
                                 -3.10   data arrival time
-----------------------------------------------------------------------------
                                  4.65   slack (MET)



