
===========================================================================
report_checks -path_delay max (Setup)
============================================================================
======================= Typical Corner ===================================

Startpoint: B[0] (input port clocked by __VIRTUAL_CLK__)
Endpoint: ALU_Out[6] (output port clocked by __VIRTUAL_CLK__)
Path Group: __VIRTUAL_CLK__
Path Type: max

Fanout     Cap    Slew   Delay    Time   Description
-----------------------------------------------------------------------------
                  0.00    0.00    0.00   clock __VIRTUAL_CLK__ (rise edge)
                          0.00    0.00   clock network delay (ideal)
                          2.00    2.00 ^ input external delay
                  0.07    0.05    2.05 ^ B[0] (in)
     4    0.01                           B[0] (net)
                  0.07    0.00    2.05 ^ _122_/B_N (sky130_fd_sc_hd__or2b_2)
                  0.07    0.34    2.39 v _122_/X (sky130_fd_sc_hd__or2b_2)
     3    0.01                           _055_ (net)
                  0.07    0.00    2.39 v _124_/A2 (sky130_fd_sc_hd__a21o_2)
                  0.05    0.25    2.63 v _124_/X (sky130_fd_sc_hd__a21o_2)
     3    0.01                           _057_ (net)
                  0.05    0.00    2.63 v _127_/A3 (sky130_fd_sc_hd__a311o_2)
                  0.08    0.44    3.07 v _127_/X (sky130_fd_sc_hd__a311o_2)
     3    0.01                           _060_ (net)
                  0.08    0.00    3.07 v _129_/A2 (sky130_fd_sc_hd__a21oi_2)
                  0.15    0.20    3.27 ^ _129_/Y (sky130_fd_sc_hd__a21oi_2)
     3    0.01                           _062_ (net)
                  0.15    0.00    3.27 ^ _131_/A2 (sky130_fd_sc_hd__o21a_2)
                  0.08    0.18    3.45 ^ _131_/X (sky130_fd_sc_hd__o21a_2)
     3    0.01                           _064_ (net)
                  0.08    0.00    3.45 ^ _207_/B (sky130_fd_sc_hd__nor2_2)
                  0.05    0.03    3.49 v _207_/Y (sky130_fd_sc_hd__nor2_2)
     1    0.00                           _027_ (net)
                  0.05    0.00    3.49 v _209_/A (sky130_fd_sc_hd__or3b_2)
                  0.08    0.49    3.98 v _209_/X (sky130_fd_sc_hd__or3b_2)
     1    0.00                           _029_ (net)
                  0.08    0.00    3.98 v _212_/B1 (sky130_fd_sc_hd__o211ai_2)
                  0.43    0.20    4.18 ^ _212_/Y (sky130_fd_sc_hd__o211ai_2)
     1    0.03                           ALU_Out[6] (net)
                  0.43    0.00    4.18 ^ ALU_Out[6] (out)
                                  4.18   data arrival time

                  0.00   10.00   10.00   clock __VIRTUAL_CLK__ (rise edge)
                          0.00   10.00   clock network delay (ideal)
                         -0.25    9.75   clock uncertainty
                          0.00    9.75   clock reconvergence pessimism
                         -2.00    7.75   output external delay
                                  7.75   data required time
-----------------------------------------------------------------------------
                                  7.75   data required time
                                 -4.18   data arrival time
-----------------------------------------------------------------------------
                                  3.57   slack (MET)


Startpoint: B[0] (input port clocked by __VIRTUAL_CLK__)
Endpoint: ALU_Out[7] (output port clocked by __VIRTUAL_CLK__)
Path Group: __VIRTUAL_CLK__
Path Type: max

Fanout     Cap    Slew   Delay    Time   Description
-----------------------------------------------------------------------------
                  0.00    0.00    0.00   clock __VIRTUAL_CLK__ (rise edge)
                          0.00    0.00   clock network delay (ideal)
                          2.00    2.00 ^ input external delay
                  0.07    0.05    2.05 ^ B[0] (in)
     4    0.01                           B[0] (net)
                  0.07    0.00    2.05 ^ _122_/B_N (sky130_fd_sc_hd__or2b_2)
                  0.07    0.34    2.39 v _122_/X (sky130_fd_sc_hd__or2b_2)
     3    0.01                           _055_ (net)
                  0.07    0.00    2.39 v _124_/A2 (sky130_fd_sc_hd__a21o_2)
                  0.05    0.25    2.63 v _124_/X (sky130_fd_sc_hd__a21o_2)
     3    0.01                           _057_ (net)
                  0.05    0.00    2.63 v _127_/A3 (sky130_fd_sc_hd__a311o_2)
                  0.08    0.44    3.07 v _127_/X (sky130_fd_sc_hd__a311o_2)
     3    0.01                           _060_ (net)
                  0.08    0.00    3.07 v _129_/A2 (sky130_fd_sc_hd__a21oi_2)
                  0.15    0.20    3.27 ^ _129_/Y (sky130_fd_sc_hd__a21oi_2)
     3    0.01                           _062_ (net)
                  0.15    0.00    3.27 ^ _131_/A2 (sky130_fd_sc_hd__o21a_2)
                  0.08    0.18    3.45 ^ _131_/X (sky130_fd_sc_hd__o21a_2)
     3    0.01                           _064_ (net)
                  0.08    0.00    3.45 ^ _133_/A2 (sky130_fd_sc_hd__o21ai_2)
                  0.08    0.09    3.54 v _133_/Y (sky130_fd_sc_hd__o21ai_2)
     2    0.01                           _066_ (net)
                  0.08    0.00    3.54 v _213_/B (sky130_fd_sc_hd__xor2_2)
                  0.06    0.15    3.69 v _213_/X (sky130_fd_sc_hd__xor2_2)
     1    0.00                           _032_ (net)
                  0.06    0.00    3.69 v _220_/A2 (sky130_fd_sc_hd__a211o_2)
                  0.13    0.45    4.14 v _220_/X (sky130_fd_sc_hd__a211o_2)
     1    0.03                           ALU_Out[7] (net)
                  0.13    0.00    4.15 v ALU_Out[7] (out)
                                  4.15   data arrival time

                  0.00   10.00   10.00   clock __VIRTUAL_CLK__ (rise edge)
                          0.00   10.00   clock network delay (ideal)
                         -0.25    9.75   clock uncertainty
                          0.00    9.75   clock reconvergence pessimism
                         -2.00    7.75   output external delay
                                  7.75   data required time
-----------------------------------------------------------------------------
                                  7.75   data required time
                                 -4.15   data arrival time
-----------------------------------------------------------------------------
                                  3.60   slack (MET)


Startpoint: B[1] (input port clocked by __VIRTUAL_CLK__)
Endpoint: CarryOut (output port clocked by __VIRTUAL_CLK__)
Path Group: __VIRTUAL_CLK__
Path Type: max

Fanout     Cap    Slew   Delay    Time   Description
-----------------------------------------------------------------------------
                  0.00    0.00    0.00   clock __VIRTUAL_CLK__ (rise edge)
                          0.00    0.00   clock network delay (ideal)
                          2.00    2.00 v input external delay
                  0.04    0.03    2.03 v B[1] (in)
     4    0.02                           B[1] (net)
                  0.04    0.00    2.03 v _138_/A (sky130_fd_sc_hd__or2_2)
                  0.06    0.31    2.34 v _138_/X (sky130_fd_sc_hd__or2_2)
     2    0.01                           _071_ (net)
                  0.06    0.00    2.34 v _140_/A3 (sky130_fd_sc_hd__a31o_2)
                  0.06    0.29    2.63 v _140_/X (sky130_fd_sc_hd__a31o_2)
     3    0.01                           _073_ (net)
                  0.06    0.00    2.63 v _143_/A2 (sky130_fd_sc_hd__a211oi_2)
                  0.25    0.30    2.93 ^ _143_/Y (sky130_fd_sc_hd__a211oi_2)
     3    0.01                           _076_ (net)
                  0.25    0.00    2.93 ^ _146_/A3 (sky130_fd_sc_hd__o41a_2)
                  0.07    0.22    3.15 ^ _146_/X (sky130_fd_sc_hd__o41a_2)
     2    0.01                           _079_ (net)
                  0.07    0.00    3.15 ^ _147_/A2 (sky130_fd_sc_hd__a21oi_2)
                  0.05    0.07    3.23 v _147_/Y (sky130_fd_sc_hd__a21oi_2)
     3    0.01                           _080_ (net)
                  0.05    0.00    3.23 v _148_/C1 (sky130_fd_sc_hd__a211o_2)
                  0.05    0.27    3.50 v _148_/X (sky130_fd_sc_hd__a211o_2)
     1    0.00                           _081_ (net)
                  0.05    0.00    3.50 v _150_/B1 (sky130_fd_sc_hd__o211a_2)
                  0.04    0.13    3.63 v _150_/X (sky130_fd_sc_hd__o211a_2)
     1    0.00                           _083_ (net)
                  0.04    0.00    3.63 v _151_/B1 (sky130_fd_sc_hd__a31o_2)
                  0.11    0.31    3.94 v _151_/X (sky130_fd_sc_hd__a31o_2)
     1    0.04                           CarryOut (net)
                  0.11    0.00    3.95 v CarryOut (out)
                                  3.95   data arrival time

                  0.00   10.00   10.00   clock __VIRTUAL_CLK__ (rise edge)
                          0.00   10.00   clock network delay (ideal)
                         -0.25    9.75   clock uncertainty
                          0.00    9.75   clock reconvergence pessimism
                         -2.00    7.75   output external delay
                                  7.75   data required time
-----------------------------------------------------------------------------
                                  7.75   data required time
                                 -3.95   data arrival time
-----------------------------------------------------------------------------
                                  3.80   slack (MET)


Startpoint: B[0] (input port clocked by __VIRTUAL_CLK__)
Endpoint: ALU_Out[5] (output port clocked by __VIRTUAL_CLK__)
Path Group: __VIRTUAL_CLK__
Path Type: max

Fanout     Cap    Slew   Delay    Time   Description
-----------------------------------------------------------------------------
                  0.00    0.00    0.00   clock __VIRTUAL_CLK__ (rise edge)
                          0.00    0.00   clock network delay (ideal)
                          2.00    2.00 ^ input external delay
                  0.07    0.05    2.05 ^ B[0] (in)
     4    0.01                           B[0] (net)
                  0.07    0.00    2.05 ^ _122_/B_N (sky130_fd_sc_hd__or2b_2)
                  0.07    0.34    2.39 v _122_/X (sky130_fd_sc_hd__or2b_2)
     3    0.01                           _055_ (net)
                  0.07    0.00    2.39 v _124_/A2 (sky130_fd_sc_hd__a21o_2)
                  0.05    0.25    2.63 v _124_/X (sky130_fd_sc_hd__a21o_2)
     3    0.01                           _057_ (net)
                  0.05    0.00    2.63 v _127_/A3 (sky130_fd_sc_hd__a311o_2)
                  0.08    0.44    3.07 v _127_/X (sky130_fd_sc_hd__a311o_2)
     3    0.01                           _060_ (net)
                  0.08    0.00    3.07 v _129_/A2 (sky130_fd_sc_hd__a21oi_2)
                  0.15    0.20    3.27 ^ _129_/Y (sky130_fd_sc_hd__a21oi_2)
     3    0.01                           _062_ (net)
                  0.15    0.00    3.27 ^ _200_/B (sky130_fd_sc_hd__nand2_2)
                  0.04    0.06    3.33 v _200_/Y (sky130_fd_sc_hd__nand2_2)
     1    0.00                           _021_ (net)
                  0.04    0.00    3.33 v _203_/A3 (sky130_fd_sc_hd__a31o_2)
                  0.04    0.24    3.58 v _203_/X (sky130_fd_sc_hd__a31o_2)
     1    0.00                           _024_ (net)
                  0.04    0.00    3.58 v _204_/B1 (sky130_fd_sc_hd__a31o_2)
                  0.11    0.31    3.88 v _204_/X (sky130_fd_sc_hd__a31o_2)
     1    0.03                           ALU_Out[5] (net)
                  0.11    0.00    3.88 v ALU_Out[5] (out)
                                  3.88   data arrival time

                  0.00   10.00   10.00   clock __VIRTUAL_CLK__ (rise edge)
                          0.00   10.00   clock network delay (ideal)
                         -0.25    9.75   clock uncertainty
                          0.00    9.75   clock reconvergence pessimism
                         -2.00    7.75   output external delay
                                  7.75   data required time
-----------------------------------------------------------------------------
                                  7.75   data required time
                                 -3.88   data arrival time
-----------------------------------------------------------------------------
                                  3.87   slack (MET)


Startpoint: B[0] (input port clocked by __VIRTUAL_CLK__)
Endpoint: ALU_Out[4] (output port clocked by __VIRTUAL_CLK__)
Path Group: __VIRTUAL_CLK__
Path Type: max

Fanout     Cap    Slew   Delay    Time   Description
-----------------------------------------------------------------------------
                  0.00    0.00    0.00   clock __VIRTUAL_CLK__ (rise edge)
                          0.00    0.00   clock network delay (ideal)
                          2.00    2.00 ^ input external delay
                  0.07    0.05    2.05 ^ B[0] (in)
     4    0.01                           B[0] (net)
                  0.07    0.00    2.05 ^ _122_/B_N (sky130_fd_sc_hd__or2b_2)
                  0.07    0.34    2.39 v _122_/X (sky130_fd_sc_hd__or2b_2)
     3    0.01                           _055_ (net)
                  0.07    0.00    2.39 v _124_/A2 (sky130_fd_sc_hd__a21o_2)
                  0.05    0.25    2.63 v _124_/X (sky130_fd_sc_hd__a21o_2)
     3    0.01                           _057_ (net)
                  0.05    0.00    2.63 v _127_/A3 (sky130_fd_sc_hd__a311o_2)
                  0.08    0.44    3.07 v _127_/X (sky130_fd_sc_hd__a311o_2)
     3    0.01                           _060_ (net)
                  0.08    0.00    3.07 v _190_/B (sky130_fd_sc_hd__or2_2)
                  0.05    0.29    3.36 v _190_/X (sky130_fd_sc_hd__or2_2)
     1    0.00                           _012_ (net)
                  0.05    0.00    3.36 v _196_/A3 (sky130_fd_sc_hd__a311o_2)
                  0.13    0.51    3.88 v _196_/X (sky130_fd_sc_hd__a311o_2)
     1    0.04                           ALU_Out[4] (net)
                  0.13    0.00    3.88 v ALU_Out[4] (out)
                                  3.88   data arrival time

                  0.00   10.00   10.00   clock __VIRTUAL_CLK__ (rise edge)
                          0.00   10.00   clock network delay (ideal)
                         -0.25    9.75   clock uncertainty
                          0.00    9.75   clock reconvergence pessimism
                         -2.00    7.75   output external delay
                                  7.75   data required time
-----------------------------------------------------------------------------
                                  7.75   data required time
                                 -3.88   data arrival time
-----------------------------------------------------------------------------
                                  3.87   slack (MET)


Startpoint: B[0] (input port clocked by __VIRTUAL_CLK__)
Endpoint: ALU_Out[3] (output port clocked by __VIRTUAL_CLK__)
Path Group: __VIRTUAL_CLK__
Path Type: max

Fanout     Cap    Slew   Delay    Time   Description
-----------------------------------------------------------------------------
                  0.00    0.00    0.00   clock __VIRTUAL_CLK__ (rise edge)
                          0.00    0.00   clock network delay (ideal)
                          2.00    2.00 ^ input external delay
                  0.07    0.05    2.05 ^ B[0] (in)
     4    0.01                           B[0] (net)
                  0.07    0.00    2.05 ^ _122_/B_N (sky130_fd_sc_hd__or2b_2)
                  0.07    0.34    2.39 v _122_/X (sky130_fd_sc_hd__or2b_2)
     3    0.01                           _055_ (net)
                  0.07    0.00    2.39 v _124_/A2 (sky130_fd_sc_hd__a21o_2)
                  0.05    0.25    2.63 v _124_/X (sky130_fd_sc_hd__a21o_2)
     3    0.01                           _057_ (net)
                  0.05    0.00    2.63 v _168_/B (sky130_fd_sc_hd__nand2_2)
                  0.07    0.09    2.72 ^ _168_/Y (sky130_fd_sc_hd__nand2_2)
     3    0.01                           _098_ (net)
                  0.07    0.00    2.72 ^ _181_/B (sky130_fd_sc_hd__nor2_2)
                  0.04    0.03    2.75 v _181_/Y (sky130_fd_sc_hd__nor2_2)
     1    0.00                           _004_ (net)
                  0.04    0.00    2.75 v _184_/A (sky130_fd_sc_hd__or4b_2)
                  0.11    0.71    3.46 v _184_/X (sky130_fd_sc_hd__or4b_2)
     1    0.00                           _007_ (net)
                  0.11    0.00    3.46 v _188_/B1 (sky130_fd_sc_hd__o211ai_2)
                  0.43    0.22    3.67 ^ _188_/Y (sky130_fd_sc_hd__o211ai_2)
     1    0.03                           ALU_Out[3] (net)
                  0.43    0.00    3.67 ^ ALU_Out[3] (out)
                                  3.67   data arrival time

                  0.00   10.00   10.00   clock __VIRTUAL_CLK__ (rise edge)
                          0.00   10.00   clock network delay (ideal)
                         -0.25    9.75   clock uncertainty
                          0.00    9.75   clock reconvergence pessimism
                         -2.00    7.75   output external delay
                                  7.75   data required time
-----------------------------------------------------------------------------
                                  7.75   data required time
                                 -3.67   data arrival time
-----------------------------------------------------------------------------
                                  4.08   slack (MET)


Startpoint: B[1] (input port clocked by __VIRTUAL_CLK__)
Endpoint: ALU_Out[2] (output port clocked by __VIRTUAL_CLK__)
Path Group: __VIRTUAL_CLK__
Path Type: max

Fanout     Cap    Slew   Delay    Time   Description
-----------------------------------------------------------------------------
                  0.00    0.00    0.00   clock __VIRTUAL_CLK__ (rise edge)
                          0.00    0.00   clock network delay (ideal)
                          2.00    2.00 v input external delay
                  0.04    0.03    2.03 v B[1] (in)
     4    0.02                           B[1] (net)
                  0.04    0.00    2.03 v _138_/A (sky130_fd_sc_hd__or2_2)
                  0.06    0.31    2.34 v _138_/X (sky130_fd_sc_hd__or2_2)
     2    0.01                           _071_ (net)
                  0.06    0.00    2.34 v _140_/A3 (sky130_fd_sc_hd__a31o_2)
                  0.06    0.29    2.63 v _140_/X (sky130_fd_sc_hd__a31o_2)
     3    0.01                           _073_ (net)
                  0.06    0.00    2.63 v _174_/B2 (sky130_fd_sc_hd__o221a_2)
                  0.04    0.23    2.86 v _174_/X (sky130_fd_sc_hd__o221a_2)
     1    0.00                           _104_ (net)
                  0.04    0.00    2.86 v _175_/C1 (sky130_fd_sc_hd__a221o_2)
                  0.05    0.30    3.17 v _175_/X (sky130_fd_sc_hd__a221o_2)
     1    0.00                           _105_ (net)
                  0.05    0.00    3.17 v _176_/B1 (sky130_fd_sc_hd__a31o_2)
                  0.11    0.31    3.48 v _176_/X (sky130_fd_sc_hd__a31o_2)
     1    0.04                           ALU_Out[2] (net)
                  0.11    0.00    3.48 v ALU_Out[2] (out)
                                  3.48   data arrival time

                  0.00   10.00   10.00   clock __VIRTUAL_CLK__ (rise edge)
                          0.00   10.00   clock network delay (ideal)
                         -0.25    9.75   clock uncertainty
                          0.00    9.75   clock reconvergence pessimism
                         -2.00    7.75   output external delay
                                  7.75   data required time
-----------------------------------------------------------------------------
                                  7.75   data required time
                                 -3.48   data arrival time
-----------------------------------------------------------------------------
                                  4.27   slack (MET)


Startpoint: opcode[2] (input port clocked by __VIRTUAL_CLK__)
Endpoint: ALU_Out[1] (output port clocked by __VIRTUAL_CLK__)
Path Group: __VIRTUAL_CLK__
Path Type: max

Fanout     Cap    Slew   Delay    Time   Description
-----------------------------------------------------------------------------
                  0.00    0.00    0.00   clock __VIRTUAL_CLK__ (rise edge)
                          0.00    0.00   clock network delay (ideal)
                          2.00    2.00 ^ input external delay
                  0.10    0.07    2.07 ^ opcode[2] (in)
     6    0.02                           opcode[2] (net)
                  0.10    0.00    2.07 ^ _152_/A_N (sky130_fd_sc_hd__and2b_2)
                  0.05    0.26    2.33 v _152_/X (sky130_fd_sc_hd__and2b_2)
     4    0.01                           _084_ (net)
                  0.05    0.00    2.33 v _158_/B (sky130_fd_sc_hd__and2b_2)
                  0.07    0.25    2.58 v _158_/X (sky130_fd_sc_hd__and2b_2)
     7    0.02                           _089_ (net)
                  0.07    0.00    2.58 v _162_/A2 (sky130_fd_sc_hd__a211o_2)
                  0.05    0.35    2.92 v _162_/X (sky130_fd_sc_hd__a211o_2)
     1    0.00                           _093_ (net)
                  0.05    0.00    2.92 v _167_/A2 (sky130_fd_sc_hd__a221o_2)
                  0.14    0.51    3.44 v _167_/X (sky130_fd_sc_hd__a221o_2)
     1    0.04                           ALU_Out[1] (net)
                  0.14    0.00    3.44 v ALU_Out[1] (out)
                                  3.44   data arrival time

                  0.00   10.00   10.00   clock __VIRTUAL_CLK__ (rise edge)
                          0.00   10.00   clock network delay (ideal)
                         -0.25    9.75   clock uncertainty
                          0.00    9.75   clock reconvergence pessimism
                         -2.00    7.75   output external delay
                                  7.75   data required time
-----------------------------------------------------------------------------
                                  7.75   data required time
                                 -3.44   data arrival time
-----------------------------------------------------------------------------
                                  4.31   slack (MET)


Startpoint: opcode[0] (input port clocked by __VIRTUAL_CLK__)
Endpoint: ALU_Out[0] (output port clocked by __VIRTUAL_CLK__)
Path Group: __VIRTUAL_CLK__
Path Type: max

Fanout     Cap    Slew   Delay    Time   Description
-----------------------------------------------------------------------------
                  0.00    0.00    0.00   clock __VIRTUAL_CLK__ (rise edge)
                          0.00    0.00   clock network delay (ideal)
                          2.00    2.00 ^ input external delay
                  0.11    0.08    2.08 ^ opcode[0] (in)
     8    0.02                           opcode[0] (net)
                  0.11    0.00    2.08 ^ _153_/S (sky130_fd_sc_hd__mux2_2)
                  0.05    0.35    2.43 v _153_/X (sky130_fd_sc_hd__mux2_2)
     1    0.00                           _085_ (net)
                  0.05    0.00    2.43 v _154_/B1_N (sky130_fd_sc_hd__o21ba_2)
                  0.03    0.23    2.66 ^ _154_/X (sky130_fd_sc_hd__o21ba_2)
     1    0.00                           _086_ (net)
                  0.03    0.00    2.66 ^ _156_/A1 (sky130_fd_sc_hd__mux2_2)
                  0.04    0.13    2.79 ^ _156_/X (sky130_fd_sc_hd__mux2_2)
     1    0.00                           _088_ (net)
                  0.04    0.00    2.79 ^ _157_/A (sky130_fd_sc_hd__buf_1)
                  0.40    0.35    3.13 ^ _157_/X (sky130_fd_sc_hd__buf_1)
     1    0.03                           ALU_Out[0] (net)
                  0.40    0.00    3.13 ^ ALU_Out[0] (out)
                                  3.13   data arrival time

                  0.00   10.00   10.00   clock __VIRTUAL_CLK__ (rise edge)
                          0.00   10.00   clock network delay (ideal)
                         -0.25    9.75   clock uncertainty
                          0.00    9.75   clock reconvergence pessimism
                         -2.00    7.75   output external delay
                                  7.75   data required time
-----------------------------------------------------------------------------
                                  7.75   data required time
                                 -3.13   data arrival time
-----------------------------------------------------------------------------
                                  4.62   slack (MET)



