
===========================================================================
report_checks -path_delay min (Hold)
============================================================================
======================= Fastest Corner ===================================

Startpoint: B[7] (input port clocked by __VIRTUAL_CLK__)
Endpoint: ALU_Out[7] (output port clocked by __VIRTUAL_CLK__)
Path Group: __VIRTUAL_CLK__
Path Type: min
Corner: Fastest

Fanout     Cap    Slew   Delay    Time   Description
-----------------------------------------------------------------------------
                  0.00    0.00    0.00   clock __VIRTUAL_CLK__ (rise edge)
                          0.00    0.00   clock network delay (ideal)
                          2.00    2.00 ^ input external delay
                  0.01    0.01    2.01 ^ B[7] (in)
     1    0.00                           B[7] (net)
                  0.01    0.00    2.01 ^ input16/A (sky130_fd_sc_hd__buf_2)
                  0.11    0.11    2.12 ^ input16/X (sky130_fd_sc_hd__buf_2)
     7    0.03                           net16 (net)
                  0.11    0.00    2.12 ^ _216_/A1 (sky130_fd_sc_hd__a31o_1)
                  0.04    0.09    2.21 ^ _216_/X (sky130_fd_sc_hd__a31o_1)
     1    0.00                           _035_ (net)
                  0.04    0.00    2.21 ^ _220_/B1 (sky130_fd_sc_hd__a211o_1)
                  0.03    0.06    2.26 ^ _220_/X (sky130_fd_sc_hd__a211o_1)
     1    0.00                           net27 (net)
                  0.03    0.00    2.26 ^ output27/A (sky130_fd_sc_hd__clkbuf_4)
                  0.08    0.12    2.38 ^ output27/X (sky130_fd_sc_hd__clkbuf_4)
     1    0.03                           ALU_Out[7] (net)
                  0.08    0.00    2.38 ^ ALU_Out[7] (out)
                                  2.38   data arrival time

                  0.00    0.00    0.00   clock __VIRTUAL_CLK__ (rise edge)
                          0.00    0.00   clock network delay (ideal)
                          0.25    0.25   clock uncertainty
                          0.00    0.25   clock reconvergence pessimism
                         -2.00   -1.75   output external delay
                                 -1.75   data required time
-----------------------------------------------------------------------------
                                 -1.75   data required time
                                 -2.38   data arrival time
-----------------------------------------------------------------------------
                                  4.13   slack (MET)


Startpoint: A[2] (input port clocked by __VIRTUAL_CLK__)
Endpoint: ALU_Out[3] (output port clocked by __VIRTUAL_CLK__)
Path Group: __VIRTUAL_CLK__
Path Type: min
Corner: Fastest

Fanout     Cap    Slew   Delay    Time   Description
-----------------------------------------------------------------------------
                  0.00    0.00    0.00   clock __VIRTUAL_CLK__ (rise edge)
                          0.00    0.00   clock network delay (ideal)
                          2.00    2.00 v input external delay
                  0.01    0.00    2.00 v A[2] (in)
     1    0.00                           A[2] (net)
                  0.01    0.00    2.00 v input3/A (sky130_fd_sc_hd__clkbuf_2)
                  0.06    0.08    2.09 v input3/X (sky130_fd_sc_hd__clkbuf_2)
     5    0.02                           net3 (net)
                  0.06    0.00    2.09 v _182_/A (sky130_fd_sc_hd__inv_2)
                  0.02    0.04    2.12 ^ _182_/Y (sky130_fd_sc_hd__inv_2)
     1    0.00                           _005_ (net)
                  0.02    0.00    2.12 ^ _183_/A2 (sky130_fd_sc_hd__o211a_1)
                  0.02    0.07    2.19 ^ _183_/X (sky130_fd_sc_hd__o211a_1)
     1    0.00                           _006_ (net)
                  0.02    0.00    2.19 ^ _184_/C (sky130_fd_sc_hd__or4b_1)
                  0.03    0.06    2.25 ^ _184_/X (sky130_fd_sc_hd__or4b_1)
     1    0.00                           _007_ (net)
                  0.03    0.00    2.25 ^ _188_/B1 (sky130_fd_sc_hd__o211ai_1)
                  0.02    0.03    2.28 v _188_/Y (sky130_fd_sc_hd__o211ai_1)
     1    0.00                           net23 (net)
                  0.02    0.00    2.28 v output23/A (sky130_fd_sc_hd__clkbuf_4)
                  0.06    0.11    2.39 v output23/X (sky130_fd_sc_hd__clkbuf_4)
     1    0.03                           ALU_Out[3] (net)
                  0.06    0.00    2.39 v ALU_Out[3] (out)
                                  2.39   data arrival time

                  0.00    0.00    0.00   clock __VIRTUAL_CLK__ (rise edge)
                          0.00    0.00   clock network delay (ideal)
                          0.25    0.25   clock uncertainty
                          0.00    0.25   clock reconvergence pessimism
                         -2.00   -1.75   output external delay
                                 -1.75   data required time
-----------------------------------------------------------------------------
                                 -1.75   data required time
                                 -2.39   data arrival time
-----------------------------------------------------------------------------
                                  4.14   slack (MET)


Startpoint: opcode[0] (input port clocked by __VIRTUAL_CLK__)
Endpoint: ALU_Out[5] (output port clocked by __VIRTUAL_CLK__)
Path Group: __VIRTUAL_CLK__
Path Type: min
Corner: Fastest

Fanout     Cap    Slew   Delay    Time   Description
-----------------------------------------------------------------------------
                  0.00    0.00    0.00   clock __VIRTUAL_CLK__ (rise edge)
                          0.00    0.00   clock network delay (ideal)
                          2.00    2.00 ^ input external delay
                  0.01    0.01    2.01 ^ opcode[0] (in)
     1    0.00                           opcode[0] (net)
                  0.01    0.00    2.01 ^ input17/A (sky130_fd_sc_hd__clkbuf_2)
                  0.11    0.11    2.12 ^ input17/X (sky130_fd_sc_hd__clkbuf_2)
     8    0.03                           net17 (net)
                  0.11    0.00    2.12 ^ _149_/C (sky130_fd_sc_hd__nor3_2)
                  0.05    0.06    2.18 v _149_/Y (sky130_fd_sc_hd__nor3_2)
     5    0.02                           _082_ (net)
                  0.05    0.00    2.18 v _204_/A1 (sky130_fd_sc_hd__a31o_1)
                  0.02    0.11    2.29 v _204_/X (sky130_fd_sc_hd__a31o_1)
     1    0.00                           net25 (net)
                  0.02    0.00    2.29 v output25/A (sky130_fd_sc_hd__clkbuf_4)
                  0.06    0.11    2.40 v output25/X (sky130_fd_sc_hd__clkbuf_4)
     1    0.03                           ALU_Out[5] (net)
                  0.06    0.00    2.40 v ALU_Out[5] (out)
                                  2.40   data arrival time

                  0.00    0.00    0.00   clock __VIRTUAL_CLK__ (rise edge)
                          0.00    0.00   clock network delay (ideal)
                          0.25    0.25   clock uncertainty
                          0.00    0.25   clock reconvergence pessimism
                         -2.00   -1.75   output external delay
                                 -1.75   data required time
-----------------------------------------------------------------------------
                                 -1.75   data required time
                                 -2.40   data arrival time
-----------------------------------------------------------------------------
                                  4.15   slack (MET)


Startpoint: opcode[0] (input port clocked by __VIRTUAL_CLK__)
Endpoint: ALU_Out[6] (output port clocked by __VIRTUAL_CLK__)
Path Group: __VIRTUAL_CLK__
Path Type: min
Corner: Fastest

Fanout     Cap    Slew   Delay    Time   Description
-----------------------------------------------------------------------------
                  0.00    0.00    0.00   clock __VIRTUAL_CLK__ (rise edge)
                          0.00    0.00   clock network delay (ideal)
                          2.00    2.00 ^ input external delay
                  0.01    0.01    2.01 ^ opcode[0] (in)
     1    0.00                           opcode[0] (net)
                  0.01    0.00    2.01 ^ input17/A (sky130_fd_sc_hd__clkbuf_2)
                  0.11    0.11    2.12 ^ input17/X (sky130_fd_sc_hd__clkbuf_2)
     8    0.03                           net17 (net)
                  0.11    0.00    2.12 ^ _177_/C (sky130_fd_sc_hd__or3_2)
                  0.08    0.12    2.24 ^ _177_/X (sky130_fd_sc_hd__or3_2)
     3    0.02                           _000_ (net)
                  0.08    0.00    2.24 ^ _212_/A1 (sky130_fd_sc_hd__o211ai_1)
                  0.02    0.05    2.29 v _212_/Y (sky130_fd_sc_hd__o211ai_1)
     1    0.00                           net26 (net)
                  0.02    0.00    2.29 v output26/A (sky130_fd_sc_hd__clkbuf_4)
                  0.06    0.11    2.40 v output26/X (sky130_fd_sc_hd__clkbuf_4)
     1    0.03                           ALU_Out[6] (net)
                  0.06    0.00    2.40 v ALU_Out[6] (out)
                                  2.40   data arrival time

                  0.00    0.00    0.00   clock __VIRTUAL_CLK__ (rise edge)
                          0.00    0.00   clock network delay (ideal)
                          0.25    0.25   clock uncertainty
                          0.00    0.25   clock reconvergence pessimism
                         -2.00   -1.75   output external delay
                                 -1.75   data required time
-----------------------------------------------------------------------------
                                 -1.75   data required time
                                 -2.40   data arrival time
-----------------------------------------------------------------------------
                                  4.15   slack (MET)


Startpoint: A[1] (input port clocked by __VIRTUAL_CLK__)
Endpoint: ALU_Out[1] (output port clocked by __VIRTUAL_CLK__)
Path Group: __VIRTUAL_CLK__
Path Type: min
Corner: Fastest

Fanout     Cap    Slew   Delay    Time   Description
-----------------------------------------------------------------------------
                  0.00    0.00    0.00   clock __VIRTUAL_CLK__ (rise edge)
                          0.00    0.00   clock network delay (ideal)
                          2.00    2.00 ^ input external delay
                  0.01    0.01    2.01 ^ A[1] (in)
     1    0.00                           A[1] (net)
                  0.01    0.00    2.01 ^ input2/A (sky130_fd_sc_hd__clkbuf_2)
                  0.08    0.09    2.10 ^ input2/X (sky130_fd_sc_hd__clkbuf_2)
     4    0.02                           net2 (net)
                  0.08    0.00    2.10 ^ _138_/B (sky130_fd_sc_hd__or2_1)
                  0.05    0.08    2.18 ^ _138_/X (sky130_fd_sc_hd__or2_1)
     2    0.01                           _071_ (net)
                  0.05    0.00    2.18 ^ _167_/A1 (sky130_fd_sc_hd__a221o_1)
                  0.06    0.10    2.28 ^ _167_/X (sky130_fd_sc_hd__a221o_1)
     1    0.01                           net21 (net)
                  0.06    0.00    2.28 ^ output21/A (sky130_fd_sc_hd__clkbuf_4)
                  0.09    0.13    2.41 ^ output21/X (sky130_fd_sc_hd__clkbuf_4)
     1    0.04                           ALU_Out[1] (net)
                  0.09    0.00    2.41 ^ ALU_Out[1] (out)
                                  2.41   data arrival time

                  0.00    0.00    0.00   clock __VIRTUAL_CLK__ (rise edge)
                          0.00    0.00   clock network delay (ideal)
                          0.25    0.25   clock uncertainty
                          0.00    0.25   clock reconvergence pessimism
                         -2.00   -1.75   output external delay
                                 -1.75   data required time
-----------------------------------------------------------------------------
                                 -1.75   data required time
                                 -2.41   data arrival time
-----------------------------------------------------------------------------
                                  4.16   slack (MET)


Startpoint: B[7] (input port clocked by __VIRTUAL_CLK__)
Endpoint: CarryOut (output port clocked by __VIRTUAL_CLK__)
Path Group: __VIRTUAL_CLK__
Path Type: min
Corner: Fastest

Fanout     Cap    Slew   Delay    Time   Description
-----------------------------------------------------------------------------
                  0.00    0.00    0.00   clock __VIRTUAL_CLK__ (rise edge)
                          0.00    0.00   clock network delay (ideal)
                          2.00    2.00 ^ input external delay
                  0.01    0.01    2.01 ^ B[7] (in)
     1    0.00                           B[7] (net)
                  0.01    0.00    2.01 ^ input16/A (sky130_fd_sc_hd__buf_2)
                  0.11    0.11    2.12 ^ input16/X (sky130_fd_sc_hd__buf_2)
     7    0.03                           net16 (net)
                  0.11    0.00    2.12 ^ _106_/A (sky130_fd_sc_hd__or2b_1)
                  0.03    0.07    2.19 ^ _106_/X (sky130_fd_sc_hd__or2b_1)
     1    0.00                           _039_ (net)
                  0.03    0.00    2.19 ^ _151_/A1 (sky130_fd_sc_hd__a31o_1)
                  0.06    0.09    2.28 ^ _151_/X (sky130_fd_sc_hd__a31o_1)
     1    0.01                           net28 (net)
                  0.06    0.00    2.28 ^ output28/A (sky130_fd_sc_hd__clkbuf_4)
                  0.08    0.13    2.41 ^ output28/X (sky130_fd_sc_hd__clkbuf_4)
     1    0.03                           CarryOut (net)
                  0.08    0.00    2.41 ^ CarryOut (out)
                                  2.41   data arrival time

                  0.00    0.00    0.00   clock __VIRTUAL_CLK__ (rise edge)
                          0.00    0.00   clock network delay (ideal)
                          0.25    0.25   clock uncertainty
                          0.00    0.25   clock reconvergence pessimism
                         -2.00   -1.75   output external delay
                                 -1.75   data required time
-----------------------------------------------------------------------------
                                 -1.75   data required time
                                 -2.41   data arrival time
-----------------------------------------------------------------------------
                                  4.16   slack (MET)


Startpoint: B[0] (input port clocked by __VIRTUAL_CLK__)
Endpoint: ALU_Out[0] (output port clocked by __VIRTUAL_CLK__)
Path Group: __VIRTUAL_CLK__
Path Type: min
Corner: Fastest

Fanout     Cap    Slew   Delay    Time   Description
-----------------------------------------------------------------------------
                  0.00    0.00    0.00   clock __VIRTUAL_CLK__ (rise edge)
                          0.00    0.00   clock network delay (ideal)
                          2.00    2.00 v input external delay
                  0.01    0.00    2.00 v B[0] (in)
     1    0.00                           B[0] (net)
                  0.01    0.00    2.00 v input9/A (sky130_fd_sc_hd__buf_1)
                  0.05    0.07    2.08 v input9/X (sky130_fd_sc_hd__buf_1)
     4    0.01                           net9 (net)
                  0.05    0.00    2.08 v _155_/A (sky130_fd_sc_hd__nand2_1)
                  0.10    0.09    2.17 ^ _155_/Y (sky130_fd_sc_hd__nand2_1)
     3    0.01                           _087_ (net)
                  0.10    0.00    2.17 ^ _156_/S (sky130_fd_sc_hd__mux2_1)
                  0.03    0.09    2.25 ^ _156_/X (sky130_fd_sc_hd__mux2_1)
     1    0.00                           _088_ (net)
                  0.03    0.00    2.25 ^ _157_/A (sky130_fd_sc_hd__clkbuf_1)
                  0.03    0.05    2.30 ^ _157_/X (sky130_fd_sc_hd__clkbuf_1)
     1    0.00                           net20 (net)
                  0.03    0.00    2.30 ^ output20/A (sky130_fd_sc_hd__clkbuf_4)
                  0.09    0.12    2.42 ^ output20/X (sky130_fd_sc_hd__clkbuf_4)
     1    0.03                           ALU_Out[0] (net)
                  0.09    0.00    2.42 ^ ALU_Out[0] (out)
                                  2.42   data arrival time

                  0.00    0.00    0.00   clock __VIRTUAL_CLK__ (rise edge)
                          0.00    0.00   clock network delay (ideal)
                          0.25    0.25   clock uncertainty
                          0.00    0.25   clock reconvergence pessimism
                         -2.00   -1.75   output external delay
                                 -1.75   data required time
-----------------------------------------------------------------------------
                                 -1.75   data required time
                                 -2.42   data arrival time
-----------------------------------------------------------------------------
                                  4.17   slack (MET)


Startpoint: A[4] (input port clocked by __VIRTUAL_CLK__)
Endpoint: ALU_Out[4] (output port clocked by __VIRTUAL_CLK__)
Path Group: __VIRTUAL_CLK__
Path Type: min
Corner: Fastest

Fanout     Cap    Slew   Delay    Time   Description
-----------------------------------------------------------------------------
                  0.00    0.00    0.00   clock __VIRTUAL_CLK__ (rise edge)
                          0.00    0.00   clock network delay (ideal)
                          2.00    2.00 ^ input external delay
                  0.01    0.01    2.01 ^ A[4] (in)
     1    0.00                           A[4] (net)
                  0.01    0.00    2.01 ^ input5/A (sky130_fd_sc_hd__buf_1)
                  0.11    0.10    2.10 ^ input5/X (sky130_fd_sc_hd__buf_1)
     3    0.01                           net5 (net)
                  0.11    0.00    2.10 ^ _115_/B (sky130_fd_sc_hd__or2_1)
                  0.07    0.10    2.20 ^ _115_/X (sky130_fd_sc_hd__or2_1)
     2    0.01                           _048_ (net)
                  0.07    0.00    2.20 ^ _192_/B1 (sky130_fd_sc_hd__o21a_1)
                  0.04    0.06    2.26 ^ _192_/X (sky130_fd_sc_hd__o21a_1)
     1    0.00                           _014_ (net)
                  0.04    0.00    2.26 ^ _196_/B1 (sky130_fd_sc_hd__a311o_1)
                  0.03    0.06    2.32 ^ _196_/X (sky130_fd_sc_hd__a311o_1)
     1    0.00                           net24 (net)
                  0.03    0.00    2.32 ^ output24/A (sky130_fd_sc_hd__clkbuf_4)
                  0.08    0.12    2.44 ^ output24/X (sky130_fd_sc_hd__clkbuf_4)
     1    0.03                           ALU_Out[4] (net)
                  0.08    0.00    2.44 ^ ALU_Out[4] (out)
                                  2.44   data arrival time

                  0.00    0.00    0.00   clock __VIRTUAL_CLK__ (rise edge)
                          0.00    0.00   clock network delay (ideal)
                          0.25    0.25   clock uncertainty
                          0.00    0.25   clock reconvergence pessimism
                         -2.00   -1.75   output external delay
                                 -1.75   data required time
-----------------------------------------------------------------------------
                                 -1.75   data required time
                                 -2.44   data arrival time
-----------------------------------------------------------------------------
                                  4.19   slack (MET)


Startpoint: opcode[2] (input port clocked by __VIRTUAL_CLK__)
Endpoint: ALU_Out[2] (output port clocked by __VIRTUAL_CLK__)
Path Group: __VIRTUAL_CLK__
Path Type: min
Corner: Fastest

Fanout     Cap    Slew   Delay    Time   Description
-----------------------------------------------------------------------------
                  0.00    0.00    0.00   clock __VIRTUAL_CLK__ (rise edge)
                          0.00    0.00   clock network delay (ideal)
                          2.00    2.00 ^ input external delay
                  0.01    0.01    2.01 ^ opcode[2] (in)
     1    0.00                           opcode[2] (net)
                  0.01    0.00    2.01 ^ input19/A (sky130_fd_sc_hd__buf_2)
                  0.11    0.11    2.12 ^ input19/X (sky130_fd_sc_hd__buf_2)
     6    0.03                           net19 (net)
                  0.11    0.00    2.12 ^ _135_/A (sky130_fd_sc_hd__nor3b_4)
                  0.05    0.06    2.18 v _135_/Y (sky130_fd_sc_hd__nor3b_4)
     8    0.03                           _068_ (net)
                  0.05    0.00    2.18 v _176_/A2 (sky130_fd_sc_hd__a31o_1)
                  0.04    0.15    2.33 v _176_/X (sky130_fd_sc_hd__a31o_1)
     1    0.01                           net22 (net)
                  0.04    0.00    2.33 v output22/A (sky130_fd_sc_hd__clkbuf_4)
                  0.06    0.12    2.44 v output22/X (sky130_fd_sc_hd__clkbuf_4)
     1    0.03                           ALU_Out[2] (net)
                  0.06    0.00    2.45 v ALU_Out[2] (out)
                                  2.45   data arrival time

                  0.00    0.00    0.00   clock __VIRTUAL_CLK__ (rise edge)
                          0.00    0.00   clock network delay (ideal)
                          0.25    0.25   clock uncertainty
                          0.00    0.25   clock reconvergence pessimism
                         -2.00   -1.75   output external delay
                                 -1.75   data required time
-----------------------------------------------------------------------------
                                 -1.75   data required time
                                 -2.45   data arrival time
-----------------------------------------------------------------------------
                                  4.20   slack (MET)



======================= Slowest Corner ===================================

Startpoint: opcode[0] (input port clocked by __VIRTUAL_CLK__)
Endpoint: ALU_Out[5] (output port clocked by __VIRTUAL_CLK__)
Path Group: __VIRTUAL_CLK__
Path Type: min
Corner: Slowest

Fanout     Cap    Slew   Delay    Time   Description
-----------------------------------------------------------------------------
                  0.00    0.00    0.00   clock __VIRTUAL_CLK__ (rise edge)
                          0.00    0.00   clock network delay (ideal)
                          2.00    2.00 ^ input external delay
                  0.03    0.02    2.02 ^ opcode[0] (in)
     1    0.00                           opcode[0] (net)
                  0.03    0.00    2.02 ^ input17/A (sky130_fd_sc_hd__clkbuf_2)
                  0.21    0.26    2.28 ^ input17/X (sky130_fd_sc_hd__clkbuf_2)
     8    0.02                           net17 (net)
                  0.21    0.00    2.28 ^ _149_/C (sky130_fd_sc_hd__nor3_2)
                  0.12    0.18    2.46 v _149_/Y (sky130_fd_sc_hd__nor3_2)
     5    0.02                           _082_ (net)
                  0.12    0.00    2.46 v _204_/A1 (sky130_fd_sc_hd__a31o_1)
                  0.07    0.32    2.78 v _204_/X (sky130_fd_sc_hd__a31o_1)
     1    0.00                           net25 (net)
                  0.07    0.00    2.78 v output25/A (sky130_fd_sc_hd__clkbuf_4)
                  0.14    0.31    3.09 v output25/X (sky130_fd_sc_hd__clkbuf_4)
     1    0.03                           ALU_Out[5] (net)
                  0.14    0.00    3.09 v ALU_Out[5] (out)
                                  3.09   data arrival time

                  0.00    0.00    0.00   clock __VIRTUAL_CLK__ (rise edge)
                          0.00    0.00   clock network delay (ideal)
                          0.25    0.25   clock uncertainty
                          0.00    0.25   clock reconvergence pessimism
                         -2.00   -1.75   output external delay
                                 -1.75   data required time
-----------------------------------------------------------------------------
                                 -1.75   data required time
                                 -3.09   data arrival time
-----------------------------------------------------------------------------
                                  4.84   slack (MET)


Startpoint: B[7] (input port clocked by __VIRTUAL_CLK__)
Endpoint: ALU_Out[7] (output port clocked by __VIRTUAL_CLK__)
Path Group: __VIRTUAL_CLK__
Path Type: min
Corner: Slowest

Fanout     Cap    Slew   Delay    Time   Description
-----------------------------------------------------------------------------
                  0.00    0.00    0.00   clock __VIRTUAL_CLK__ (rise edge)
                          0.00    0.00   clock network delay (ideal)
                          2.00    2.00 ^ input external delay
                  0.03    0.01    2.01 ^ B[7] (in)
     1    0.00                           B[7] (net)
                  0.03    0.00    2.01 ^ input16/A (sky130_fd_sc_hd__buf_2)
                  0.22    0.28    2.29 ^ input16/X (sky130_fd_sc_hd__buf_2)
     7    0.03                           net16 (net)
                  0.22    0.00    2.29 ^ _216_/A1 (sky130_fd_sc_hd__a31o_1)
                  0.09    0.33    2.62 ^ _216_/X (sky130_fd_sc_hd__a31o_1)
     1    0.00                           _035_ (net)
                  0.09    0.00    2.62 ^ _220_/B1 (sky130_fd_sc_hd__a211o_1)
                  0.07    0.17    2.79 ^ _220_/X (sky130_fd_sc_hd__a211o_1)
     1    0.00                           net27 (net)
                  0.07    0.00    2.79 ^ output27/A (sky130_fd_sc_hd__clkbuf_4)
                  0.18    0.31    3.10 ^ output27/X (sky130_fd_sc_hd__clkbuf_4)
     1    0.03                           ALU_Out[7] (net)
                  0.18    0.00    3.10 ^ ALU_Out[7] (out)
                                  3.10   data arrival time

                  0.00    0.00    0.00   clock __VIRTUAL_CLK__ (rise edge)
                          0.00    0.00   clock network delay (ideal)
                          0.25    0.25   clock uncertainty
                          0.00    0.25   clock reconvergence pessimism
                         -2.00   -1.75   output external delay
                                 -1.75   data required time
-----------------------------------------------------------------------------
                                 -1.75   data required time
                                 -3.10   data arrival time
-----------------------------------------------------------------------------
                                  4.85   slack (MET)


Startpoint: opcode[0] (input port clocked by __VIRTUAL_CLK__)
Endpoint: ALU_Out[6] (output port clocked by __VIRTUAL_CLK__)
Path Group: __VIRTUAL_CLK__
Path Type: min
Corner: Slowest

Fanout     Cap    Slew   Delay    Time   Description
-----------------------------------------------------------------------------
                  0.00    0.00    0.00   clock __VIRTUAL_CLK__ (rise edge)
                          0.00    0.00   clock network delay (ideal)
                          2.00    2.00 ^ input external delay
                  0.03    0.02    2.02 ^ opcode[0] (in)
     1    0.00                           opcode[0] (net)
                  0.03    0.00    2.02 ^ input17/A (sky130_fd_sc_hd__clkbuf_2)
                  0.21    0.26    2.28 ^ input17/X (sky130_fd_sc_hd__clkbuf_2)
     8    0.02                           net17 (net)
                  0.21    0.00    2.28 ^ _177_/C (sky130_fd_sc_hd__or3_2)
                  0.16    0.32    2.60 ^ _177_/X (sky130_fd_sc_hd__or3_2)
     3    0.02                           _000_ (net)
                  0.16    0.00    2.60 ^ _212_/A1 (sky130_fd_sc_hd__o211ai_1)
                  0.12    0.22    2.83 v _212_/Y (sky130_fd_sc_hd__o211ai_1)
     1    0.00                           net26 (net)
                  0.12    0.00    2.83 v output26/A (sky130_fd_sc_hd__clkbuf_4)
                  0.14    0.33    3.16 v output26/X (sky130_fd_sc_hd__clkbuf_4)
     1    0.03                           ALU_Out[6] (net)
                  0.14    0.00    3.16 v ALU_Out[6] (out)
                                  3.16   data arrival time

                  0.00    0.00    0.00   clock __VIRTUAL_CLK__ (rise edge)
                          0.00    0.00   clock network delay (ideal)
                          0.25    0.25   clock uncertainty
                          0.00    0.25   clock reconvergence pessimism
                         -2.00   -1.75   output external delay
                                 -1.75   data required time
-----------------------------------------------------------------------------
                                 -1.75   data required time
                                 -3.16   data arrival time
-----------------------------------------------------------------------------
                                  4.91   slack (MET)


Startpoint: opcode[0] (input port clocked by __VIRTUAL_CLK__)
Endpoint: ALU_Out[3] (output port clocked by __VIRTUAL_CLK__)
Path Group: __VIRTUAL_CLK__
Path Type: min
Corner: Slowest

Fanout     Cap    Slew   Delay    Time   Description
-----------------------------------------------------------------------------
                  0.00    0.00    0.00   clock __VIRTUAL_CLK__ (rise edge)
                          0.00    0.00   clock network delay (ideal)
                          2.00    2.00 ^ input external delay
                  0.03    0.02    2.02 ^ opcode[0] (in)
     1    0.00                           opcode[0] (net)
                  0.03    0.00    2.02 ^ input17/A (sky130_fd_sc_hd__clkbuf_2)
                  0.21    0.26    2.28 ^ input17/X (sky130_fd_sc_hd__clkbuf_2)
     8    0.02                           net17 (net)
                  0.21    0.00    2.28 ^ _177_/C (sky130_fd_sc_hd__or3_2)
                  0.16    0.32    2.60 ^ _177_/X (sky130_fd_sc_hd__or3_2)
     3    0.02                           _000_ (net)
                  0.16    0.00    2.60 ^ _188_/A1 (sky130_fd_sc_hd__o211ai_1)
                  0.12    0.22    2.83 v _188_/Y (sky130_fd_sc_hd__o211ai_1)
     1    0.00                           net23 (net)
                  0.12    0.00    2.83 v output23/A (sky130_fd_sc_hd__clkbuf_4)
                  0.14    0.33    3.16 v output23/X (sky130_fd_sc_hd__clkbuf_4)
     1    0.03                           ALU_Out[3] (net)
                  0.14    0.00    3.16 v ALU_Out[3] (out)
                                  3.16   data arrival time

                  0.00    0.00    0.00   clock __VIRTUAL_CLK__ (rise edge)
                          0.00    0.00   clock network delay (ideal)
                          0.25    0.25   clock uncertainty
                          0.00    0.25   clock reconvergence pessimism
                         -2.00   -1.75   output external delay
                                 -1.75   data required time
-----------------------------------------------------------------------------
                                 -1.75   data required time
                                 -3.16   data arrival time
-----------------------------------------------------------------------------
                                  4.91   slack (MET)


Startpoint: A[1] (input port clocked by __VIRTUAL_CLK__)
Endpoint: ALU_Out[1] (output port clocked by __VIRTUAL_CLK__)
Path Group: __VIRTUAL_CLK__
Path Type: min
Corner: Slowest

Fanout     Cap    Slew   Delay    Time   Description
-----------------------------------------------------------------------------
                  0.00    0.00    0.00   clock __VIRTUAL_CLK__ (rise edge)
                          0.00    0.00   clock network delay (ideal)
                          2.00    2.00 ^ input external delay
                  0.03    0.01    2.01 ^ A[1] (in)
     1    0.00                           A[1] (net)
                  0.03    0.00    2.01 ^ input2/A (sky130_fd_sc_hd__clkbuf_2)
                  0.17    0.23    2.25 ^ input2/X (sky130_fd_sc_hd__clkbuf_2)
     4    0.02                           net2 (net)
                  0.17    0.00    2.25 ^ _138_/B (sky130_fd_sc_hd__or2_1)
                  0.12    0.23    2.48 ^ _138_/X (sky130_fd_sc_hd__or2_1)
     2    0.01                           _071_ (net)
                  0.12    0.00    2.48 ^ _167_/A1 (sky130_fd_sc_hd__a221o_1)
                  0.14    0.34    2.81 ^ _167_/X (sky130_fd_sc_hd__a221o_1)
     1    0.01                           net21 (net)
                  0.14    0.00    2.81 ^ output21/A (sky130_fd_sc_hd__clkbuf_4)
                  0.18    0.34    3.16 ^ output21/X (sky130_fd_sc_hd__clkbuf_4)
     1    0.04                           ALU_Out[1] (net)
                  0.18    0.00    3.16 ^ ALU_Out[1] (out)
                                  3.16   data arrival time

                  0.00    0.00    0.00   clock __VIRTUAL_CLK__ (rise edge)
                          0.00    0.00   clock network delay (ideal)
                          0.25    0.25   clock uncertainty
                          0.00    0.25   clock reconvergence pessimism
                         -2.00   -1.75   output external delay
                                 -1.75   data required time
-----------------------------------------------------------------------------
                                 -1.75   data required time
                                 -3.16   data arrival time
-----------------------------------------------------------------------------
                                  4.91   slack (MET)


Startpoint: B[0] (input port clocked by __VIRTUAL_CLK__)
Endpoint: ALU_Out[0] (output port clocked by __VIRTUAL_CLK__)
Path Group: __VIRTUAL_CLK__
Path Type: min
Corner: Slowest

Fanout     Cap    Slew   Delay    Time   Description
-----------------------------------------------------------------------------
                  0.00    0.00    0.00   clock __VIRTUAL_CLK__ (rise edge)
                          0.00    0.00   clock network delay (ideal)
                          2.00    2.00 v input external delay
                  0.02    0.01    2.01 v B[0] (in)
     1    0.00                           B[0] (net)
                  0.02    0.00    2.01 v input9/A (sky130_fd_sc_hd__buf_1)
                  0.15    0.21    2.22 v input9/X (sky130_fd_sc_hd__buf_1)
     4    0.01                           net9 (net)
                  0.15    0.00    2.22 v _155_/A (sky130_fd_sc_hd__nand2_1)
                  0.21    0.22    2.44 ^ _155_/Y (sky130_fd_sc_hd__nand2_1)
     3    0.01                           _087_ (net)
                  0.21    0.00    2.44 ^ _156_/S (sky130_fd_sc_hd__mux2_1)
                  0.07    0.27    2.72 ^ _156_/X (sky130_fd_sc_hd__mux2_1)
     1    0.00                           _088_ (net)
                  0.07    0.00    2.72 ^ _157_/A (sky130_fd_sc_hd__clkbuf_1)
                  0.07    0.14    2.85 ^ _157_/X (sky130_fd_sc_hd__clkbuf_1)
     1    0.00                           net20 (net)
                  0.07    0.00    2.85 ^ output20/A (sky130_fd_sc_hd__clkbuf_4)
                  0.18    0.31    3.17 ^ output20/X (sky130_fd_sc_hd__clkbuf_4)
     1    0.03                           ALU_Out[0] (net)
                  0.18    0.00    3.17 ^ ALU_Out[0] (out)
                                  3.17   data arrival time

                  0.00    0.00    0.00   clock __VIRTUAL_CLK__ (rise edge)
                          0.00    0.00   clock network delay (ideal)
                          0.25    0.25   clock uncertainty
                          0.00    0.25   clock reconvergence pessimism
                         -2.00   -1.75   output external delay
                                 -1.75   data required time
-----------------------------------------------------------------------------
                                 -1.75   data required time
                                 -3.17   data arrival time
-----------------------------------------------------------------------------
                                  4.92   slack (MET)


Startpoint: B[7] (input port clocked by __VIRTUAL_CLK__)
Endpoint: CarryOut (output port clocked by __VIRTUAL_CLK__)
Path Group: __VIRTUAL_CLK__
Path Type: min
Corner: Slowest

Fanout     Cap    Slew   Delay    Time   Description
-----------------------------------------------------------------------------
                  0.00    0.00    0.00   clock __VIRTUAL_CLK__ (rise edge)
                          0.00    0.00   clock network delay (ideal)
                          2.00    2.00 ^ input external delay
                  0.03    0.01    2.01 ^ B[7] (in)
     1    0.00                           B[7] (net)
                  0.03    0.00    2.01 ^ input16/A (sky130_fd_sc_hd__buf_2)
                  0.22    0.28    2.29 ^ input16/X (sky130_fd_sc_hd__buf_2)
     7    0.03                           net16 (net)
                  0.22    0.00    2.29 ^ _106_/A (sky130_fd_sc_hd__or2b_1)
                  0.07    0.22    2.51 ^ _106_/X (sky130_fd_sc_hd__or2b_1)
     1    0.00                           _039_ (net)
                  0.07    0.00    2.51 ^ _151_/A1 (sky130_fd_sc_hd__a31o_1)
                  0.15    0.31    2.83 ^ _151_/X (sky130_fd_sc_hd__a31o_1)
     1    0.01                           net28 (net)
                  0.15    0.00    2.83 ^ output28/A (sky130_fd_sc_hd__clkbuf_4)
                  0.18    0.35    3.17 ^ output28/X (sky130_fd_sc_hd__clkbuf_4)
     1    0.03                           CarryOut (net)
                  0.18    0.00    3.17 ^ CarryOut (out)
                                  3.17   data arrival time

                  0.00    0.00    0.00   clock __VIRTUAL_CLK__ (rise edge)
                          0.00    0.00   clock network delay (ideal)
                          0.25    0.25   clock uncertainty
                          0.00    0.25   clock reconvergence pessimism
                         -2.00   -1.75   output external delay
                                 -1.75   data required time
-----------------------------------------------------------------------------
                                 -1.75   data required time
                                 -3.17   data arrival time
-----------------------------------------------------------------------------
                                  4.92   slack (MET)


Startpoint: opcode[1] (input port clocked by __VIRTUAL_CLK__)
Endpoint: ALU_Out[2] (output port clocked by __VIRTUAL_CLK__)
Path Group: __VIRTUAL_CLK__
Path Type: min
Corner: Slowest

Fanout     Cap    Slew   Delay    Time   Description
-----------------------------------------------------------------------------
                  0.00    0.00    0.00   clock __VIRTUAL_CLK__ (rise edge)
                          0.00    0.00   clock network delay (ideal)
                          2.00    2.00 ^ input external delay
                  0.04    0.02    2.02 ^ opcode[1] (in)
     1    0.00                           opcode[1] (net)
                  0.04    0.00    2.02 ^ input18/A (sky130_fd_sc_hd__clkbuf_2)
                  0.22    0.27    2.29 ^ input18/X (sky130_fd_sc_hd__clkbuf_2)
     6    0.02                           net18 (net)
                  0.22    0.00    2.29 ^ _135_/B (sky130_fd_sc_hd__nor3b_4)
                  0.11    0.17    2.47 v _135_/Y (sky130_fd_sc_hd__nor3b_4)
     8    0.03                           _068_ (net)
                  0.11    0.00    2.47 v _176_/A2 (sky130_fd_sc_hd__a31o_1)
                  0.11    0.41    2.88 v _176_/X (sky130_fd_sc_hd__a31o_1)
     1    0.01                           net22 (net)
                  0.11    0.00    2.88 v output22/A (sky130_fd_sc_hd__clkbuf_4)
                  0.14    0.33    3.21 v output22/X (sky130_fd_sc_hd__clkbuf_4)
     1    0.03                           ALU_Out[2] (net)
                  0.14    0.00    3.21 v ALU_Out[2] (out)
                                  3.21   data arrival time

                  0.00    0.00    0.00   clock __VIRTUAL_CLK__ (rise edge)
                          0.00    0.00   clock network delay (ideal)
                          0.25    0.25   clock uncertainty
                          0.00    0.25   clock reconvergence pessimism
                         -2.00   -1.75   output external delay
                                 -1.75   data required time
-----------------------------------------------------------------------------
                                 -1.75   data required time
                                 -3.21   data arrival time
-----------------------------------------------------------------------------
                                  4.96   slack (MET)


Startpoint: A[4] (input port clocked by __VIRTUAL_CLK__)
Endpoint: ALU_Out[4] (output port clocked by __VIRTUAL_CLK__)
Path Group: __VIRTUAL_CLK__
Path Type: min
Corner: Slowest

Fanout     Cap    Slew   Delay    Time   Description
-----------------------------------------------------------------------------
                  0.00    0.00    0.00   clock __VIRTUAL_CLK__ (rise edge)
                          0.00    0.00   clock network delay (ideal)
                          2.00    2.00 ^ input external delay
                  0.03    0.01    2.01 ^ A[4] (in)
     1    0.00                           A[4] (net)
                  0.03    0.00    2.01 ^ input5/A (sky130_fd_sc_hd__buf_1)
                  0.23    0.24    2.25 ^ input5/X (sky130_fd_sc_hd__buf_1)
     3    0.01                           net5 (net)
                  0.23    0.00    2.25 ^ _115_/B (sky130_fd_sc_hd__or2_1)
                  0.15    0.27    2.53 ^ _115_/X (sky130_fd_sc_hd__or2_1)
     2    0.01                           _048_ (net)
                  0.15    0.00    2.53 ^ _192_/B1 (sky130_fd_sc_hd__o21a_1)
                  0.09    0.25    2.78 ^ _192_/X (sky130_fd_sc_hd__o21a_1)
     1    0.00                           _014_ (net)
                  0.09    0.00    2.78 ^ _196_/B1 (sky130_fd_sc_hd__a311o_1)
                  0.08    0.19    2.96 ^ _196_/X (sky130_fd_sc_hd__a311o_1)
     1    0.00                           net24 (net)
                  0.08    0.00    2.96 ^ output24/A (sky130_fd_sc_hd__clkbuf_4)
                  0.18    0.32    3.28 ^ output24/X (sky130_fd_sc_hd__clkbuf_4)
     1    0.03                           ALU_Out[4] (net)
                  0.18    0.00    3.28 ^ ALU_Out[4] (out)
                                  3.28   data arrival time

                  0.00    0.00    0.00   clock __VIRTUAL_CLK__ (rise edge)
                          0.00    0.00   clock network delay (ideal)
                          0.25    0.25   clock uncertainty
                          0.00    0.25   clock reconvergence pessimism
                         -2.00   -1.75   output external delay
                                 -1.75   data required time
-----------------------------------------------------------------------------
                                 -1.75   data required time
                                 -3.28   data arrival time
-----------------------------------------------------------------------------
                                  5.03   slack (MET)



======================= Typical Corner ===================================

Startpoint: B[7] (input port clocked by __VIRTUAL_CLK__)
Endpoint: ALU_Out[7] (output port clocked by __VIRTUAL_CLK__)
Path Group: __VIRTUAL_CLK__
Path Type: min
Corner: Typical

Fanout     Cap    Slew   Delay    Time   Description
-----------------------------------------------------------------------------
                  0.00    0.00    0.00   clock __VIRTUAL_CLK__ (rise edge)
                          0.00    0.00   clock network delay (ideal)
                          2.00    2.00 ^ input external delay
                  0.02    0.01    2.01 ^ B[7] (in)
     1    0.00                           B[7] (net)
                  0.02    0.00    2.01 ^ input16/A (sky130_fd_sc_hd__buf_2)
                  0.14    0.16    2.17 ^ input16/X (sky130_fd_sc_hd__buf_2)
     7    0.03                           net16 (net)
                  0.14    0.00    2.17 ^ _216_/A1 (sky130_fd_sc_hd__a31o_1)
                  0.05    0.15    2.32 ^ _216_/X (sky130_fd_sc_hd__a31o_1)
     1    0.00                           _035_ (net)
                  0.05    0.00    2.32 ^ _220_/B1 (sky130_fd_sc_hd__a211o_1)
                  0.04    0.09    2.41 ^ _220_/X (sky130_fd_sc_hd__a211o_1)
     1    0.00                           net27 (net)
                  0.04    0.00    2.41 ^ output27/A (sky130_fd_sc_hd__clkbuf_4)
                  0.11    0.17    2.59 ^ output27/X (sky130_fd_sc_hd__clkbuf_4)
     1    0.03                           ALU_Out[7] (net)
                  0.11    0.00    2.59 ^ ALU_Out[7] (out)
                                  2.59   data arrival time

                  0.00    0.00    0.00   clock __VIRTUAL_CLK__ (rise edge)
                          0.00    0.00   clock network delay (ideal)
                          0.25    0.25   clock uncertainty
                          0.00    0.25   clock reconvergence pessimism
                         -2.00   -1.75   output external delay
                                 -1.75   data required time
-----------------------------------------------------------------------------
                                 -1.75   data required time
                                 -2.59   data arrival time
-----------------------------------------------------------------------------
                                  4.34   slack (MET)


Startpoint: opcode[0] (input port clocked by __VIRTUAL_CLK__)
Endpoint: ALU_Out[5] (output port clocked by __VIRTUAL_CLK__)
Path Group: __VIRTUAL_CLK__
Path Type: min
Corner: Typical

Fanout     Cap    Slew   Delay    Time   Description
-----------------------------------------------------------------------------
                  0.00    0.00    0.00   clock __VIRTUAL_CLK__ (rise edge)
                          0.00    0.00   clock network delay (ideal)
                          2.00    2.00 ^ input external delay
                  0.02    0.01    2.01 ^ opcode[0] (in)
     1    0.00                           opcode[0] (net)
                  0.02    0.00    2.01 ^ input17/A (sky130_fd_sc_hd__clkbuf_2)
                  0.14    0.15    2.16 ^ input17/X (sky130_fd_sc_hd__clkbuf_2)
     8    0.02                           net17 (net)
                  0.14    0.00    2.16 ^ _149_/C (sky130_fd_sc_hd__nor3_2)
                  0.07    0.09    2.26 v _149_/Y (sky130_fd_sc_hd__nor3_2)
     5    0.02                           _082_ (net)
                  0.07    0.00    2.26 v _204_/A1 (sky130_fd_sc_hd__a31o_1)
                  0.04    0.17    2.43 v _204_/X (sky130_fd_sc_hd__a31o_1)
     1    0.00                           net25 (net)
                  0.04    0.00    2.43 v output25/A (sky130_fd_sc_hd__clkbuf_4)
                  0.08    0.17    2.60 v output25/X (sky130_fd_sc_hd__clkbuf_4)
     1    0.03                           ALU_Out[5] (net)
                  0.08    0.00    2.60 v ALU_Out[5] (out)
                                  2.60   data arrival time

                  0.00    0.00    0.00   clock __VIRTUAL_CLK__ (rise edge)
                          0.00    0.00   clock network delay (ideal)
                          0.25    0.25   clock uncertainty
                          0.00    0.25   clock reconvergence pessimism
                         -2.00   -1.75   output external delay
                                 -1.75   data required time
-----------------------------------------------------------------------------
                                 -1.75   data required time
                                 -2.60   data arrival time
-----------------------------------------------------------------------------
                                  4.35   slack (MET)


Startpoint: opcode[0] (input port clocked by __VIRTUAL_CLK__)
Endpoint: ALU_Out[6] (output port clocked by __VIRTUAL_CLK__)
Path Group: __VIRTUAL_CLK__
Path Type: min
Corner: Typical

Fanout     Cap    Slew   Delay    Time   Description
-----------------------------------------------------------------------------
                  0.00    0.00    0.00   clock __VIRTUAL_CLK__ (rise edge)
                          0.00    0.00   clock network delay (ideal)
                          2.00    2.00 ^ input external delay
                  0.02    0.01    2.01 ^ opcode[0] (in)
     1    0.00                           opcode[0] (net)
                  0.02    0.00    2.01 ^ input17/A (sky130_fd_sc_hd__clkbuf_2)
                  0.14    0.15    2.16 ^ input17/X (sky130_fd_sc_hd__clkbuf_2)
     8    0.02                           net17 (net)
                  0.14    0.00    2.16 ^ _177_/C (sky130_fd_sc_hd__or3_2)
                  0.10    0.18    2.34 ^ _177_/X (sky130_fd_sc_hd__or3_2)
     3    0.02                           _000_ (net)
                  0.10    0.00    2.34 ^ _212_/A1 (sky130_fd_sc_hd__o211ai_1)
                  0.05    0.10    2.44 v _212_/Y (sky130_fd_sc_hd__o211ai_1)
     1    0.00                           net26 (net)
                  0.05    0.00    2.44 v output26/A (sky130_fd_sc_hd__clkbuf_4)
                  0.08    0.17    2.61 v output26/X (sky130_fd_sc_hd__clkbuf_4)
     1    0.03                           ALU_Out[6] (net)
                  0.08    0.00    2.61 v ALU_Out[6] (out)
                                  2.61   data arrival time

                  0.00    0.00    0.00   clock __VIRTUAL_CLK__ (rise edge)
                          0.00    0.00   clock network delay (ideal)
                          0.25    0.25   clock uncertainty
                          0.00    0.25   clock reconvergence pessimism
                         -2.00   -1.75   output external delay
                                 -1.75   data required time
-----------------------------------------------------------------------------
                                 -1.75   data required time
                                 -2.61   data arrival time
-----------------------------------------------------------------------------
                                  4.36   slack (MET)


Startpoint: opcode[0] (input port clocked by __VIRTUAL_CLK__)
Endpoint: ALU_Out[3] (output port clocked by __VIRTUAL_CLK__)
Path Group: __VIRTUAL_CLK__
Path Type: min
Corner: Typical

Fanout     Cap    Slew   Delay    Time   Description
-----------------------------------------------------------------------------
                  0.00    0.00    0.00   clock __VIRTUAL_CLK__ (rise edge)
                          0.00    0.00   clock network delay (ideal)
                          2.00    2.00 ^ input external delay
                  0.02    0.01    2.01 ^ opcode[0] (in)
     1    0.00                           opcode[0] (net)
                  0.02    0.00    2.01 ^ input17/A (sky130_fd_sc_hd__clkbuf_2)
                  0.14    0.15    2.16 ^ input17/X (sky130_fd_sc_hd__clkbuf_2)
     8    0.02                           net17 (net)
                  0.14    0.00    2.16 ^ _177_/C (sky130_fd_sc_hd__or3_2)
                  0.10    0.18    2.34 ^ _177_/X (sky130_fd_sc_hd__or3_2)
     3    0.02                           _000_ (net)
                  0.10    0.00    2.34 ^ _188_/A1 (sky130_fd_sc_hd__o211ai_1)
                  0.05    0.10    2.44 v _188_/Y (sky130_fd_sc_hd__o211ai_1)
     1    0.00                           net23 (net)
                  0.05    0.00    2.44 v output23/A (sky130_fd_sc_hd__clkbuf_4)
                  0.08    0.17    2.61 v output23/X (sky130_fd_sc_hd__clkbuf_4)
     1    0.03                           ALU_Out[3] (net)
                  0.08    0.00    2.61 v ALU_Out[3] (out)
                                  2.61   data arrival time

                  0.00    0.00    0.00   clock __VIRTUAL_CLK__ (rise edge)
                          0.00    0.00   clock network delay (ideal)
                          0.25    0.25   clock uncertainty
                          0.00    0.25   clock reconvergence pessimism
                         -2.00   -1.75   output external delay
                                 -1.75   data required time
-----------------------------------------------------------------------------
                                 -1.75   data required time
                                 -2.61   data arrival time
-----------------------------------------------------------------------------
                                  4.36   slack (MET)


Startpoint: B[7] (input port clocked by __VIRTUAL_CLK__)
Endpoint: CarryOut (output port clocked by __VIRTUAL_CLK__)
Path Group: __VIRTUAL_CLK__
Path Type: min
Corner: Typical

Fanout     Cap    Slew   Delay    Time   Description
-----------------------------------------------------------------------------
                  0.00    0.00    0.00   clock __VIRTUAL_CLK__ (rise edge)
                          0.00    0.00   clock network delay (ideal)
                          2.00    2.00 ^ input external delay
                  0.02    0.01    2.01 ^ B[7] (in)
     1    0.00                           B[7] (net)
                  0.02    0.00    2.01 ^ input16/A (sky130_fd_sc_hd__buf_2)
                  0.14    0.16    2.17 ^ input16/X (sky130_fd_sc_hd__buf_2)
     7    0.03                           net16 (net)
                  0.14    0.00    2.17 ^ _106_/A (sky130_fd_sc_hd__or2b_1)
                  0.04    0.11    2.28 ^ _106_/X (sky130_fd_sc_hd__or2b_1)
     1    0.00                           _039_ (net)
                  0.04    0.00    2.28 ^ _151_/A1 (sky130_fd_sc_hd__a31o_1)
                  0.09    0.15    2.43 ^ _151_/X (sky130_fd_sc_hd__a31o_1)
     1    0.01                           net28 (net)
                  0.09    0.00    2.43 ^ output28/A (sky130_fd_sc_hd__clkbuf_4)
                  0.11    0.19    2.63 ^ output28/X (sky130_fd_sc_hd__clkbuf_4)
     1    0.03                           CarryOut (net)
                  0.11    0.00    2.63 ^ CarryOut (out)
                                  2.63   data arrival time

                  0.00    0.00    0.00   clock __VIRTUAL_CLK__ (rise edge)
                          0.00    0.00   clock network delay (ideal)
                          0.25    0.25   clock uncertainty
                          0.00    0.25   clock reconvergence pessimism
                         -2.00   -1.75   output external delay
                                 -1.75   data required time
-----------------------------------------------------------------------------
                                 -1.75   data required time
                                 -2.63   data arrival time
-----------------------------------------------------------------------------
                                  4.38   slack (MET)


Startpoint: A[1] (input port clocked by __VIRTUAL_CLK__)
Endpoint: ALU_Out[1] (output port clocked by __VIRTUAL_CLK__)
Path Group: __VIRTUAL_CLK__
Path Type: min
Corner: Typical

Fanout     Cap    Slew   Delay    Time   Description
-----------------------------------------------------------------------------
                  0.00    0.00    0.00   clock __VIRTUAL_CLK__ (rise edge)
                          0.00    0.00   clock network delay (ideal)
                          2.00    2.00 ^ input external delay
                  0.02    0.01    2.01 ^ A[1] (in)
     1    0.00                           A[1] (net)
                  0.02    0.00    2.01 ^ input2/A (sky130_fd_sc_hd__clkbuf_2)
                  0.11    0.13    2.14 ^ input2/X (sky130_fd_sc_hd__clkbuf_2)
     4    0.02                           net2 (net)
                  0.11    0.00    2.14 ^ _138_/B (sky130_fd_sc_hd__or2_1)
                  0.07    0.13    2.27 ^ _138_/X (sky130_fd_sc_hd__or2_1)
     2    0.01                           _071_ (net)
                  0.07    0.00    2.27 ^ _167_/A1 (sky130_fd_sc_hd__a221o_1)
                  0.08    0.17    2.44 ^ _167_/X (sky130_fd_sc_hd__a221o_1)
     1    0.01                           net21 (net)
                  0.08    0.00    2.44 ^ output21/A (sky130_fd_sc_hd__clkbuf_4)
                  0.11    0.19    2.63 ^ output21/X (sky130_fd_sc_hd__clkbuf_4)
     1    0.04                           ALU_Out[1] (net)
                  0.11    0.00    2.63 ^ ALU_Out[1] (out)
                                  2.63   data arrival time

                  0.00    0.00    0.00   clock __VIRTUAL_CLK__ (rise edge)
                          0.00    0.00   clock network delay (ideal)
                          0.25    0.25   clock uncertainty
                          0.00    0.25   clock reconvergence pessimism
                         -2.00   -1.75   output external delay
                                 -1.75   data required time
-----------------------------------------------------------------------------
                                 -1.75   data required time
                                 -2.63   data arrival time
-----------------------------------------------------------------------------
                                  4.38   slack (MET)


Startpoint: B[0] (input port clocked by __VIRTUAL_CLK__)
Endpoint: ALU_Out[0] (output port clocked by __VIRTUAL_CLK__)
Path Group: __VIRTUAL_CLK__
Path Type: min
Corner: Typical

Fanout     Cap    Slew   Delay    Time   Description
-----------------------------------------------------------------------------
                  0.00    0.00    0.00   clock __VIRTUAL_CLK__ (rise edge)
                          0.00    0.00   clock network delay (ideal)
                          2.00    2.00 v input external delay
                  0.01    0.01    2.01 v B[0] (in)
     1    0.00                           B[0] (net)
                  0.01    0.00    2.01 v input9/A (sky130_fd_sc_hd__buf_1)
                  0.08    0.11    2.12 v input9/X (sky130_fd_sc_hd__buf_1)
     4    0.01                           net9 (net)
                  0.08    0.00    2.12 v _155_/A (sky130_fd_sc_hd__nand2_1)
                  0.13    0.13    2.24 ^ _155_/Y (sky130_fd_sc_hd__nand2_1)
     3    0.01                           _087_ (net)
                  0.13    0.00    2.24 ^ _156_/S (sky130_fd_sc_hd__mux2_1)
                  0.04    0.14    2.38 ^ _156_/X (sky130_fd_sc_hd__mux2_1)
     1    0.00                           _088_ (net)
                  0.04    0.00    2.38 ^ _157_/A (sky130_fd_sc_hd__clkbuf_1)
                  0.04    0.07    2.45 ^ _157_/X (sky130_fd_sc_hd__clkbuf_1)
     1    0.00                           net20 (net)
                  0.04    0.00    2.45 ^ output20/A (sky130_fd_sc_hd__clkbuf_4)
                  0.11    0.18    2.63 ^ output20/X (sky130_fd_sc_hd__clkbuf_4)
     1    0.03                           ALU_Out[0] (net)
                  0.11    0.00    2.63 ^ ALU_Out[0] (out)
                                  2.63   data arrival time

                  0.00    0.00    0.00   clock __VIRTUAL_CLK__ (rise edge)
                          0.00    0.00   clock network delay (ideal)
                          0.25    0.25   clock uncertainty
                          0.00    0.25   clock reconvergence pessimism
                         -2.00   -1.75   output external delay
                                 -1.75   data required time
-----------------------------------------------------------------------------
                                 -1.75   data required time
                                 -2.63   data arrival time
-----------------------------------------------------------------------------
                                  4.38   slack (MET)


Startpoint: opcode[2] (input port clocked by __VIRTUAL_CLK__)
Endpoint: ALU_Out[2] (output port clocked by __VIRTUAL_CLK__)
Path Group: __VIRTUAL_CLK__
Path Type: min
Corner: Typical

Fanout     Cap    Slew   Delay    Time   Description
-----------------------------------------------------------------------------
                  0.00    0.00    0.00   clock __VIRTUAL_CLK__ (rise edge)
                          0.00    0.00   clock network delay (ideal)
                          2.00    2.00 ^ input external delay
                  0.02    0.01    2.01 ^ opcode[2] (in)
     1    0.00                           opcode[2] (net)
                  0.02    0.00    2.01 ^ input19/A (sky130_fd_sc_hd__buf_2)
                  0.14    0.16    2.17 ^ input19/X (sky130_fd_sc_hd__buf_2)
     6    0.03                           net19 (net)
                  0.14    0.00    2.17 ^ _135_/A (sky130_fd_sc_hd__nor3b_4)
                  0.07    0.09    2.26 v _135_/Y (sky130_fd_sc_hd__nor3b_4)
     8    0.03                           _068_ (net)
                  0.07    0.00    2.26 v _176_/A2 (sky130_fd_sc_hd__a31o_1)
                  0.06    0.23    2.49 v _176_/X (sky130_fd_sc_hd__a31o_1)
     1    0.01                           net22 (net)
                  0.06    0.00    2.49 v output22/A (sky130_fd_sc_hd__clkbuf_4)
                  0.08    0.18    2.67 v output22/X (sky130_fd_sc_hd__clkbuf_4)
     1    0.03                           ALU_Out[2] (net)
                  0.08    0.00    2.67 v ALU_Out[2] (out)
                                  2.67   data arrival time

                  0.00    0.00    0.00   clock __VIRTUAL_CLK__ (rise edge)
                          0.00    0.00   clock network delay (ideal)
                          0.25    0.25   clock uncertainty
                          0.00    0.25   clock reconvergence pessimism
                         -2.00   -1.75   output external delay
                                 -1.75   data required time
-----------------------------------------------------------------------------
                                 -1.75   data required time
                                 -2.67   data arrival time
-----------------------------------------------------------------------------
                                  4.42   slack (MET)


Startpoint: A[4] (input port clocked by __VIRTUAL_CLK__)
Endpoint: ALU_Out[4] (output port clocked by __VIRTUAL_CLK__)
Path Group: __VIRTUAL_CLK__
Path Type: min
Corner: Typical

Fanout     Cap    Slew   Delay    Time   Description
-----------------------------------------------------------------------------
                  0.00    0.00    0.00   clock __VIRTUAL_CLK__ (rise edge)
                          0.00    0.00   clock network delay (ideal)
                          2.00    2.00 v input external delay
                  0.01    0.00    2.00 v A[4] (in)
     1    0.00                           A[4] (net)
                  0.01    0.00    2.00 v input5/A (sky130_fd_sc_hd__buf_1)
                  0.07    0.10    2.11 v input5/X (sky130_fd_sc_hd__buf_1)
     3    0.01                           net5 (net)
                  0.07    0.00    2.11 v _114_/B (sky130_fd_sc_hd__nand2_2)
                  0.10    0.11    2.22 ^ _114_/Y (sky130_fd_sc_hd__nand2_2)
     5    0.02                           _047_ (net)
                  0.10    0.00    2.22 ^ _116_/A (sky130_fd_sc_hd__nand2_2)
                  0.07    0.09    2.31 v _116_/Y (sky130_fd_sc_hd__nand2_2)
     6    0.02                           _049_ (net)
                  0.07    0.00    2.31 v _189_/A (sky130_fd_sc_hd__nand2_1)
                  0.05    0.07    2.37 ^ _189_/Y (sky130_fd_sc_hd__nand2_1)
     1    0.00                           _011_ (net)
                  0.05    0.00    2.37 ^ _196_/A1 (sky130_fd_sc_hd__a311o_1)
                  0.05    0.14    2.51 ^ _196_/X (sky130_fd_sc_hd__a311o_1)
     1    0.00                           net24 (net)
                  0.05    0.00    2.51 ^ output24/A (sky130_fd_sc_hd__clkbuf_4)
                  0.11    0.18    2.69 ^ output24/X (sky130_fd_sc_hd__clkbuf_4)
     1    0.03                           ALU_Out[4] (net)
                  0.11    0.00    2.69 ^ ALU_Out[4] (out)
                                  2.69   data arrival time

                  0.00    0.00    0.00   clock __VIRTUAL_CLK__ (rise edge)
                          0.00    0.00   clock network delay (ideal)
                          0.25    0.25   clock uncertainty
                          0.00    0.25   clock reconvergence pessimism
                         -2.00   -1.75   output external delay
                                 -1.75   data required time
-----------------------------------------------------------------------------
                                 -1.75   data required time
                                 -2.69   data arrival time
-----------------------------------------------------------------------------
                                  4.44   slack (MET)



