
===========================================================================
report_checks -path_delay max (Setup)
============================================================================
======================= Fastest Corner ===================================

Startpoint: B[0] (input port clocked by __VIRTUAL_CLK__)
Endpoint: ALU_Out[7] (output port clocked by __VIRTUAL_CLK__)
Path Group: __VIRTUAL_CLK__
Path Type: max
Corner: Fastest

Fanout     Cap    Slew   Delay    Time   Description
-----------------------------------------------------------------------------
                  0.00    0.00    0.00   clock __VIRTUAL_CLK__ (rise edge)
                          0.00    0.00   clock network delay (ideal)
                          2.00    2.00 ^ input external delay
                  0.02    0.01    2.01 ^ B[0] (in)
     1    0.00                           B[0] (net)
                  0.02    0.00    2.01 ^ input9/A (sky130_fd_sc_hd__buf_1)
                  0.13    0.12    2.13 ^ input9/X (sky130_fd_sc_hd__buf_1)
     4    0.01                           net9 (net)
                  0.13    0.00    2.13 ^ _122_/B_N (sky130_fd_sc_hd__or2b_1)
                  0.05    0.17    2.31 v _122_/X (sky130_fd_sc_hd__or2b_1)
     3    0.01                           _055_ (net)
                  0.05    0.00    2.31 v _124_/A2 (sky130_fd_sc_hd__a21o_1)
                  0.04    0.15    2.45 v _124_/X (sky130_fd_sc_hd__a21o_1)
     3    0.01                           _057_ (net)
                  0.04    0.00    2.45 v _127_/A3 (sky130_fd_sc_hd__a311o_1)
                  0.07    0.27    2.72 v _127_/X (sky130_fd_sc_hd__a311o_1)
     3    0.01                           _060_ (net)
                  0.07    0.00    2.73 v _129_/A2 (sky130_fd_sc_hd__a21oi_1)
                  0.15    0.17    2.90 ^ _129_/Y (sky130_fd_sc_hd__a21oi_1)
     3    0.01                           _062_ (net)
                  0.15    0.00    2.90 ^ _131_/A2 (sky130_fd_sc_hd__o21a_1)
                  0.10    0.13    3.03 ^ _131_/X (sky130_fd_sc_hd__o21a_1)
     3    0.01                           _064_ (net)
                  0.10    0.00    3.03 ^ _133_/A2 (sky130_fd_sc_hd__o21ai_1)
                  0.07    0.06    3.09 v _133_/Y (sky130_fd_sc_hd__o21ai_1)
     2    0.01                           _066_ (net)
                  0.07    0.00    3.09 v _213_/B (sky130_fd_sc_hd__xor2_1)
                  0.05    0.10    3.19 v _213_/X (sky130_fd_sc_hd__xor2_1)
     1    0.00                           _032_ (net)
                  0.05    0.00    3.19 v _220_/A2 (sky130_fd_sc_hd__a211o_1)
                  0.03    0.19    3.39 v _220_/X (sky130_fd_sc_hd__a211o_1)
     1    0.00                           net27 (net)
                  0.03    0.00    3.39 v output27/A (sky130_fd_sc_hd__clkbuf_4)
                  0.06    0.13    3.52 v output27/X (sky130_fd_sc_hd__clkbuf_4)
     1    0.03                           ALU_Out[7] (net)
                  0.06    0.00    3.52 v ALU_Out[7] (out)
                                  3.52   data arrival time

                  0.00   10.00   10.00   clock __VIRTUAL_CLK__ (rise edge)
                          0.00   10.00   clock network delay (ideal)
                         -0.25    9.75   clock uncertainty
                          0.00    9.75   clock reconvergence pessimism
                         -2.00    7.75   output external delay
                                  7.75   data required time
-----------------------------------------------------------------------------
                                  7.75   data required time
                                 -3.52   data arrival time
-----------------------------------------------------------------------------
                                  4.23   slack (MET)


Startpoint: B[0] (input port clocked by __VIRTUAL_CLK__)
Endpoint: ALU_Out[6] (output port clocked by __VIRTUAL_CLK__)
Path Group: __VIRTUAL_CLK__
Path Type: max
Corner: Fastest

Fanout     Cap    Slew   Delay    Time   Description
-----------------------------------------------------------------------------
                  0.00    0.00    0.00   clock __VIRTUAL_CLK__ (rise edge)
                          0.00    0.00   clock network delay (ideal)
                          2.00    2.00 ^ input external delay
                  0.02    0.01    2.01 ^ B[0] (in)
     1    0.00                           B[0] (net)
                  0.02    0.00    2.01 ^ input9/A (sky130_fd_sc_hd__buf_1)
                  0.13    0.12    2.13 ^ input9/X (sky130_fd_sc_hd__buf_1)
     4    0.01                           net9 (net)
                  0.13    0.00    2.13 ^ _122_/B_N (sky130_fd_sc_hd__or2b_1)
                  0.05    0.17    2.31 v _122_/X (sky130_fd_sc_hd__or2b_1)
     3    0.01                           _055_ (net)
                  0.05    0.00    2.31 v _124_/A2 (sky130_fd_sc_hd__a21o_1)
                  0.04    0.15    2.45 v _124_/X (sky130_fd_sc_hd__a21o_1)
     3    0.01                           _057_ (net)
                  0.04    0.00    2.45 v _127_/A3 (sky130_fd_sc_hd__a311o_1)
                  0.07    0.27    2.72 v _127_/X (sky130_fd_sc_hd__a311o_1)
     3    0.01                           _060_ (net)
                  0.07    0.00    2.73 v _129_/A2 (sky130_fd_sc_hd__a21oi_1)
                  0.15    0.17    2.90 ^ _129_/Y (sky130_fd_sc_hd__a21oi_1)
     3    0.01                           _062_ (net)
                  0.15    0.00    2.90 ^ _131_/A2 (sky130_fd_sc_hd__o21a_1)
                  0.10    0.13    3.03 ^ _131_/X (sky130_fd_sc_hd__o21a_1)
     3    0.01                           _064_ (net)
                  0.10    0.00    3.03 ^ _207_/B (sky130_fd_sc_hd__nor2_1)
                  0.04    0.03    3.06 v _207_/Y (sky130_fd_sc_hd__nor2_1)
     1    0.00                           _027_ (net)
                  0.04    0.00    3.06 v _209_/A (sky130_fd_sc_hd__or3b_1)
                  0.04    0.22    3.28 v _209_/X (sky130_fd_sc_hd__or3b_1)
     1    0.00                           _029_ (net)
                  0.04    0.00    3.28 v _212_/B1 (sky130_fd_sc_hd__o211ai_1)
                  0.10    0.07    3.35 ^ _212_/Y (sky130_fd_sc_hd__o211ai_1)
     1    0.00                           net26 (net)
                  0.10    0.00    3.35 ^ output26/A (sky130_fd_sc_hd__clkbuf_4)
                  0.08    0.15    3.50 ^ output26/X (sky130_fd_sc_hd__clkbuf_4)
     1    0.03                           ALU_Out[6] (net)
                  0.08    0.00    3.50 ^ ALU_Out[6] (out)
                                  3.50   data arrival time

                  0.00   10.00   10.00   clock __VIRTUAL_CLK__ (rise edge)
                          0.00   10.00   clock network delay (ideal)
                         -0.25    9.75   clock uncertainty
                          0.00    9.75   clock reconvergence pessimism
                         -2.00    7.75   output external delay
                                  7.75   data required time
-----------------------------------------------------------------------------
                                  7.75   data required time
                                 -3.50   data arrival time
-----------------------------------------------------------------------------
                                  4.25   slack (MET)


Startpoint: B[0] (input port clocked by __VIRTUAL_CLK__)
Endpoint: CarryOut (output port clocked by __VIRTUAL_CLK__)
Path Group: __VIRTUAL_CLK__
Path Type: max
Corner: Fastest

Fanout     Cap    Slew   Delay    Time   Description
-----------------------------------------------------------------------------
                  0.00    0.00    0.00   clock __VIRTUAL_CLK__ (rise edge)
                          0.00    0.00   clock network delay (ideal)
                          2.00    2.00 ^ input external delay
                  0.02    0.01    2.01 ^ B[0] (in)
     1    0.00                           B[0] (net)
                  0.02    0.00    2.01 ^ input9/A (sky130_fd_sc_hd__buf_1)
                  0.13    0.12    2.13 ^ input9/X (sky130_fd_sc_hd__buf_1)
     4    0.01                           net9 (net)
                  0.13    0.00    2.13 ^ _122_/B_N (sky130_fd_sc_hd__or2b_1)
                  0.05    0.17    2.31 v _122_/X (sky130_fd_sc_hd__or2b_1)
     3    0.01                           _055_ (net)
                  0.05    0.00    2.31 v _124_/A2 (sky130_fd_sc_hd__a21o_1)
                  0.04    0.15    2.45 v _124_/X (sky130_fd_sc_hd__a21o_1)
     3    0.01                           _057_ (net)
                  0.04    0.00    2.45 v _127_/A3 (sky130_fd_sc_hd__a311o_1)
                  0.07    0.27    2.72 v _127_/X (sky130_fd_sc_hd__a311o_1)
     3    0.01                           _060_ (net)
                  0.07    0.00    2.73 v _129_/A2 (sky130_fd_sc_hd__a21oi_1)
                  0.15    0.17    2.90 ^ _129_/Y (sky130_fd_sc_hd__a21oi_1)
     3    0.01                           _062_ (net)
                  0.15    0.00    2.90 ^ _131_/A2 (sky130_fd_sc_hd__o21a_1)
                  0.10    0.13    3.03 ^ _131_/X (sky130_fd_sc_hd__o21a_1)
     3    0.01                           _064_ (net)
                  0.10    0.00    3.03 ^ _133_/A2 (sky130_fd_sc_hd__o21ai_1)
                  0.07    0.06    3.09 v _133_/Y (sky130_fd_sc_hd__o21ai_1)
     2    0.01                           _066_ (net)
                  0.07    0.00    3.09 v _134_/B (sky130_fd_sc_hd__nand2_1)
                  0.04    0.06    3.15 ^ _134_/Y (sky130_fd_sc_hd__nand2_1)
     1    0.00                           _067_ (net)
                  0.04    0.00    3.15 ^ _151_/A2 (sky130_fd_sc_hd__a31o_1)
                  0.08    0.12    3.27 ^ _151_/X (sky130_fd_sc_hd__a31o_1)
     1    0.01                           net28 (net)
                  0.08    0.00    3.27 ^ output28/A (sky130_fd_sc_hd__clkbuf_4)
                  0.09    0.15    3.42 ^ output28/X (sky130_fd_sc_hd__clkbuf_4)
     1    0.03                           CarryOut (net)
                  0.09    0.00    3.42 ^ CarryOut (out)
                                  3.42   data arrival time

                  0.00   10.00   10.00   clock __VIRTUAL_CLK__ (rise edge)
                          0.00   10.00   clock network delay (ideal)
                         -0.25    9.75   clock uncertainty
                          0.00    9.75   clock reconvergence pessimism
                         -2.00    7.75   output external delay
                                  7.75   data required time
-----------------------------------------------------------------------------
                                  7.75   data required time
                                 -3.42   data arrival time
-----------------------------------------------------------------------------
                                  4.33   slack (MET)


Startpoint: B[0] (input port clocked by __VIRTUAL_CLK__)
Endpoint: ALU_Out[5] (output port clocked by __VIRTUAL_CLK__)
Path Group: __VIRTUAL_CLK__
Path Type: max
Corner: Fastest

Fanout     Cap    Slew   Delay    Time   Description
-----------------------------------------------------------------------------
                  0.00    0.00    0.00   clock __VIRTUAL_CLK__ (rise edge)
                          0.00    0.00   clock network delay (ideal)
                          2.00    2.00 ^ input external delay
                  0.02    0.01    2.01 ^ B[0] (in)
     1    0.00                           B[0] (net)
                  0.02    0.00    2.01 ^ input9/A (sky130_fd_sc_hd__buf_1)
                  0.13    0.12    2.13 ^ input9/X (sky130_fd_sc_hd__buf_1)
     4    0.01                           net9 (net)
                  0.13    0.00    2.13 ^ _122_/B_N (sky130_fd_sc_hd__or2b_1)
                  0.05    0.17    2.31 v _122_/X (sky130_fd_sc_hd__or2b_1)
     3    0.01                           _055_ (net)
                  0.05    0.00    2.31 v _124_/A2 (sky130_fd_sc_hd__a21o_1)
                  0.04    0.15    2.45 v _124_/X (sky130_fd_sc_hd__a21o_1)
     3    0.01                           _057_ (net)
                  0.04    0.00    2.45 v _127_/A3 (sky130_fd_sc_hd__a311o_1)
                  0.07    0.27    2.72 v _127_/X (sky130_fd_sc_hd__a311o_1)
     3    0.01                           _060_ (net)
                  0.07    0.00    2.73 v _129_/A2 (sky130_fd_sc_hd__a21oi_1)
                  0.15    0.17    2.90 ^ _129_/Y (sky130_fd_sc_hd__a21oi_1)
     3    0.01                           _062_ (net)
                  0.15    0.00    2.90 ^ _200_/B (sky130_fd_sc_hd__nand2_1)
                  0.04    0.04    2.94 v _200_/Y (sky130_fd_sc_hd__nand2_1)
     1    0.00                           _021_ (net)
                  0.04    0.00    2.94 v _203_/A3 (sky130_fd_sc_hd__a31o_1)
                  0.03    0.14    3.08 v _203_/X (sky130_fd_sc_hd__a31o_1)
     1    0.00                           _024_ (net)
                  0.03    0.00    3.08 v _204_/B1 (sky130_fd_sc_hd__a31o_1)
                  0.03    0.07    3.15 v _204_/X (sky130_fd_sc_hd__a31o_1)
     1    0.00                           net25 (net)
                  0.03    0.00    3.15 v output25/A (sky130_fd_sc_hd__clkbuf_4)
                  0.06    0.13    3.28 v output25/X (sky130_fd_sc_hd__clkbuf_4)
     1    0.03                           ALU_Out[5] (net)
                  0.06    0.00    3.28 v ALU_Out[5] (out)
                                  3.28   data arrival time

                  0.00   10.00   10.00   clock __VIRTUAL_CLK__ (rise edge)
                          0.00   10.00   clock network delay (ideal)
                         -0.25    9.75   clock uncertainty
                          0.00    9.75   clock reconvergence pessimism
                         -2.00    7.75   output external delay
                                  7.75   data required time
-----------------------------------------------------------------------------
                                  7.75   data required time
                                 -3.28   data arrival time
-----------------------------------------------------------------------------
                                  4.47   slack (MET)


Startpoint: B[0] (input port clocked by __VIRTUAL_CLK__)
Endpoint: ALU_Out[4] (output port clocked by __VIRTUAL_CLK__)
Path Group: __VIRTUAL_CLK__
Path Type: max
Corner: Fastest

Fanout     Cap    Slew   Delay    Time   Description
-----------------------------------------------------------------------------
                  0.00    0.00    0.00   clock __VIRTUAL_CLK__ (rise edge)
                          0.00    0.00   clock network delay (ideal)
                          2.00    2.00 ^ input external delay
                  0.02    0.01    2.01 ^ B[0] (in)
     1    0.00                           B[0] (net)
                  0.02    0.00    2.01 ^ input9/A (sky130_fd_sc_hd__buf_1)
                  0.13    0.12    2.13 ^ input9/X (sky130_fd_sc_hd__buf_1)
     4    0.01                           net9 (net)
                  0.13    0.00    2.13 ^ _122_/B_N (sky130_fd_sc_hd__or2b_1)
                  0.05    0.17    2.31 v _122_/X (sky130_fd_sc_hd__or2b_1)
     3    0.01                           _055_ (net)
                  0.05    0.00    2.31 v _124_/A2 (sky130_fd_sc_hd__a21o_1)
                  0.04    0.15    2.45 v _124_/X (sky130_fd_sc_hd__a21o_1)
     3    0.01                           _057_ (net)
                  0.04    0.00    2.45 v _127_/A3 (sky130_fd_sc_hd__a311o_1)
                  0.07    0.27    2.72 v _127_/X (sky130_fd_sc_hd__a311o_1)
     3    0.01                           _060_ (net)
                  0.07    0.00    2.73 v _190_/B (sky130_fd_sc_hd__or2_1)
                  0.03    0.14    2.87 v _190_/X (sky130_fd_sc_hd__or2_1)
     1    0.00                           _012_ (net)
                  0.03    0.00    2.87 v _196_/A3 (sky130_fd_sc_hd__a311o_1)
                  0.04    0.22    3.09 v _196_/X (sky130_fd_sc_hd__a311o_1)
     1    0.00                           net24 (net)
                  0.04    0.00    3.09 v output24/A (sky130_fd_sc_hd__clkbuf_4)
                  0.06    0.13    3.22 v output24/X (sky130_fd_sc_hd__clkbuf_4)
     1    0.03                           ALU_Out[4] (net)
                  0.06    0.00    3.23 v ALU_Out[4] (out)
                                  3.23   data arrival time

                  0.00   10.00   10.00   clock __VIRTUAL_CLK__ (rise edge)
                          0.00   10.00   clock network delay (ideal)
                         -0.25    9.75   clock uncertainty
                          0.00    9.75   clock reconvergence pessimism
                         -2.00    7.75   output external delay
                                  7.75   data required time
-----------------------------------------------------------------------------
                                  7.75   data required time
                                 -3.23   data arrival time
-----------------------------------------------------------------------------
                                  4.52   slack (MET)


Startpoint: B[0] (input port clocked by __VIRTUAL_CLK__)
Endpoint: ALU_Out[3] (output port clocked by __VIRTUAL_CLK__)
Path Group: __VIRTUAL_CLK__
Path Type: max
Corner: Fastest

Fanout     Cap    Slew   Delay    Time   Description
-----------------------------------------------------------------------------
                  0.00    0.00    0.00   clock __VIRTUAL_CLK__ (rise edge)
                          0.00    0.00   clock network delay (ideal)
                          2.00    2.00 ^ input external delay
                  0.02    0.01    2.01 ^ B[0] (in)
     1    0.00                           B[0] (net)
                  0.02    0.00    2.01 ^ input9/A (sky130_fd_sc_hd__buf_1)
                  0.13    0.12    2.13 ^ input9/X (sky130_fd_sc_hd__buf_1)
     4    0.01                           net9 (net)
                  0.13    0.00    2.13 ^ _122_/B_N (sky130_fd_sc_hd__or2b_1)
                  0.05    0.17    2.31 v _122_/X (sky130_fd_sc_hd__or2b_1)
     3    0.01                           _055_ (net)
                  0.05    0.00    2.31 v _124_/A2 (sky130_fd_sc_hd__a21o_1)
                  0.04    0.15    2.45 v _124_/X (sky130_fd_sc_hd__a21o_1)
     3    0.01                           _057_ (net)
                  0.04    0.00    2.45 v _168_/B (sky130_fd_sc_hd__nand2_1)
                  0.09    0.09    2.55 ^ _168_/Y (sky130_fd_sc_hd__nand2_1)
     3    0.01                           _098_ (net)
                  0.09    0.00    2.55 ^ _181_/B (sky130_fd_sc_hd__nor2_1)
                  0.04    0.03    2.57 v _181_/Y (sky130_fd_sc_hd__nor2_1)
     1    0.00                           _004_ (net)
                  0.04    0.00    2.57 v _184_/A (sky130_fd_sc_hd__or4b_1)
                  0.05    0.31    2.88 v _184_/X (sky130_fd_sc_hd__or4b_1)
     1    0.00                           _007_ (net)
                  0.05    0.00    2.88 v _188_/B1 (sky130_fd_sc_hd__o211ai_1)
                  0.10    0.07    2.95 ^ _188_/Y (sky130_fd_sc_hd__o211ai_1)
     1    0.00                           net23 (net)
                  0.10    0.00    2.95 ^ output23/A (sky130_fd_sc_hd__clkbuf_4)
                  0.08    0.15    3.11 ^ output23/X (sky130_fd_sc_hd__clkbuf_4)
     1    0.03                           ALU_Out[3] (net)
                  0.08    0.00    3.11 ^ ALU_Out[3] (out)
                                  3.11   data arrival time

                  0.00   10.00   10.00   clock __VIRTUAL_CLK__ (rise edge)
                          0.00   10.00   clock network delay (ideal)
                         -0.25    9.75   clock uncertainty
                          0.00    9.75   clock reconvergence pessimism
                         -2.00    7.75   output external delay
                                  7.75   data required time
-----------------------------------------------------------------------------
                                  7.75   data required time
                                 -3.11   data arrival time
-----------------------------------------------------------------------------
                                  4.64   slack (MET)


Startpoint: opcode[2] (input port clocked by __VIRTUAL_CLK__)
Endpoint: ALU_Out[1] (output port clocked by __VIRTUAL_CLK__)
Path Group: __VIRTUAL_CLK__
Path Type: max
Corner: Fastest

Fanout     Cap    Slew   Delay    Time   Description
-----------------------------------------------------------------------------
                  0.00    0.00    0.00   clock __VIRTUAL_CLK__ (rise edge)
                          0.00    0.00   clock network delay (ideal)
                          2.00    2.00 ^ input external delay
                  0.01    0.01    2.01 ^ opcode[2] (in)
     1    0.00                           opcode[2] (net)
                  0.01    0.00    2.01 ^ input19/A (sky130_fd_sc_hd__buf_2)
                  0.12    0.13    2.13 ^ input19/X (sky130_fd_sc_hd__buf_2)
     6    0.03                           net19 (net)
                  0.12    0.00    2.14 ^ _152_/A_N (sky130_fd_sc_hd__and2b_1)
                  0.05    0.15    2.29 v _152_/X (sky130_fd_sc_hd__and2b_1)
     4    0.01                           _084_ (net)
                  0.05    0.00    2.29 v _158_/B (sky130_fd_sc_hd__and2b_2)
                  0.06    0.17    2.46 v _158_/X (sky130_fd_sc_hd__and2b_2)
     7    0.03                           _089_ (net)
                  0.06    0.00    2.47 v _162_/A2 (sky130_fd_sc_hd__a211o_1)
                  0.04    0.20    2.67 v _162_/X (sky130_fd_sc_hd__a211o_1)
     1    0.00                           _093_ (net)
                  0.04    0.00    2.67 v _167_/A2 (sky130_fd_sc_hd__a221o_1)
                  0.05    0.21    2.88 v _167_/X (sky130_fd_sc_hd__a221o_1)
     1    0.01                           net21 (net)
                  0.05    0.00    2.88 v output21/A (sky130_fd_sc_hd__clkbuf_4)
                  0.06    0.14    3.02 v output21/X (sky130_fd_sc_hd__clkbuf_4)
     1    0.04                           ALU_Out[1] (net)
                  0.06    0.00    3.03 v ALU_Out[1] (out)
                                  3.03   data arrival time

                  0.00   10.00   10.00   clock __VIRTUAL_CLK__ (rise edge)
                          0.00   10.00   clock network delay (ideal)
                         -0.25    9.75   clock uncertainty
                          0.00    9.75   clock reconvergence pessimism
                         -2.00    7.75   output external delay
                                  7.75   data required time
-----------------------------------------------------------------------------
                                  7.75   data required time
                                 -3.03   data arrival time
-----------------------------------------------------------------------------
                                  4.72   slack (MET)


Startpoint: B[1] (input port clocked by __VIRTUAL_CLK__)
Endpoint: ALU_Out[2] (output port clocked by __VIRTUAL_CLK__)
Path Group: __VIRTUAL_CLK__
Path Type: max
Corner: Fastest

Fanout     Cap    Slew   Delay    Time   Description
-----------------------------------------------------------------------------
                  0.00    0.00    0.00   clock __VIRTUAL_CLK__ (rise edge)
                          0.00    0.00   clock network delay (ideal)
                          2.00    2.00 ^ input external delay
                  0.02    0.01    2.01 ^ B[1] (in)
     1    0.00                           B[1] (net)
                  0.02    0.00    2.01 ^ input10/A (sky130_fd_sc_hd__dlymetal6s2s_1)
                  0.16    0.15    2.16 ^ input10/X (sky130_fd_sc_hd__dlymetal6s2s_1)
     4    0.02                           net10 (net)
                  0.16    0.00    2.16 ^ _139_/A (sky130_fd_sc_hd__and2_1)
                  0.09    0.14    2.30 ^ _139_/X (sky130_fd_sc_hd__and2_1)
     3    0.01                           _072_ (net)
                  0.09    0.00    2.30 ^ _140_/B1 (sky130_fd_sc_hd__a31o_1)
                  0.11    0.13    2.43 ^ _140_/X (sky130_fd_sc_hd__a31o_1)
     3    0.02                           _073_ (net)
                  0.11    0.00    2.43 ^ _172_/B (sky130_fd_sc_hd__nand2_1)
                  0.05    0.05    2.48 v _172_/Y (sky130_fd_sc_hd__nand2_1)
     2    0.01                           _102_ (net)
                  0.05    0.00    2.48 v _174_/A2 (sky130_fd_sc_hd__o221a_1)
                  0.03    0.15    2.63 v _174_/X (sky130_fd_sc_hd__o221a_1)
     1    0.00                           _104_ (net)
                  0.03    0.00    2.63 v _175_/C1 (sky130_fd_sc_hd__a221o_1)
                  0.04    0.10    2.73 v _175_/X (sky130_fd_sc_hd__a221o_1)
     1    0.00                           _105_ (net)
                  0.04    0.00    2.73 v _176_/B1 (sky130_fd_sc_hd__a31o_1)
                  0.05    0.10    2.83 v _176_/X (sky130_fd_sc_hd__a31o_1)
     1    0.01                           net22 (net)
                  0.05    0.00    2.83 v output22/A (sky130_fd_sc_hd__clkbuf_4)
                  0.06    0.14    2.96 v output22/X (sky130_fd_sc_hd__clkbuf_4)
     1    0.03                           ALU_Out[2] (net)
                  0.06    0.00    2.96 v ALU_Out[2] (out)
                                  2.96   data arrival time

                  0.00   10.00   10.00   clock __VIRTUAL_CLK__ (rise edge)
                          0.00   10.00   clock network delay (ideal)
                         -0.25    9.75   clock uncertainty
                          0.00    9.75   clock reconvergence pessimism
                         -2.00    7.75   output external delay
                                  7.75   data required time
-----------------------------------------------------------------------------
                                  7.75   data required time
                                 -2.96   data arrival time
-----------------------------------------------------------------------------
                                  4.79   slack (MET)


Startpoint: opcode[0] (input port clocked by __VIRTUAL_CLK__)
Endpoint: ALU_Out[0] (output port clocked by __VIRTUAL_CLK__)
Path Group: __VIRTUAL_CLK__
Path Type: max
Corner: Fastest

Fanout     Cap    Slew   Delay    Time   Description
-----------------------------------------------------------------------------
                  0.00    0.00    0.00   clock __VIRTUAL_CLK__ (rise edge)
                          0.00    0.00   clock network delay (ideal)
                          2.00    2.00 ^ input external delay
                  0.01    0.01    2.01 ^ opcode[0] (in)
     1    0.00                           opcode[0] (net)
                  0.01    0.00    2.01 ^ input17/A (sky130_fd_sc_hd__clkbuf_2)
                  0.11    0.12    2.13 ^ input17/X (sky130_fd_sc_hd__clkbuf_2)
     8    0.03                           net17 (net)
                  0.11    0.00    2.13 ^ _153_/S (sky130_fd_sc_hd__mux2_1)
                  0.04    0.21    2.34 v _153_/X (sky130_fd_sc_hd__mux2_1)
     1    0.00                           _085_ (net)
                  0.04    0.00    2.34 v _154_/B1_N (sky130_fd_sc_hd__o21ba_1)
                  0.03    0.13    2.47 ^ _154_/X (sky130_fd_sc_hd__o21ba_1)
     1    0.00                           _086_ (net)
                  0.03    0.00    2.47 ^ _156_/A1 (sky130_fd_sc_hd__mux2_1)
                  0.03    0.07    2.55 ^ _156_/X (sky130_fd_sc_hd__mux2_1)
     1    0.00                           _088_ (net)
                  0.03    0.00    2.55 ^ _157_/A (sky130_fd_sc_hd__clkbuf_1)
                  0.03    0.05    2.60 ^ _157_/X (sky130_fd_sc_hd__clkbuf_1)
     1    0.00                           net20 (net)
                  0.03    0.00    2.60 ^ output20/A (sky130_fd_sc_hd__clkbuf_4)
                  0.09    0.13    2.73 ^ output20/X (sky130_fd_sc_hd__clkbuf_4)
     1    0.03                           ALU_Out[0] (net)
                  0.09    0.00    2.73 ^ ALU_Out[0] (out)
                                  2.73   data arrival time

                  0.00   10.00   10.00   clock __VIRTUAL_CLK__ (rise edge)
                          0.00   10.00   clock network delay (ideal)
                         -0.25    9.75   clock uncertainty
                          0.00    9.75   clock reconvergence pessimism
                         -2.00    7.75   output external delay
                                  7.75   data required time
-----------------------------------------------------------------------------
                                  7.75   data required time
                                 -2.73   data arrival time
-----------------------------------------------------------------------------
                                  5.02   slack (MET)



======================= Slowest Corner ===================================

Startpoint: B[0] (input port clocked by __VIRTUAL_CLK__)
Endpoint: ALU_Out[6] (output port clocked by __VIRTUAL_CLK__)
Path Group: __VIRTUAL_CLK__
Path Type: max
Corner: Slowest

Fanout     Cap    Slew   Delay    Time   Description
-----------------------------------------------------------------------------
                  0.00    0.00    0.00   clock __VIRTUAL_CLK__ (rise edge)
                          0.00    0.00   clock network delay (ideal)
                          2.00    2.00 ^ input external delay
                  0.04    0.02    2.02 ^ B[0] (in)
     1    0.00                           B[0] (net)
                  0.04    0.00    2.02 ^ input9/A (sky130_fd_sc_hd__buf_1)
                  0.27    0.29    2.32 ^ input9/X (sky130_fd_sc_hd__buf_1)
     4    0.01                           net9 (net)
                  0.27    0.00    2.32 ^ _122_/B_N (sky130_fd_sc_hd__or2b_1)
                  0.16    0.67    2.99 v _122_/X (sky130_fd_sc_hd__or2b_1)
     3    0.01                           _055_ (net)
                  0.16    0.00    2.99 v _124_/A2 (sky130_fd_sc_hd__a21o_1)
                  0.11    0.42    3.41 v _124_/X (sky130_fd_sc_hd__a21o_1)
     3    0.01                           _057_ (net)
                  0.11    0.00    3.41 v _127_/A3 (sky130_fd_sc_hd__a311o_1)
                  0.18    0.81    4.22 v _127_/X (sky130_fd_sc_hd__a311o_1)
     3    0.01                           _060_ (net)
                  0.18    0.00    4.22 v _129_/A2 (sky130_fd_sc_hd__a21oi_1)
                  0.33    0.42    4.64 ^ _129_/Y (sky130_fd_sc_hd__a21oi_1)
     3    0.01                           _062_ (net)
                  0.33    0.00    4.64 ^ _131_/A2 (sky130_fd_sc_hd__o21a_1)
                  0.21    0.42    5.06 ^ _131_/X (sky130_fd_sc_hd__o21a_1)
     3    0.01                           _064_ (net)
                  0.21    0.00    5.06 ^ _207_/B (sky130_fd_sc_hd__nor2_1)
                  0.10    0.12    5.18 v _207_/Y (sky130_fd_sc_hd__nor2_1)
     1    0.00                           _027_ (net)
                  0.10    0.00    5.18 v _209_/A (sky130_fd_sc_hd__or3b_1)
                  0.14    0.90    6.08 v _209_/X (sky130_fd_sc_hd__or3b_1)
     1    0.00                           _029_ (net)
                  0.14    0.00    6.08 v _212_/B1 (sky130_fd_sc_hd__o211ai_1)
                  0.24    0.18    6.26 ^ _212_/Y (sky130_fd_sc_hd__o211ai_1)
     1    0.00                           net26 (net)
                  0.24    0.00    6.26 ^ output26/A (sky130_fd_sc_hd__clkbuf_4)
                  0.18    0.43    6.69 ^ output26/X (sky130_fd_sc_hd__clkbuf_4)
     1    0.03                           ALU_Out[6] (net)
                  0.18    0.00    6.69 ^ ALU_Out[6] (out)
                                  6.69   data arrival time

                  0.00   10.00   10.00   clock __VIRTUAL_CLK__ (rise edge)
                          0.00   10.00   clock network delay (ideal)
                         -0.25    9.75   clock uncertainty
                          0.00    9.75   clock reconvergence pessimism
                         -2.00    7.75   output external delay
                                  7.75   data required time
-----------------------------------------------------------------------------
                                  7.75   data required time
                                 -6.69   data arrival time
-----------------------------------------------------------------------------
                                  1.06   slack (MET)


Startpoint: B[0] (input port clocked by __VIRTUAL_CLK__)
Endpoint: ALU_Out[7] (output port clocked by __VIRTUAL_CLK__)
Path Group: __VIRTUAL_CLK__
Path Type: max
Corner: Slowest

Fanout     Cap    Slew   Delay    Time   Description
-----------------------------------------------------------------------------
                  0.00    0.00    0.00   clock __VIRTUAL_CLK__ (rise edge)
                          0.00    0.00   clock network delay (ideal)
                          2.00    2.00 ^ input external delay
                  0.04    0.02    2.02 ^ B[0] (in)
     1    0.00                           B[0] (net)
                  0.04    0.00    2.02 ^ input9/A (sky130_fd_sc_hd__buf_1)
                  0.27    0.29    2.32 ^ input9/X (sky130_fd_sc_hd__buf_1)
     4    0.01                           net9 (net)
                  0.27    0.00    2.32 ^ _122_/B_N (sky130_fd_sc_hd__or2b_1)
                  0.16    0.67    2.99 v _122_/X (sky130_fd_sc_hd__or2b_1)
     3    0.01                           _055_ (net)
                  0.16    0.00    2.99 v _124_/A2 (sky130_fd_sc_hd__a21o_1)
                  0.11    0.42    3.41 v _124_/X (sky130_fd_sc_hd__a21o_1)
     3    0.01                           _057_ (net)
                  0.11    0.00    3.41 v _127_/A3 (sky130_fd_sc_hd__a311o_1)
                  0.18    0.81    4.22 v _127_/X (sky130_fd_sc_hd__a311o_1)
     3    0.01                           _060_ (net)
                  0.18    0.00    4.22 v _129_/A2 (sky130_fd_sc_hd__a21oi_1)
                  0.33    0.42    4.64 ^ _129_/Y (sky130_fd_sc_hd__a21oi_1)
     3    0.01                           _062_ (net)
                  0.33    0.00    4.64 ^ _131_/A2 (sky130_fd_sc_hd__o21a_1)
                  0.21    0.42    5.06 ^ _131_/X (sky130_fd_sc_hd__o21a_1)
     3    0.01                           _064_ (net)
                  0.21    0.00    5.06 ^ _133_/A2 (sky130_fd_sc_hd__o21ai_1)
                  0.18    0.23    5.29 v _133_/Y (sky130_fd_sc_hd__o21ai_1)
     2    0.01                           _066_ (net)
                  0.18    0.00    5.29 v _213_/B (sky130_fd_sc_hd__xor2_1)
                  0.12    0.32    5.61 v _213_/X (sky130_fd_sc_hd__xor2_1)
     1    0.00                           _032_ (net)
                  0.12    0.00    5.61 v _220_/A2 (sky130_fd_sc_hd__a211o_1)
                  0.09    0.59    6.20 v _220_/X (sky130_fd_sc_hd__a211o_1)
     1    0.00                           net27 (net)
                  0.09    0.00    6.20 v output27/A (sky130_fd_sc_hd__clkbuf_4)
                  0.14    0.35    6.55 v output27/X (sky130_fd_sc_hd__clkbuf_4)
     1    0.03                           ALU_Out[7] (net)
                  0.14    0.00    6.55 v ALU_Out[7] (out)
                                  6.55   data arrival time

                  0.00   10.00   10.00   clock __VIRTUAL_CLK__ (rise edge)
                          0.00   10.00   clock network delay (ideal)
                         -0.25    9.75   clock uncertainty
                          0.00    9.75   clock reconvergence pessimism
                         -2.00    7.75   output external delay
                                  7.75   data required time
-----------------------------------------------------------------------------
                                  7.75   data required time
                                 -6.55   data arrival time
-----------------------------------------------------------------------------
                                  1.20   slack (MET)


Startpoint: B[1] (input port clocked by __VIRTUAL_CLK__)
Endpoint: CarryOut (output port clocked by __VIRTUAL_CLK__)
Path Group: __VIRTUAL_CLK__
Path Type: max
Corner: Slowest

Fanout     Cap    Slew   Delay    Time   Description
-----------------------------------------------------------------------------
                  0.00    0.00    0.00   clock __VIRTUAL_CLK__ (rise edge)
                          0.00    0.00   clock network delay (ideal)
                          2.00    2.00 v input external delay
                  0.02    0.01    2.01 v B[1] (in)
     1    0.00                           B[1] (net)
                  0.02    0.00    2.01 v input10/A (sky130_fd_sc_hd__dlymetal6s2s_1)
                  0.19    0.38    2.39 v input10/X (sky130_fd_sc_hd__dlymetal6s2s_1)
     4    0.02                           net10 (net)
                  0.19    0.00    2.40 v _138_/A (sky130_fd_sc_hd__or2_1)
                  0.13    0.62    3.01 v _138_/X (sky130_fd_sc_hd__or2_1)
     2    0.01                           _071_ (net)
                  0.13    0.00    3.01 v _140_/A3 (sky130_fd_sc_hd__a31o_1)
                  0.16    0.53    3.55 v _140_/X (sky130_fd_sc_hd__a31o_1)
     3    0.01                           _073_ (net)
                  0.16    0.00    3.55 v _143_/A2 (sky130_fd_sc_hd__a211oi_2)
                  0.37    0.52    4.07 ^ _143_/Y (sky130_fd_sc_hd__a211oi_2)
     3    0.01                           _076_ (net)
                  0.37    0.00    4.07 ^ _146_/A3 (sky130_fd_sc_hd__o41a_1)
                  0.16    0.44    4.51 ^ _146_/X (sky130_fd_sc_hd__o41a_1)
     2    0.01                           _079_ (net)
                  0.16    0.00    4.51 ^ _147_/A2 (sky130_fd_sc_hd__a21oi_1)
                  0.16    0.23    4.74 v _147_/Y (sky130_fd_sc_hd__a21oi_1)
     3    0.01                           _080_ (net)
                  0.16    0.00    4.74 v _148_/C1 (sky130_fd_sc_hd__a211o_1)
                  0.09    0.49    5.24 v _148_/X (sky130_fd_sc_hd__a211o_1)
     1    0.00                           _081_ (net)
                  0.09    0.00    5.24 v _150_/B1 (sky130_fd_sc_hd__o211a_1)
                  0.08    0.25    5.49 v _150_/X (sky130_fd_sc_hd__o211a_1)
     1    0.00                           _083_ (net)
                  0.08    0.00    5.49 v _151_/B1 (sky130_fd_sc_hd__a31o_1)
                  0.12    0.41    5.90 v _151_/X (sky130_fd_sc_hd__a31o_1)
     1    0.01                           net28 (net)
                  0.12    0.00    5.90 v output28/A (sky130_fd_sc_hd__clkbuf_4)
                  0.14    0.37    6.27 v output28/X (sky130_fd_sc_hd__clkbuf_4)
     1    0.03                           CarryOut (net)
                  0.14    0.00    6.27 v CarryOut (out)
                                  6.27   data arrival time

                  0.00   10.00   10.00   clock __VIRTUAL_CLK__ (rise edge)
                          0.00   10.00   clock network delay (ideal)
                         -0.25    9.75   clock uncertainty
                          0.00    9.75   clock reconvergence pessimism
                         -2.00    7.75   output external delay
                                  7.75   data required time
-----------------------------------------------------------------------------
                                  7.75   data required time
                                 -6.27   data arrival time
-----------------------------------------------------------------------------
                                  1.48   slack (MET)


Startpoint: B[0] (input port clocked by __VIRTUAL_CLK__)
Endpoint: ALU_Out[5] (output port clocked by __VIRTUAL_CLK__)
Path Group: __VIRTUAL_CLK__
Path Type: max
Corner: Slowest

Fanout     Cap    Slew   Delay    Time   Description
-----------------------------------------------------------------------------
                  0.00    0.00    0.00   clock __VIRTUAL_CLK__ (rise edge)
                          0.00    0.00   clock network delay (ideal)
                          2.00    2.00 ^ input external delay
                  0.04    0.02    2.02 ^ B[0] (in)
     1    0.00                           B[0] (net)
                  0.04    0.00    2.02 ^ input9/A (sky130_fd_sc_hd__buf_1)
                  0.27    0.29    2.32 ^ input9/X (sky130_fd_sc_hd__buf_1)
     4    0.01                           net9 (net)
                  0.27    0.00    2.32 ^ _122_/B_N (sky130_fd_sc_hd__or2b_1)
                  0.16    0.67    2.99 v _122_/X (sky130_fd_sc_hd__or2b_1)
     3    0.01                           _055_ (net)
                  0.16    0.00    2.99 v _124_/A2 (sky130_fd_sc_hd__a21o_1)
                  0.11    0.42    3.41 v _124_/X (sky130_fd_sc_hd__a21o_1)
     3    0.01                           _057_ (net)
                  0.11    0.00    3.41 v _127_/A3 (sky130_fd_sc_hd__a311o_1)
                  0.18    0.81    4.22 v _127_/X (sky130_fd_sc_hd__a311o_1)
     3    0.01                           _060_ (net)
                  0.18    0.00    4.22 v _129_/A2 (sky130_fd_sc_hd__a21oi_1)
                  0.33    0.42    4.64 ^ _129_/Y (sky130_fd_sc_hd__a21oi_1)
     3    0.01                           _062_ (net)
                  0.33    0.00    4.64 ^ _200_/B (sky130_fd_sc_hd__nand2_1)
                  0.10    0.20    4.84 v _200_/Y (sky130_fd_sc_hd__nand2_1)
     1    0.00                           _021_ (net)
                  0.10    0.00    4.84 v _203_/A3 (sky130_fd_sc_hd__a31o_1)
                  0.07    0.42    5.26 v _203_/X (sky130_fd_sc_hd__a31o_1)
     1    0.00                           _024_ (net)
                  0.07    0.00    5.26 v _204_/B1 (sky130_fd_sc_hd__a31o_1)
                  0.07    0.35    5.61 v _204_/X (sky130_fd_sc_hd__a31o_1)
     1    0.00                           net25 (net)
                  0.07    0.00    5.61 v output25/A (sky130_fd_sc_hd__clkbuf_4)
                  0.14    0.34    5.95 v output25/X (sky130_fd_sc_hd__clkbuf_4)
     1    0.03                           ALU_Out[5] (net)
                  0.14    0.00    5.95 v ALU_Out[5] (out)
                                  5.95   data arrival time

                  0.00   10.00   10.00   clock __VIRTUAL_CLK__ (rise edge)
                          0.00   10.00   clock network delay (ideal)
                         -0.25    9.75   clock uncertainty
                          0.00    9.75   clock reconvergence pessimism
                         -2.00    7.75   output external delay
                                  7.75   data required time
-----------------------------------------------------------------------------
                                  7.75   data required time
                                 -5.95   data arrival time
-----------------------------------------------------------------------------
                                  1.80   slack (MET)


Startpoint: B[0] (input port clocked by __VIRTUAL_CLK__)
Endpoint: ALU_Out[4] (output port clocked by __VIRTUAL_CLK__)
Path Group: __VIRTUAL_CLK__
Path Type: max
Corner: Slowest

Fanout     Cap    Slew   Delay    Time   Description
-----------------------------------------------------------------------------
                  0.00    0.00    0.00   clock __VIRTUAL_CLK__ (rise edge)
                          0.00    0.00   clock network delay (ideal)
                          2.00    2.00 ^ input external delay
                  0.04    0.02    2.02 ^ B[0] (in)
     1    0.00                           B[0] (net)
                  0.04    0.00    2.02 ^ input9/A (sky130_fd_sc_hd__buf_1)
                  0.27    0.29    2.32 ^ input9/X (sky130_fd_sc_hd__buf_1)
     4    0.01                           net9 (net)
                  0.27    0.00    2.32 ^ _122_/B_N (sky130_fd_sc_hd__or2b_1)
                  0.16    0.67    2.99 v _122_/X (sky130_fd_sc_hd__or2b_1)
     3    0.01                           _055_ (net)
                  0.16    0.00    2.99 v _124_/A2 (sky130_fd_sc_hd__a21o_1)
                  0.11    0.42    3.41 v _124_/X (sky130_fd_sc_hd__a21o_1)
     3    0.01                           _057_ (net)
                  0.11    0.00    3.41 v _127_/A3 (sky130_fd_sc_hd__a311o_1)
                  0.18    0.81    4.22 v _127_/X (sky130_fd_sc_hd__a311o_1)
     3    0.01                           _060_ (net)
                  0.18    0.00    4.22 v _190_/B (sky130_fd_sc_hd__or2_1)
                  0.10    0.53    4.75 v _190_/X (sky130_fd_sc_hd__or2_1)
     1    0.00                           _012_ (net)
                  0.10    0.00    4.75 v _196_/A3 (sky130_fd_sc_hd__a311o_1)
                  0.10    0.69    5.43 v _196_/X (sky130_fd_sc_hd__a311o_1)
     1    0.00                           net24 (net)
                  0.10    0.00    5.43 v output24/A (sky130_fd_sc_hd__clkbuf_4)
                  0.14    0.35    5.79 v output24/X (sky130_fd_sc_hd__clkbuf_4)
     1    0.03                           ALU_Out[4] (net)
                  0.14    0.00    5.79 v ALU_Out[4] (out)
                                  5.79   data arrival time

                  0.00   10.00   10.00   clock __VIRTUAL_CLK__ (rise edge)
                          0.00   10.00   clock network delay (ideal)
                         -0.25    9.75   clock uncertainty
                          0.00    9.75   clock reconvergence pessimism
                         -2.00    7.75   output external delay
                                  7.75   data required time
-----------------------------------------------------------------------------
                                  7.75   data required time
                                 -5.79   data arrival time
-----------------------------------------------------------------------------
                                  1.96   slack (MET)


Startpoint: B[2] (input port clocked by __VIRTUAL_CLK__)
Endpoint: ALU_Out[3] (output port clocked by __VIRTUAL_CLK__)
Path Group: __VIRTUAL_CLK__
Path Type: max
Corner: Slowest

Fanout     Cap    Slew   Delay    Time   Description
-----------------------------------------------------------------------------
                  0.00    0.00    0.00   clock __VIRTUAL_CLK__ (rise edge)
                          0.00    0.00   clock network delay (ideal)
                          2.00    2.00 v input external delay
                  0.02    0.01    2.01 v B[2] (in)
     1    0.00                           B[2] (net)
                  0.02    0.00    2.01 v input11/A (sky130_fd_sc_hd__dlymetal6s2s_1)
                  0.20    0.39    2.40 v input11/X (sky130_fd_sc_hd__dlymetal6s2s_1)
     5    0.02                           net11 (net)
                  0.20    0.00    2.40 v _119_/A (sky130_fd_sc_hd__or2_1)
                  0.20    0.71    3.11 v _119_/X (sky130_fd_sc_hd__or2_1)
     4    0.02                           _052_ (net)
                  0.20    0.00    3.11 v _120_/B (sky130_fd_sc_hd__nand2_1)
                  0.23    0.30    3.41 ^ _120_/Y (sky130_fd_sc_hd__nand2_1)
     4    0.01                           _053_ (net)
                  0.23    0.00    3.41 ^ _168_/A (sky130_fd_sc_hd__nand2_1)
                  0.20    0.28    3.68 v _168_/Y (sky130_fd_sc_hd__nand2_1)
     3    0.01                           _098_ (net)
                  0.20    0.00    3.69 v _183_/C1 (sky130_fd_sc_hd__o211a_1)
                  0.06    0.26    3.94 v _183_/X (sky130_fd_sc_hd__o211a_1)
     1    0.00                           _006_ (net)
                  0.06    0.00    3.94 v _184_/C (sky130_fd_sc_hd__or4b_1)
                  0.18    1.15    5.10 v _184_/X (sky130_fd_sc_hd__or4b_1)
     1    0.00                           _007_ (net)
                  0.18    0.00    5.10 v _188_/B1 (sky130_fd_sc_hd__o211ai_1)
                  0.24    0.20    5.30 ^ _188_/Y (sky130_fd_sc_hd__o211ai_1)
     1    0.00                           net23 (net)
                  0.24    0.00    5.30 ^ output23/A (sky130_fd_sc_hd__clkbuf_4)
                  0.18    0.43    5.72 ^ output23/X (sky130_fd_sc_hd__clkbuf_4)
     1    0.03                           ALU_Out[3] (net)
                  0.18    0.00    5.73 ^ ALU_Out[3] (out)
                                  5.73   data arrival time

                  0.00   10.00   10.00   clock __VIRTUAL_CLK__ (rise edge)
                          0.00   10.00   clock network delay (ideal)
                         -0.25    9.75   clock uncertainty
                          0.00    9.75   clock reconvergence pessimism
                         -2.00    7.75   output external delay
                                  7.75   data required time
-----------------------------------------------------------------------------
                                  7.75   data required time
                                 -5.73   data arrival time
-----------------------------------------------------------------------------
                                  2.02   slack (MET)


Startpoint: B[1] (input port clocked by __VIRTUAL_CLK__)
Endpoint: ALU_Out[2] (output port clocked by __VIRTUAL_CLK__)
Path Group: __VIRTUAL_CLK__
Path Type: max
Corner: Slowest

Fanout     Cap    Slew   Delay    Time   Description
-----------------------------------------------------------------------------
                  0.00    0.00    0.00   clock __VIRTUAL_CLK__ (rise edge)
                          0.00    0.00   clock network delay (ideal)
                          2.00    2.00 v input external delay
                  0.02    0.01    2.01 v B[1] (in)
     1    0.00                           B[1] (net)
                  0.02    0.00    2.01 v input10/A (sky130_fd_sc_hd__dlymetal6s2s_1)
                  0.19    0.38    2.39 v input10/X (sky130_fd_sc_hd__dlymetal6s2s_1)
     4    0.02                           net10 (net)
                  0.19    0.00    2.40 v _138_/A (sky130_fd_sc_hd__or2_1)
                  0.13    0.62    3.01 v _138_/X (sky130_fd_sc_hd__or2_1)
     2    0.01                           _071_ (net)
                  0.13    0.00    3.01 v _140_/A3 (sky130_fd_sc_hd__a31o_1)
                  0.16    0.53    3.55 v _140_/X (sky130_fd_sc_hd__a31o_1)
     3    0.01                           _073_ (net)
                  0.16    0.00    3.55 v _174_/B2 (sky130_fd_sc_hd__o221a_1)
                  0.09    0.44    3.99 v _174_/X (sky130_fd_sc_hd__o221a_1)
     1    0.00                           _104_ (net)
                  0.09    0.00    3.99 v _175_/C1 (sky130_fd_sc_hd__a221o_1)
                  0.10    0.53    4.52 v _175_/X (sky130_fd_sc_hd__a221o_1)
     1    0.00                           _105_ (net)
                  0.10    0.00    4.52 v _176_/B1 (sky130_fd_sc_hd__a31o_1)
                  0.13    0.43    4.95 v _176_/X (sky130_fd_sc_hd__a31o_1)
     1    0.01                           net22 (net)
                  0.13    0.00    4.95 v output22/A (sky130_fd_sc_hd__clkbuf_4)
                  0.14    0.37    5.32 v output22/X (sky130_fd_sc_hd__clkbuf_4)
     1    0.03                           ALU_Out[2] (net)
                  0.14    0.00    5.32 v ALU_Out[2] (out)
                                  5.32   data arrival time

                  0.00   10.00   10.00   clock __VIRTUAL_CLK__ (rise edge)
                          0.00   10.00   clock network delay (ideal)
                         -0.25    9.75   clock uncertainty
                          0.00    9.75   clock reconvergence pessimism
                         -2.00    7.75   output external delay
                                  7.75   data required time
-----------------------------------------------------------------------------
                                  7.75   data required time
                                 -5.32   data arrival time
-----------------------------------------------------------------------------
                                  2.43   slack (MET)


Startpoint: opcode[2] (input port clocked by __VIRTUAL_CLK__)
Endpoint: ALU_Out[1] (output port clocked by __VIRTUAL_CLK__)
Path Group: __VIRTUAL_CLK__
Path Type: max
Corner: Slowest

Fanout     Cap    Slew   Delay    Time   Description
-----------------------------------------------------------------------------
                  0.00    0.00    0.00   clock __VIRTUAL_CLK__ (rise edge)
                          0.00    0.00   clock network delay (ideal)
                          2.00    2.00 ^ input external delay
                  0.03    0.01    2.01 ^ opcode[2] (in)
     1    0.00                           opcode[2] (net)
                  0.03    0.00    2.01 ^ input19/A (sky130_fd_sc_hd__buf_2)
                  0.24    0.32    2.33 ^ input19/X (sky130_fd_sc_hd__buf_2)
     6    0.03                           net19 (net)
                  0.24    0.00    2.33 ^ _152_/A_N (sky130_fd_sc_hd__and2b_1)
                  0.14    0.52    2.86 v _152_/X (sky130_fd_sc_hd__and2b_1)
     4    0.01                           _084_ (net)
                  0.14    0.00    2.86 v _158_/B (sky130_fd_sc_hd__and2b_2)
                  0.16    0.58    3.43 v _158_/X (sky130_fd_sc_hd__and2b_2)
     7    0.03                           _089_ (net)
                  0.16    0.00    3.44 v _162_/A2 (sky130_fd_sc_hd__a211o_1)
                  0.10    0.62    4.06 v _162_/X (sky130_fd_sc_hd__a211o_1)
     1    0.00                           _093_ (net)
                  0.10    0.00    4.06 v _167_/A2 (sky130_fd_sc_hd__a221o_1)
                  0.15    0.75    4.81 v _167_/X (sky130_fd_sc_hd__a221o_1)
     1    0.01                           net21 (net)
                  0.15    0.00    4.81 v output21/A (sky130_fd_sc_hd__clkbuf_4)
                  0.14    0.38    5.19 v output21/X (sky130_fd_sc_hd__clkbuf_4)
     1    0.04                           ALU_Out[1] (net)
                  0.14    0.00    5.19 v ALU_Out[1] (out)
                                  5.19   data arrival time

                  0.00   10.00   10.00   clock __VIRTUAL_CLK__ (rise edge)
                          0.00   10.00   clock network delay (ideal)
                         -0.25    9.75   clock uncertainty
                          0.00    9.75   clock reconvergence pessimism
                         -2.00    7.75   output external delay
                                  7.75   data required time
-----------------------------------------------------------------------------
                                  7.75   data required time
                                 -5.19   data arrival time
-----------------------------------------------------------------------------
                                  2.56   slack (MET)


Startpoint: opcode[0] (input port clocked by __VIRTUAL_CLK__)
Endpoint: ALU_Out[0] (output port clocked by __VIRTUAL_CLK__)
Path Group: __VIRTUAL_CLK__
Path Type: max
Corner: Slowest

Fanout     Cap    Slew   Delay    Time   Description
-----------------------------------------------------------------------------
                  0.00    0.00    0.00   clock __VIRTUAL_CLK__ (rise edge)
                          0.00    0.00   clock network delay (ideal)
                          2.00    2.00 ^ input external delay
                  0.03    0.02    2.02 ^ opcode[0] (in)
     1    0.00                           opcode[0] (net)
                  0.03    0.00    2.02 ^ input17/A (sky130_fd_sc_hd__clkbuf_2)
                  0.22    0.30    2.32 ^ input17/X (sky130_fd_sc_hd__clkbuf_2)
     8    0.03                           net17 (net)
                  0.22    0.00    2.32 ^ _153_/S (sky130_fd_sc_hd__mux2_1)
                  0.13    0.82    3.14 v _153_/X (sky130_fd_sc_hd__mux2_1)
     1    0.00                           _085_ (net)
                  0.13    0.00    3.14 v _154_/B1_N (sky130_fd_sc_hd__o21ba_1)
                  0.07    0.46    3.60 ^ _154_/X (sky130_fd_sc_hd__o21ba_1)
     1    0.00                           _086_ (net)
                  0.07    0.00    3.60 ^ _156_/A1 (sky130_fd_sc_hd__mux2_1)
                  0.07    0.23    3.83 ^ _156_/X (sky130_fd_sc_hd__mux2_1)
     1    0.00                           _088_ (net)
                  0.07    0.00    3.83 ^ _157_/A (sky130_fd_sc_hd__clkbuf_1)
                  0.07    0.16    3.99 ^ _157_/X (sky130_fd_sc_hd__clkbuf_1)
     1    0.00                           net20 (net)
                  0.07    0.00    3.99 ^ output20/A (sky130_fd_sc_hd__clkbuf_4)
                  0.18    0.35    4.33 ^ output20/X (sky130_fd_sc_hd__clkbuf_4)
     1    0.03                           ALU_Out[0] (net)
                  0.18    0.00    4.34 ^ ALU_Out[0] (out)
                                  4.34   data arrival time

                  0.00   10.00   10.00   clock __VIRTUAL_CLK__ (rise edge)
                          0.00   10.00   clock network delay (ideal)
                         -0.25    9.75   clock uncertainty
                          0.00    9.75   clock reconvergence pessimism
                         -2.00    7.75   output external delay
                                  7.75   data required time
-----------------------------------------------------------------------------
                                  7.75   data required time
                                 -4.34   data arrival time
-----------------------------------------------------------------------------
                                  3.41   slack (MET)



======================= Typical Corner ===================================

Startpoint: B[0] (input port clocked by __VIRTUAL_CLK__)
Endpoint: ALU_Out[6] (output port clocked by __VIRTUAL_CLK__)
Path Group: __VIRTUAL_CLK__
Path Type: max
Corner: Typical

Fanout     Cap    Slew   Delay    Time   Description
-----------------------------------------------------------------------------
                  0.00    0.00    0.00   clock __VIRTUAL_CLK__ (rise edge)
                          0.00    0.00   clock network delay (ideal)
                          2.00    2.00 ^ input external delay
                  0.02    0.01    2.01 ^ B[0] (in)
     1    0.00                           B[0] (net)
                  0.02    0.00    2.01 ^ input9/A (sky130_fd_sc_hd__buf_1)
                  0.17    0.17    2.18 ^ input9/X (sky130_fd_sc_hd__buf_1)
     4    0.01                           net9 (net)
                  0.17    0.00    2.18 ^ _122_/B_N (sky130_fd_sc_hd__or2b_1)
                  0.08    0.30    2.48 v _122_/X (sky130_fd_sc_hd__or2b_1)
     3    0.01                           _055_ (net)
                  0.08    0.00    2.48 v _124_/A2 (sky130_fd_sc_hd__a21o_1)
                  0.06    0.22    2.71 v _124_/X (sky130_fd_sc_hd__a21o_1)
     3    0.01                           _057_ (net)
                  0.06    0.00    2.71 v _127_/A3 (sky130_fd_sc_hd__a311o_1)
                  0.10    0.43    3.14 v _127_/X (sky130_fd_sc_hd__a311o_1)
     3    0.01                           _060_ (net)
                  0.10    0.00    3.14 v _129_/A2 (sky130_fd_sc_hd__a21oi_1)
                  0.20    0.25    3.38 ^ _129_/Y (sky130_fd_sc_hd__a21oi_1)
     3    0.01                           _062_ (net)
                  0.20    0.00    3.38 ^ _131_/A2 (sky130_fd_sc_hd__o21a_1)
                  0.13    0.21    3.60 ^ _131_/X (sky130_fd_sc_hd__o21a_1)
     3    0.01                           _064_ (net)
                  0.13    0.00    3.60 ^ _207_/B (sky130_fd_sc_hd__nor2_1)
                  0.06    0.05    3.65 v _207_/Y (sky130_fd_sc_hd__nor2_1)
     1    0.00                           _027_ (net)
                  0.06    0.00    3.65 v _209_/A (sky130_fd_sc_hd__or3b_1)
                  0.07    0.39    4.04 v _209_/X (sky130_fd_sc_hd__or3b_1)
     1    0.00                           _029_ (net)
                  0.07    0.00    4.04 v _212_/B1 (sky130_fd_sc_hd__o211ai_1)
                  0.14    0.10    4.14 ^ _212_/Y (sky130_fd_sc_hd__o211ai_1)
     1    0.00                           net26 (net)
                  0.14    0.00    4.14 ^ output26/A (sky130_fd_sc_hd__clkbuf_4)
                  0.11    0.23    4.37 ^ output26/X (sky130_fd_sc_hd__clkbuf_4)
     1    0.03                           ALU_Out[6] (net)
                  0.11    0.00    4.37 ^ ALU_Out[6] (out)
                                  4.37   data arrival time

                  0.00   10.00   10.00   clock __VIRTUAL_CLK__ (rise edge)
                          0.00   10.00   clock network delay (ideal)
                         -0.25    9.75   clock uncertainty
                          0.00    9.75   clock reconvergence pessimism
                         -2.00    7.75   output external delay
                                  7.75   data required time
-----------------------------------------------------------------------------
                                  7.75   data required time
                                 -4.37   data arrival time
-----------------------------------------------------------------------------
                                  3.38   slack (MET)


Startpoint: B[0] (input port clocked by __VIRTUAL_CLK__)
Endpoint: ALU_Out[7] (output port clocked by __VIRTUAL_CLK__)
Path Group: __VIRTUAL_CLK__
Path Type: max
Corner: Typical

Fanout     Cap    Slew   Delay    Time   Description
-----------------------------------------------------------------------------
                  0.00    0.00    0.00   clock __VIRTUAL_CLK__ (rise edge)
                          0.00    0.00   clock network delay (ideal)
                          2.00    2.00 ^ input external delay
                  0.02    0.01    2.01 ^ B[0] (in)
     1    0.00                           B[0] (net)
                  0.02    0.00    2.01 ^ input9/A (sky130_fd_sc_hd__buf_1)
                  0.17    0.17    2.18 ^ input9/X (sky130_fd_sc_hd__buf_1)
     4    0.01                           net9 (net)
                  0.17    0.00    2.18 ^ _122_/B_N (sky130_fd_sc_hd__or2b_1)
                  0.08    0.30    2.48 v _122_/X (sky130_fd_sc_hd__or2b_1)
     3    0.01                           _055_ (net)
                  0.08    0.00    2.48 v _124_/A2 (sky130_fd_sc_hd__a21o_1)
                  0.06    0.22    2.71 v _124_/X (sky130_fd_sc_hd__a21o_1)
     3    0.01                           _057_ (net)
                  0.06    0.00    2.71 v _127_/A3 (sky130_fd_sc_hd__a311o_1)
                  0.10    0.43    3.14 v _127_/X (sky130_fd_sc_hd__a311o_1)
     3    0.01                           _060_ (net)
                  0.10    0.00    3.14 v _129_/A2 (sky130_fd_sc_hd__a21oi_1)
                  0.20    0.25    3.38 ^ _129_/Y (sky130_fd_sc_hd__a21oi_1)
     3    0.01                           _062_ (net)
                  0.20    0.00    3.38 ^ _131_/A2 (sky130_fd_sc_hd__o21a_1)
                  0.13    0.21    3.60 ^ _131_/X (sky130_fd_sc_hd__o21a_1)
     3    0.01                           _064_ (net)
                  0.13    0.00    3.60 ^ _133_/A2 (sky130_fd_sc_hd__o21ai_1)
                  0.09    0.10    3.70 v _133_/Y (sky130_fd_sc_hd__o21ai_1)
     2    0.01                           _066_ (net)
                  0.09    0.00    3.70 v _213_/B (sky130_fd_sc_hd__xor2_1)
                  0.06    0.16    3.86 v _213_/X (sky130_fd_sc_hd__xor2_1)
     1    0.00                           _032_ (net)
                  0.06    0.00    3.86 v _220_/A2 (sky130_fd_sc_hd__a211o_1)
                  0.05    0.31    4.17 v _220_/X (sky130_fd_sc_hd__a211o_1)
     1    0.00                           net27 (net)
                  0.05    0.00    4.17 v output27/A (sky130_fd_sc_hd__clkbuf_4)
                  0.08    0.19    4.36 v output27/X (sky130_fd_sc_hd__clkbuf_4)
     1    0.03                           ALU_Out[7] (net)
                  0.08    0.00    4.37 v ALU_Out[7] (out)
                                  4.37   data arrival time

                  0.00   10.00   10.00   clock __VIRTUAL_CLK__ (rise edge)
                          0.00   10.00   clock network delay (ideal)
                         -0.25    9.75   clock uncertainty
                          0.00    9.75   clock reconvergence pessimism
                         -2.00    7.75   output external delay
                                  7.75   data required time
-----------------------------------------------------------------------------
                                  7.75   data required time
                                 -4.37   data arrival time
-----------------------------------------------------------------------------
                                  3.38   slack (MET)


Startpoint: B[0] (input port clocked by __VIRTUAL_CLK__)
Endpoint: CarryOut (output port clocked by __VIRTUAL_CLK__)
Path Group: __VIRTUAL_CLK__
Path Type: max
Corner: Typical

Fanout     Cap    Slew   Delay    Time   Description
-----------------------------------------------------------------------------
                  0.00    0.00    0.00   clock __VIRTUAL_CLK__ (rise edge)
                          0.00    0.00   clock network delay (ideal)
                          2.00    2.00 ^ input external delay
                  0.02    0.01    2.01 ^ B[0] (in)
     1    0.00                           B[0] (net)
                  0.02    0.00    2.01 ^ input9/A (sky130_fd_sc_hd__buf_1)
                  0.17    0.17    2.18 ^ input9/X (sky130_fd_sc_hd__buf_1)
     4    0.01                           net9 (net)
                  0.17    0.00    2.18 ^ _122_/B_N (sky130_fd_sc_hd__or2b_1)
                  0.08    0.30    2.48 v _122_/X (sky130_fd_sc_hd__or2b_1)
     3    0.01                           _055_ (net)
                  0.08    0.00    2.48 v _124_/A2 (sky130_fd_sc_hd__a21o_1)
                  0.06    0.22    2.71 v _124_/X (sky130_fd_sc_hd__a21o_1)
     3    0.01                           _057_ (net)
                  0.06    0.00    2.71 v _127_/A3 (sky130_fd_sc_hd__a311o_1)
                  0.10    0.43    3.14 v _127_/X (sky130_fd_sc_hd__a311o_1)
     3    0.01                           _060_ (net)
                  0.10    0.00    3.14 v _129_/A2 (sky130_fd_sc_hd__a21oi_1)
                  0.20    0.25    3.38 ^ _129_/Y (sky130_fd_sc_hd__a21oi_1)
     3    0.01                           _062_ (net)
                  0.20    0.00    3.38 ^ _131_/A2 (sky130_fd_sc_hd__o21a_1)
                  0.13    0.21    3.60 ^ _131_/X (sky130_fd_sc_hd__o21a_1)
     3    0.01                           _064_ (net)
                  0.13    0.00    3.60 ^ _133_/A2 (sky130_fd_sc_hd__o21ai_1)
                  0.09    0.10    3.70 v _133_/Y (sky130_fd_sc_hd__o21ai_1)
     2    0.01                           _066_ (net)
                  0.09    0.00    3.70 v _134_/B (sky130_fd_sc_hd__nand2_1)
                  0.05    0.09    3.79 ^ _134_/Y (sky130_fd_sc_hd__nand2_1)
     1    0.00                           _067_ (net)
                  0.05    0.00    3.79 ^ _151_/A2 (sky130_fd_sc_hd__a31o_1)
                  0.11    0.19    3.98 ^ _151_/X (sky130_fd_sc_hd__a31o_1)
     1    0.01                           net28 (net)
                  0.11    0.00    3.98 ^ output28/A (sky130_fd_sc_hd__clkbuf_4)
                  0.11    0.22    4.20 ^ output28/X (sky130_fd_sc_hd__clkbuf_4)
     1    0.03                           CarryOut (net)
                  0.11    0.00    4.20 ^ CarryOut (out)
                                  4.20   data arrival time

                  0.00   10.00   10.00   clock __VIRTUAL_CLK__ (rise edge)
                          0.00   10.00   clock network delay (ideal)
                         -0.25    9.75   clock uncertainty
                          0.00    9.75   clock reconvergence pessimism
                         -2.00    7.75   output external delay
                                  7.75   data required time
-----------------------------------------------------------------------------
                                  7.75   data required time
                                 -4.20   data arrival time
-----------------------------------------------------------------------------
                                  3.55   slack (MET)


Startpoint: B[0] (input port clocked by __VIRTUAL_CLK__)
Endpoint: ALU_Out[5] (output port clocked by __VIRTUAL_CLK__)
Path Group: __VIRTUAL_CLK__
Path Type: max
Corner: Typical

Fanout     Cap    Slew   Delay    Time   Description
-----------------------------------------------------------------------------
                  0.00    0.00    0.00   clock __VIRTUAL_CLK__ (rise edge)
                          0.00    0.00   clock network delay (ideal)
                          2.00    2.00 ^ input external delay
                  0.02    0.01    2.01 ^ B[0] (in)
     1    0.00                           B[0] (net)
                  0.02    0.00    2.01 ^ input9/A (sky130_fd_sc_hd__buf_1)
                  0.17    0.17    2.18 ^ input9/X (sky130_fd_sc_hd__buf_1)
     4    0.01                           net9 (net)
                  0.17    0.00    2.18 ^ _122_/B_N (sky130_fd_sc_hd__or2b_1)
                  0.08    0.30    2.48 v _122_/X (sky130_fd_sc_hd__or2b_1)
     3    0.01                           _055_ (net)
                  0.08    0.00    2.48 v _124_/A2 (sky130_fd_sc_hd__a21o_1)
                  0.06    0.22    2.71 v _124_/X (sky130_fd_sc_hd__a21o_1)
     3    0.01                           _057_ (net)
                  0.06    0.00    2.71 v _127_/A3 (sky130_fd_sc_hd__a311o_1)
                  0.10    0.43    3.14 v _127_/X (sky130_fd_sc_hd__a311o_1)
     3    0.01                           _060_ (net)
                  0.10    0.00    3.14 v _129_/A2 (sky130_fd_sc_hd__a21oi_1)
                  0.20    0.25    3.38 ^ _129_/Y (sky130_fd_sc_hd__a21oi_1)
     3    0.01                           _062_ (net)
                  0.20    0.00    3.38 ^ _200_/B (sky130_fd_sc_hd__nand2_1)
                  0.05    0.08    3.47 v _200_/Y (sky130_fd_sc_hd__nand2_1)
     1    0.00                           _021_ (net)
                  0.05    0.00    3.47 v _203_/A3 (sky130_fd_sc_hd__a31o_1)
                  0.04    0.22    3.69 v _203_/X (sky130_fd_sc_hd__a31o_1)
     1    0.00                           _024_ (net)
                  0.04    0.00    3.69 v _204_/B1 (sky130_fd_sc_hd__a31o_1)
                  0.04    0.19    3.88 v _204_/X (sky130_fd_sc_hd__a31o_1)
     1    0.00                           net25 (net)
                  0.04    0.00    3.88 v output25/A (sky130_fd_sc_hd__clkbuf_4)
                  0.08    0.19    4.07 v output25/X (sky130_fd_sc_hd__clkbuf_4)
     1    0.03                           ALU_Out[5] (net)
                  0.08    0.00    4.07 v ALU_Out[5] (out)
                                  4.07   data arrival time

                  0.00   10.00   10.00   clock __VIRTUAL_CLK__ (rise edge)
                          0.00   10.00   clock network delay (ideal)
                         -0.25    9.75   clock uncertainty
                          0.00    9.75   clock reconvergence pessimism
                         -2.00    7.75   output external delay
                                  7.75   data required time
-----------------------------------------------------------------------------
                                  7.75   data required time
                                 -4.07   data arrival time
-----------------------------------------------------------------------------
                                  3.68   slack (MET)


Startpoint: B[0] (input port clocked by __VIRTUAL_CLK__)
Endpoint: ALU_Out[4] (output port clocked by __VIRTUAL_CLK__)
Path Group: __VIRTUAL_CLK__
Path Type: max
Corner: Typical

Fanout     Cap    Slew   Delay    Time   Description
-----------------------------------------------------------------------------
                  0.00    0.00    0.00   clock __VIRTUAL_CLK__ (rise edge)
                          0.00    0.00   clock network delay (ideal)
                          2.00    2.00 ^ input external delay
                  0.02    0.01    2.01 ^ B[0] (in)
     1    0.00                           B[0] (net)
                  0.02    0.00    2.01 ^ input9/A (sky130_fd_sc_hd__buf_1)
                  0.17    0.17    2.18 ^ input9/X (sky130_fd_sc_hd__buf_1)
     4    0.01                           net9 (net)
                  0.17    0.00    2.18 ^ _122_/B_N (sky130_fd_sc_hd__or2b_1)
                  0.08    0.30    2.48 v _122_/X (sky130_fd_sc_hd__or2b_1)
     3    0.01                           _055_ (net)
                  0.08    0.00    2.48 v _124_/A2 (sky130_fd_sc_hd__a21o_1)
                  0.06    0.22    2.71 v _124_/X (sky130_fd_sc_hd__a21o_1)
     3    0.01                           _057_ (net)
                  0.06    0.00    2.71 v _127_/A3 (sky130_fd_sc_hd__a311o_1)
                  0.10    0.43    3.14 v _127_/X (sky130_fd_sc_hd__a311o_1)
     3    0.01                           _060_ (net)
                  0.10    0.00    3.14 v _190_/B (sky130_fd_sc_hd__or2_1)
                  0.05    0.23    3.37 v _190_/X (sky130_fd_sc_hd__or2_1)
     1    0.00                           _012_ (net)
                  0.05    0.00    3.37 v _196_/A3 (sky130_fd_sc_hd__a311o_1)
                  0.06    0.36    3.73 v _196_/X (sky130_fd_sc_hd__a311o_1)
     1    0.00                           net24 (net)
                  0.06    0.00    3.73 v output24/A (sky130_fd_sc_hd__clkbuf_4)
                  0.08    0.20    3.93 v output24/X (sky130_fd_sc_hd__clkbuf_4)
     1    0.03                           ALU_Out[4] (net)
                  0.08    0.00    3.93 v ALU_Out[4] (out)
                                  3.93   data arrival time

                  0.00   10.00   10.00   clock __VIRTUAL_CLK__ (rise edge)
                          0.00   10.00   clock network delay (ideal)
                         -0.25    9.75   clock uncertainty
                          0.00    9.75   clock reconvergence pessimism
                         -2.00    7.75   output external delay
                                  7.75   data required time
-----------------------------------------------------------------------------
                                  7.75   data required time
                                 -3.93   data arrival time
-----------------------------------------------------------------------------
                                  3.82   slack (MET)


Startpoint: B[0] (input port clocked by __VIRTUAL_CLK__)
Endpoint: ALU_Out[3] (output port clocked by __VIRTUAL_CLK__)
Path Group: __VIRTUAL_CLK__
Path Type: max
Corner: Typical

Fanout     Cap    Slew   Delay    Time   Description
-----------------------------------------------------------------------------
                  0.00    0.00    0.00   clock __VIRTUAL_CLK__ (rise edge)
                          0.00    0.00   clock network delay (ideal)
                          2.00    2.00 ^ input external delay
                  0.02    0.01    2.01 ^ B[0] (in)
     1    0.00                           B[0] (net)
                  0.02    0.00    2.01 ^ input9/A (sky130_fd_sc_hd__buf_1)
                  0.17    0.17    2.18 ^ input9/X (sky130_fd_sc_hd__buf_1)
     4    0.01                           net9 (net)
                  0.17    0.00    2.18 ^ _122_/B_N (sky130_fd_sc_hd__or2b_1)
                  0.08    0.30    2.48 v _122_/X (sky130_fd_sc_hd__or2b_1)
     3    0.01                           _055_ (net)
                  0.08    0.00    2.48 v _124_/A2 (sky130_fd_sc_hd__a21o_1)
                  0.06    0.22    2.71 v _124_/X (sky130_fd_sc_hd__a21o_1)
     3    0.01                           _057_ (net)
                  0.06    0.00    2.71 v _168_/B (sky130_fd_sc_hd__nand2_1)
                  0.12    0.13    2.84 ^ _168_/Y (sky130_fd_sc_hd__nand2_1)
     3    0.01                           _098_ (net)
                  0.12    0.00    2.84 ^ _181_/B (sky130_fd_sc_hd__nor2_1)
                  0.06    0.05    2.89 v _181_/Y (sky130_fd_sc_hd__nor2_1)
     1    0.00                           _004_ (net)
                  0.06    0.00    2.89 v _184_/A (sky130_fd_sc_hd__or4b_1)
                  0.08    0.54    3.43 v _184_/X (sky130_fd_sc_hd__or4b_1)
     1    0.00                           _007_ (net)
                  0.08    0.00    3.43 v _188_/B1 (sky130_fd_sc_hd__o211ai_1)
                  0.14    0.11    3.54 ^ _188_/Y (sky130_fd_sc_hd__o211ai_1)
     1    0.00                           net23 (net)
                  0.14    0.00    3.54 ^ output23/A (sky130_fd_sc_hd__clkbuf_4)
                  0.11    0.23    3.77 ^ output23/X (sky130_fd_sc_hd__clkbuf_4)
     1    0.03                           ALU_Out[3] (net)
                  0.11    0.00    3.77 ^ ALU_Out[3] (out)
                                  3.77   data arrival time

                  0.00   10.00   10.00   clock __VIRTUAL_CLK__ (rise edge)
                          0.00   10.00   clock network delay (ideal)
                         -0.25    9.75   clock uncertainty
                          0.00    9.75   clock reconvergence pessimism
                         -2.00    7.75   output external delay
                                  7.75   data required time
-----------------------------------------------------------------------------
                                  7.75   data required time
                                 -3.77   data arrival time
-----------------------------------------------------------------------------
                                  3.98   slack (MET)


Startpoint: B[1] (input port clocked by __VIRTUAL_CLK__)
Endpoint: ALU_Out[2] (output port clocked by __VIRTUAL_CLK__)
Path Group: __VIRTUAL_CLK__
Path Type: max
Corner: Typical

Fanout     Cap    Slew   Delay    Time   Description
-----------------------------------------------------------------------------
                  0.00    0.00    0.00   clock __VIRTUAL_CLK__ (rise edge)
                          0.00    0.00   clock network delay (ideal)
                          2.00    2.00 ^ input external delay
                  0.02    0.01    2.01 ^ B[1] (in)
     1    0.00                           B[1] (net)
                  0.02    0.00    2.01 ^ input10/A (sky130_fd_sc_hd__dlymetal6s2s_1)
                  0.21    0.20    2.22 ^ input10/X (sky130_fd_sc_hd__dlymetal6s2s_1)
     4    0.02                           net10 (net)
                  0.21    0.00    2.22 ^ _139_/A (sky130_fd_sc_hd__and2_1)
                  0.13    0.23    2.44 ^ _139_/X (sky130_fd_sc_hd__and2_1)
     3    0.01                           _072_ (net)
                  0.13    0.00    2.44 ^ _140_/B1 (sky130_fd_sc_hd__a31o_1)
                  0.15    0.20    2.65 ^ _140_/X (sky130_fd_sc_hd__a31o_1)
     3    0.02                           _073_ (net)
                  0.15    0.00    2.65 ^ _172_/B (sky130_fd_sc_hd__nand2_1)
                  0.07    0.09    2.74 v _172_/Y (sky130_fd_sc_hd__nand2_1)
     2    0.01                           _102_ (net)
                  0.07    0.00    2.74 v _174_/A2 (sky130_fd_sc_hd__o221a_1)
                  0.04    0.25    2.99 v _174_/X (sky130_fd_sc_hd__o221a_1)
     1    0.00                           _104_ (net)
                  0.04    0.00    2.99 v _175_/C1 (sky130_fd_sc_hd__a221o_1)
                  0.06    0.27    3.27 v _175_/X (sky130_fd_sc_hd__a221o_1)
     1    0.00                           _105_ (net)
                  0.06    0.00    3.27 v _176_/B1 (sky130_fd_sc_hd__a31o_1)
                  0.07    0.23    3.50 v _176_/X (sky130_fd_sc_hd__a31o_1)
     1    0.01                           net22 (net)
                  0.07    0.00    3.50 v output22/A (sky130_fd_sc_hd__clkbuf_4)
                  0.08    0.20    3.70 v output22/X (sky130_fd_sc_hd__clkbuf_4)
     1    0.03                           ALU_Out[2] (net)
                  0.08    0.00    3.70 v ALU_Out[2] (out)
                                  3.70   data arrival time

                  0.00   10.00   10.00   clock __VIRTUAL_CLK__ (rise edge)
                          0.00   10.00   clock network delay (ideal)
                         -0.25    9.75   clock uncertainty
                          0.00    9.75   clock reconvergence pessimism
                         -2.00    7.75   output external delay
                                  7.75   data required time
-----------------------------------------------------------------------------
                                  7.75   data required time
                                 -3.70   data arrival time
-----------------------------------------------------------------------------
                                  4.05   slack (MET)


Startpoint: opcode[2] (input port clocked by __VIRTUAL_CLK__)
Endpoint: ALU_Out[1] (output port clocked by __VIRTUAL_CLK__)
Path Group: __VIRTUAL_CLK__
Path Type: max
Corner: Typical

Fanout     Cap    Slew   Delay    Time   Description
-----------------------------------------------------------------------------
                  0.00    0.00    0.00   clock __VIRTUAL_CLK__ (rise edge)
                          0.00    0.00   clock network delay (ideal)
                          2.00    2.00 ^ input external delay
                  0.02    0.01    2.01 ^ opcode[2] (in)
     1    0.00                           opcode[2] (net)
                  0.02    0.00    2.01 ^ input19/A (sky130_fd_sc_hd__buf_2)
                  0.15    0.18    2.19 ^ input19/X (sky130_fd_sc_hd__buf_2)
     6    0.03                           net19 (net)
                  0.15    0.00    2.19 ^ _152_/A_N (sky130_fd_sc_hd__and2b_1)
                  0.07    0.25    2.44 v _152_/X (sky130_fd_sc_hd__and2b_1)
     4    0.01                           _084_ (net)
                  0.07    0.00    2.44 v _158_/B (sky130_fd_sc_hd__and2b_2)
                  0.09    0.27    2.71 v _158_/X (sky130_fd_sc_hd__and2b_2)
     7    0.03                           _089_ (net)
                  0.09    0.00    2.72 v _162_/A2 (sky130_fd_sc_hd__a211o_1)
                  0.05    0.32    3.04 v _162_/X (sky130_fd_sc_hd__a211o_1)
     1    0.00                           _093_ (net)
                  0.05    0.00    3.04 v _167_/A2 (sky130_fd_sc_hd__a221o_1)
                  0.08    0.40    3.44 v _167_/X (sky130_fd_sc_hd__a221o_1)
     1    0.01                           net21 (net)
                  0.08    0.00    3.44 v output21/A (sky130_fd_sc_hd__clkbuf_4)
                  0.08    0.21    3.65 v output21/X (sky130_fd_sc_hd__clkbuf_4)
     1    0.04                           ALU_Out[1] (net)
                  0.08    0.00    3.65 v ALU_Out[1] (out)
                                  3.65   data arrival time

                  0.00   10.00   10.00   clock __VIRTUAL_CLK__ (rise edge)
                          0.00   10.00   clock network delay (ideal)
                         -0.25    9.75   clock uncertainty
                          0.00    9.75   clock reconvergence pessimism
                         -2.00    7.75   output external delay
                                  7.75   data required time
-----------------------------------------------------------------------------
                                  7.75   data required time
                                 -3.65   data arrival time
-----------------------------------------------------------------------------
                                  4.10   slack (MET)


Startpoint: opcode[0] (input port clocked by __VIRTUAL_CLK__)
Endpoint: ALU_Out[0] (output port clocked by __VIRTUAL_CLK__)
Path Group: __VIRTUAL_CLK__
Path Type: max
Corner: Typical

Fanout     Cap    Slew   Delay    Time   Description
-----------------------------------------------------------------------------
                  0.00    0.00    0.00   clock __VIRTUAL_CLK__ (rise edge)
                          0.00    0.00   clock network delay (ideal)
                          2.00    2.00 ^ input external delay
                  0.02    0.01    2.01 ^ opcode[0] (in)
     1    0.00                           opcode[0] (net)
                  0.02    0.00    2.01 ^ input17/A (sky130_fd_sc_hd__clkbuf_2)
                  0.14    0.17    2.19 ^ input17/X (sky130_fd_sc_hd__clkbuf_2)
     8    0.03                           net17 (net)
                  0.14    0.00    2.19 ^ _153_/S (sky130_fd_sc_hd__mux2_1)
                  0.06    0.36    2.55 v _153_/X (sky130_fd_sc_hd__mux2_1)
     1    0.00                           _085_ (net)
                  0.06    0.00    2.55 v _154_/B1_N (sky130_fd_sc_hd__o21ba_1)
                  0.04    0.22    2.77 ^ _154_/X (sky130_fd_sc_hd__o21ba_1)
     1    0.00                           _086_ (net)
                  0.04    0.00    2.77 ^ _156_/A1 (sky130_fd_sc_hd__mux2_1)
                  0.04    0.12    2.89 ^ _156_/X (sky130_fd_sc_hd__mux2_1)
     1    0.00                           _088_ (net)
                  0.04    0.00    2.89 ^ _157_/A (sky130_fd_sc_hd__clkbuf_1)
                  0.04    0.08    2.97 ^ _157_/X (sky130_fd_sc_hd__clkbuf_1)
     1    0.00                           net20 (net)
                  0.04    0.00    2.97 ^ output20/A (sky130_fd_sc_hd__clkbuf_4)
                  0.11    0.19    3.16 ^ output20/X (sky130_fd_sc_hd__clkbuf_4)
     1    0.03                           ALU_Out[0] (net)
                  0.11    0.00    3.17 ^ ALU_Out[0] (out)
                                  3.17   data arrival time

                  0.00   10.00   10.00   clock __VIRTUAL_CLK__ (rise edge)
                          0.00   10.00   clock network delay (ideal)
                         -0.25    9.75   clock uncertainty
                          0.00    9.75   clock reconvergence pessimism
                         -2.00    7.75   output external delay
                                  7.75   data required time
-----------------------------------------------------------------------------
                                  7.75   data required time
                                 -3.17   data arrival time
-----------------------------------------------------------------------------
                                  4.58   slack (MET)



