
===========================================================================
report_checks -unconstrained
===========================================================================
======================= Fastest Corner ===================================

Startpoint: B[0] (input port clocked by __VIRTUAL_CLK__)
Endpoint: ALU_Out[7] (output port clocked by __VIRTUAL_CLK__)
Path Group: __VIRTUAL_CLK__
Path Type: max
Corner: Fastest

Fanout     Cap    Slew   Delay    Time   Description
-----------------------------------------------------------------------------
                  0.00    0.00    0.00   clock __VIRTUAL_CLK__ (rise edge)
                          0.00    0.00   clock network delay (ideal)
                          2.00    2.00 ^ input external delay
                  0.02    0.01    2.01 ^ B[0] (in)
     1    0.00                           B[0] (net)
                  0.02    0.00    2.01 ^ input9/A (sky130_fd_sc_hd__buf_1)
                  0.13    0.12    2.13 ^ input9/X (sky130_fd_sc_hd__buf_1)
     4    0.01                           net9 (net)
                  0.13    0.00    2.13 ^ _122_/B_N (sky130_fd_sc_hd__or2b_1)
                  0.05    0.17    2.31 v _122_/X (sky130_fd_sc_hd__or2b_1)
     3    0.01                           _055_ (net)
                  0.05    0.00    2.31 v _124_/A2 (sky130_fd_sc_hd__a21o_1)
                  0.04    0.15    2.45 v _124_/X (sky130_fd_sc_hd__a21o_1)
     3    0.01                           _057_ (net)
                  0.04    0.00    2.45 v _127_/A3 (sky130_fd_sc_hd__a311o_1)
                  0.07    0.27    2.72 v _127_/X (sky130_fd_sc_hd__a311o_1)
     3    0.01                           _060_ (net)
                  0.07    0.00    2.73 v _129_/A2 (sky130_fd_sc_hd__a21oi_1)
                  0.15    0.17    2.90 ^ _129_/Y (sky130_fd_sc_hd__a21oi_1)
     3    0.01                           _062_ (net)
                  0.15    0.00    2.90 ^ _131_/A2 (sky130_fd_sc_hd__o21a_1)
                  0.10    0.13    3.03 ^ _131_/X (sky130_fd_sc_hd__o21a_1)
     3    0.01                           _064_ (net)
                  0.10    0.00    3.03 ^ _133_/A2 (sky130_fd_sc_hd__o21ai_1)
                  0.07    0.06    3.09 v _133_/Y (sky130_fd_sc_hd__o21ai_1)
     2    0.01                           _066_ (net)
                  0.07    0.00    3.09 v _213_/B (sky130_fd_sc_hd__xor2_1)
                  0.05    0.10    3.19 v _213_/X (sky130_fd_sc_hd__xor2_1)
     1    0.00                           _032_ (net)
                  0.05    0.00    3.19 v _220_/A2 (sky130_fd_sc_hd__a211o_1)
                  0.03    0.19    3.39 v _220_/X (sky130_fd_sc_hd__a211o_1)
     1    0.00                           net27 (net)
                  0.03    0.00    3.39 v output27/A (sky130_fd_sc_hd__clkbuf_4)
                  0.06    0.13    3.52 v output27/X (sky130_fd_sc_hd__clkbuf_4)
     1    0.03                           ALU_Out[7] (net)
                  0.06    0.00    3.52 v ALU_Out[7] (out)
                                  3.52   data arrival time

                  0.00   10.00   10.00   clock __VIRTUAL_CLK__ (rise edge)
                          0.00   10.00   clock network delay (ideal)
                         -0.25    9.75   clock uncertainty
                          0.00    9.75   clock reconvergence pessimism
                         -2.00    7.75   output external delay
                                  7.75   data required time
-----------------------------------------------------------------------------
                                  7.75   data required time
                                 -3.52   data arrival time
-----------------------------------------------------------------------------
                                  4.23   slack (MET)



======================= Slowest Corner ===================================

Startpoint: B[0] (input port clocked by __VIRTUAL_CLK__)
Endpoint: ALU_Out[6] (output port clocked by __VIRTUAL_CLK__)
Path Group: __VIRTUAL_CLK__
Path Type: max
Corner: Slowest

Fanout     Cap    Slew   Delay    Time   Description
-----------------------------------------------------------------------------
                  0.00    0.00    0.00   clock __VIRTUAL_CLK__ (rise edge)
                          0.00    0.00   clock network delay (ideal)
                          2.00    2.00 ^ input external delay
                  0.04    0.02    2.02 ^ B[0] (in)
     1    0.00                           B[0] (net)
                  0.04    0.00    2.02 ^ input9/A (sky130_fd_sc_hd__buf_1)
                  0.27    0.29    2.32 ^ input9/X (sky130_fd_sc_hd__buf_1)
     4    0.01                           net9 (net)
                  0.27    0.00    2.32 ^ _122_/B_N (sky130_fd_sc_hd__or2b_1)
                  0.16    0.67    2.99 v _122_/X (sky130_fd_sc_hd__or2b_1)
     3    0.01                           _055_ (net)
                  0.16    0.00    2.99 v _124_/A2 (sky130_fd_sc_hd__a21o_1)
                  0.11    0.42    3.41 v _124_/X (sky130_fd_sc_hd__a21o_1)
     3    0.01                           _057_ (net)
                  0.11    0.00    3.41 v _127_/A3 (sky130_fd_sc_hd__a311o_1)
                  0.18    0.81    4.22 v _127_/X (sky130_fd_sc_hd__a311o_1)
     3    0.01                           _060_ (net)
                  0.18    0.00    4.22 v _129_/A2 (sky130_fd_sc_hd__a21oi_1)
                  0.33    0.42    4.64 ^ _129_/Y (sky130_fd_sc_hd__a21oi_1)
     3    0.01                           _062_ (net)
                  0.33    0.00    4.64 ^ _131_/A2 (sky130_fd_sc_hd__o21a_1)
                  0.21    0.42    5.06 ^ _131_/X (sky130_fd_sc_hd__o21a_1)
     3    0.01                           _064_ (net)
                  0.21    0.00    5.06 ^ _207_/B (sky130_fd_sc_hd__nor2_1)
                  0.10    0.12    5.18 v _207_/Y (sky130_fd_sc_hd__nor2_1)
     1    0.00                           _027_ (net)
                  0.10    0.00    5.18 v _209_/A (sky130_fd_sc_hd__or3b_1)
                  0.14    0.90    6.08 v _209_/X (sky130_fd_sc_hd__or3b_1)
     1    0.00                           _029_ (net)
                  0.14    0.00    6.08 v _212_/B1 (sky130_fd_sc_hd__o211ai_1)
                  0.24    0.18    6.26 ^ _212_/Y (sky130_fd_sc_hd__o211ai_1)
     1    0.00                           net26 (net)
                  0.24    0.00    6.26 ^ output26/A (sky130_fd_sc_hd__clkbuf_4)
                  0.18    0.43    6.69 ^ output26/X (sky130_fd_sc_hd__clkbuf_4)
     1    0.03                           ALU_Out[6] (net)
                  0.18    0.00    6.69 ^ ALU_Out[6] (out)
                                  6.69   data arrival time

                  0.00   10.00   10.00   clock __VIRTUAL_CLK__ (rise edge)
                          0.00   10.00   clock network delay (ideal)
                         -0.25    9.75   clock uncertainty
                          0.00    9.75   clock reconvergence pessimism
                         -2.00    7.75   output external delay
                                  7.75   data required time
-----------------------------------------------------------------------------
                                  7.75   data required time
                                 -6.69   data arrival time
-----------------------------------------------------------------------------
                                  1.06   slack (MET)



======================= Typical Corner ===================================

Startpoint: B[0] (input port clocked by __VIRTUAL_CLK__)
Endpoint: ALU_Out[6] (output port clocked by __VIRTUAL_CLK__)
Path Group: __VIRTUAL_CLK__
Path Type: max
Corner: Typical

Fanout     Cap    Slew   Delay    Time   Description
-----------------------------------------------------------------------------
                  0.00    0.00    0.00   clock __VIRTUAL_CLK__ (rise edge)
                          0.00    0.00   clock network delay (ideal)
                          2.00    2.00 ^ input external delay
                  0.02    0.01    2.01 ^ B[0] (in)
     1    0.00                           B[0] (net)
                  0.02    0.00    2.01 ^ input9/A (sky130_fd_sc_hd__buf_1)
                  0.17    0.17    2.18 ^ input9/X (sky130_fd_sc_hd__buf_1)
     4    0.01                           net9 (net)
                  0.17    0.00    2.18 ^ _122_/B_N (sky130_fd_sc_hd__or2b_1)
                  0.08    0.30    2.48 v _122_/X (sky130_fd_sc_hd__or2b_1)
     3    0.01                           _055_ (net)
                  0.08    0.00    2.48 v _124_/A2 (sky130_fd_sc_hd__a21o_1)
                  0.06    0.22    2.71 v _124_/X (sky130_fd_sc_hd__a21o_1)
     3    0.01                           _057_ (net)
                  0.06    0.00    2.71 v _127_/A3 (sky130_fd_sc_hd__a311o_1)
                  0.10    0.43    3.14 v _127_/X (sky130_fd_sc_hd__a311o_1)
     3    0.01                           _060_ (net)
                  0.10    0.00    3.14 v _129_/A2 (sky130_fd_sc_hd__a21oi_1)
                  0.20    0.25    3.38 ^ _129_/Y (sky130_fd_sc_hd__a21oi_1)
     3    0.01                           _062_ (net)
                  0.20    0.00    3.38 ^ _131_/A2 (sky130_fd_sc_hd__o21a_1)
                  0.13    0.21    3.60 ^ _131_/X (sky130_fd_sc_hd__o21a_1)
     3    0.01                           _064_ (net)
                  0.13    0.00    3.60 ^ _207_/B (sky130_fd_sc_hd__nor2_1)
                  0.06    0.05    3.65 v _207_/Y (sky130_fd_sc_hd__nor2_1)
     1    0.00                           _027_ (net)
                  0.06    0.00    3.65 v _209_/A (sky130_fd_sc_hd__or3b_1)
                  0.07    0.39    4.04 v _209_/X (sky130_fd_sc_hd__or3b_1)
     1    0.00                           _029_ (net)
                  0.07    0.00    4.04 v _212_/B1 (sky130_fd_sc_hd__o211ai_1)
                  0.14    0.10    4.14 ^ _212_/Y (sky130_fd_sc_hd__o211ai_1)
     1    0.00                           net26 (net)
                  0.14    0.00    4.14 ^ output26/A (sky130_fd_sc_hd__clkbuf_4)
                  0.11    0.23    4.37 ^ output26/X (sky130_fd_sc_hd__clkbuf_4)
     1    0.03                           ALU_Out[6] (net)
                  0.11    0.00    4.37 ^ ALU_Out[6] (out)
                                  4.37   data arrival time

                  0.00   10.00   10.00   clock __VIRTUAL_CLK__ (rise edge)
                          0.00   10.00   clock network delay (ideal)
                         -0.25    9.75   clock uncertainty
                          0.00    9.75   clock reconvergence pessimism
                         -2.00    7.75   output external delay
                                  7.75   data required time
-----------------------------------------------------------------------------
                                  7.75   data required time
                                 -4.37   data arrival time
-----------------------------------------------------------------------------
                                  3.38   slack (MET)




===========================================================================
report_checks --slack_max -0.01
============================================================================
======================= Fastest Corner ===================================

No paths found.

======================= Slowest Corner ===================================

No paths found.

======================= Typical Corner ===================================

No paths found.


===========================================================================
 report_check_types -max_slew -max_cap -max_fanout -violators
============================================================================
======================= Fastest Corner ===================================


======================= Slowest Corner ===================================


======================= Typical Corner ===================================



===========================================================================
report_parasitic_annotation -report_unannotated
============================================================================
Found 0 unannotated drivers.
Found 0 partially unannotated drivers.

===========================================================================
max slew violation count 0
max fanout violation count 0
max cap violation count 0
============================================================================

===========================================================================
check_setup -verbose -unconstrained_endpoints -multiple_clock -no_clock -no_input_delay -loops -generated_clocks
===========================================================================
