
===========================================================================
report_checks -path_delay max (Setup)
============================================================================
======================= Typical Corner ===================================

Startpoint: B[0] (input port clocked by __VIRTUAL_CLK__)
Endpoint: ALU_Out[6] (output port clocked by __VIRTUAL_CLK__)
Path Group: __VIRTUAL_CLK__
Path Type: max

Fanout     Cap    Slew   Delay    Time   Description
-----------------------------------------------------------------------------
                  0.00    0.00    0.00   clock __VIRTUAL_CLK__ (rise edge)
                          0.00    0.00   clock network delay (ideal)
                          2.00    2.00 ^ input external delay
                  0.02    0.01    2.01 ^ B[0] (in)
     1    0.00                           B[0] (net)
                  0.02    0.00    2.01 ^ input9/A (sky130_fd_sc_hd__buf_1)
                  0.16    0.17    2.18 ^ input9/X (sky130_fd_sc_hd__buf_1)
     4    0.01                           net9 (net)
                  0.16    0.00    2.18 ^ _122_/B_N (sky130_fd_sc_hd__or2b_1)
                  0.08    0.30    2.48 v _122_/X (sky130_fd_sc_hd__or2b_1)
     3    0.01                           _055_ (net)
                  0.08    0.00    2.48 v _124_/A2 (sky130_fd_sc_hd__a21o_1)
                  0.06    0.22    2.70 v _124_/X (sky130_fd_sc_hd__a21o_1)
     3    0.01                           _057_ (net)
                  0.06    0.00    2.70 v _127_/A3 (sky130_fd_sc_hd__a311o_1)
                  0.10    0.42    3.12 v _127_/X (sky130_fd_sc_hd__a311o_1)
     3    0.01                           _060_ (net)
                  0.10    0.00    3.12 v _129_/A2 (sky130_fd_sc_hd__a21oi_1)
                  0.20    0.24    3.37 ^ _129_/Y (sky130_fd_sc_hd__a21oi_1)
     3    0.01                           _062_ (net)
                  0.20    0.00    3.37 ^ _131_/A2 (sky130_fd_sc_hd__o21a_1)
                  0.12    0.21    3.57 ^ _131_/X (sky130_fd_sc_hd__o21a_1)
     3    0.01                           _064_ (net)
                  0.12    0.00    3.58 ^ _207_/B (sky130_fd_sc_hd__nor2_1)
                  0.06    0.05    3.63 v _207_/Y (sky130_fd_sc_hd__nor2_1)
     1    0.00                           _027_ (net)
                  0.06    0.00    3.63 v _209_/A (sky130_fd_sc_hd__or3b_1)
                  0.06    0.39    4.02 v _209_/X (sky130_fd_sc_hd__or3b_1)
     1    0.00                           _029_ (net)
                  0.06    0.00    4.02 v _212_/B1 (sky130_fd_sc_hd__o211ai_1)
                  0.14    0.10    4.11 ^ _212_/Y (sky130_fd_sc_hd__o211ai_1)
     1    0.00                           net26 (net)
                  0.14    0.00    4.11 ^ output26/A (sky130_fd_sc_hd__clkbuf_4)
                  0.11    0.23    4.34 ^ output26/X (sky130_fd_sc_hd__clkbuf_4)
     1    0.03                           ALU_Out[6] (net)
                  0.11    0.00    4.34 ^ ALU_Out[6] (out)
                                  4.34   data arrival time

                  0.00   10.00   10.00   clock __VIRTUAL_CLK__ (rise edge)
                          0.00   10.00   clock network delay (ideal)
                         -0.25    9.75   clock uncertainty
                          0.00    9.75   clock reconvergence pessimism
                         -2.00    7.75   output external delay
                                  7.75   data required time
-----------------------------------------------------------------------------
                                  7.75   data required time
                                 -4.34   data arrival time
-----------------------------------------------------------------------------
                                  3.41   slack (MET)


Startpoint: B[0] (input port clocked by __VIRTUAL_CLK__)
Endpoint: ALU_Out[7] (output port clocked by __VIRTUAL_CLK__)
Path Group: __VIRTUAL_CLK__
Path Type: max

Fanout     Cap    Slew   Delay    Time   Description
-----------------------------------------------------------------------------
                  0.00    0.00    0.00   clock __VIRTUAL_CLK__ (rise edge)
                          0.00    0.00   clock network delay (ideal)
                          2.00    2.00 ^ input external delay
                  0.02    0.01    2.01 ^ B[0] (in)
     1    0.00                           B[0] (net)
                  0.02    0.00    2.01 ^ input9/A (sky130_fd_sc_hd__buf_1)
                  0.16    0.17    2.18 ^ input9/X (sky130_fd_sc_hd__buf_1)
     4    0.01                           net9 (net)
                  0.16    0.00    2.18 ^ _122_/B_N (sky130_fd_sc_hd__or2b_1)
                  0.08    0.30    2.48 v _122_/X (sky130_fd_sc_hd__or2b_1)
     3    0.01                           _055_ (net)
                  0.08    0.00    2.48 v _124_/A2 (sky130_fd_sc_hd__a21o_1)
                  0.06    0.22    2.70 v _124_/X (sky130_fd_sc_hd__a21o_1)
     3    0.01                           _057_ (net)
                  0.06    0.00    2.70 v _127_/A3 (sky130_fd_sc_hd__a311o_1)
                  0.10    0.42    3.12 v _127_/X (sky130_fd_sc_hd__a311o_1)
     3    0.01                           _060_ (net)
                  0.10    0.00    3.12 v _129_/A2 (sky130_fd_sc_hd__a21oi_1)
                  0.20    0.24    3.37 ^ _129_/Y (sky130_fd_sc_hd__a21oi_1)
     3    0.01                           _062_ (net)
                  0.20    0.00    3.37 ^ _131_/A2 (sky130_fd_sc_hd__o21a_1)
                  0.12    0.21    3.57 ^ _131_/X (sky130_fd_sc_hd__o21a_1)
     3    0.01                           _064_ (net)
                  0.12    0.00    3.58 ^ _133_/A2 (sky130_fd_sc_hd__o21ai_1)
                  0.09    0.10    3.68 v _133_/Y (sky130_fd_sc_hd__o21ai_1)
     2    0.01                           _066_ (net)
                  0.09    0.00    3.68 v _213_/B (sky130_fd_sc_hd__xor2_1)
                  0.06    0.16    3.84 v _213_/X (sky130_fd_sc_hd__xor2_1)
     1    0.00                           _032_ (net)
                  0.06    0.00    3.84 v _220_/A2 (sky130_fd_sc_hd__a211o_1)
                  0.05    0.31    4.15 v _220_/X (sky130_fd_sc_hd__a211o_1)
     1    0.00                           net27 (net)
                  0.05    0.00    4.15 v output27/A (sky130_fd_sc_hd__clkbuf_4)
                  0.08    0.19    4.34 v output27/X (sky130_fd_sc_hd__clkbuf_4)
     1    0.03                           ALU_Out[7] (net)
                  0.08    0.00    4.34 v ALU_Out[7] (out)
                                  4.34   data arrival time

                  0.00   10.00   10.00   clock __VIRTUAL_CLK__ (rise edge)
                          0.00   10.00   clock network delay (ideal)
                         -0.25    9.75   clock uncertainty
                          0.00    9.75   clock reconvergence pessimism
                         -2.00    7.75   output external delay
                                  7.75   data required time
-----------------------------------------------------------------------------
                                  7.75   data required time
                                 -4.34   data arrival time
-----------------------------------------------------------------------------
                                  3.41   slack (MET)


Startpoint: B[0] (input port clocked by __VIRTUAL_CLK__)
Endpoint: CarryOut (output port clocked by __VIRTUAL_CLK__)
Path Group: __VIRTUAL_CLK__
Path Type: max

Fanout     Cap    Slew   Delay    Time   Description
-----------------------------------------------------------------------------
                  0.00    0.00    0.00   clock __VIRTUAL_CLK__ (rise edge)
                          0.00    0.00   clock network delay (ideal)
                          2.00    2.00 ^ input external delay
                  0.02    0.01    2.01 ^ B[0] (in)
     1    0.00                           B[0] (net)
                  0.02    0.00    2.01 ^ input9/A (sky130_fd_sc_hd__buf_1)
                  0.16    0.17    2.18 ^ input9/X (sky130_fd_sc_hd__buf_1)
     4    0.01                           net9 (net)
                  0.16    0.00    2.18 ^ _122_/B_N (sky130_fd_sc_hd__or2b_1)
                  0.08    0.30    2.48 v _122_/X (sky130_fd_sc_hd__or2b_1)
     3    0.01                           _055_ (net)
                  0.08    0.00    2.48 v _124_/A2 (sky130_fd_sc_hd__a21o_1)
                  0.06    0.22    2.70 v _124_/X (sky130_fd_sc_hd__a21o_1)
     3    0.01                           _057_ (net)
                  0.06    0.00    2.70 v _127_/A3 (sky130_fd_sc_hd__a311o_1)
                  0.10    0.42    3.12 v _127_/X (sky130_fd_sc_hd__a311o_1)
     3    0.01                           _060_ (net)
                  0.10    0.00    3.12 v _129_/A2 (sky130_fd_sc_hd__a21oi_1)
                  0.20    0.24    3.37 ^ _129_/Y (sky130_fd_sc_hd__a21oi_1)
     3    0.01                           _062_ (net)
                  0.20    0.00    3.37 ^ _131_/A2 (sky130_fd_sc_hd__o21a_1)
                  0.12    0.21    3.57 ^ _131_/X (sky130_fd_sc_hd__o21a_1)
     3    0.01                           _064_ (net)
                  0.12    0.00    3.58 ^ _133_/A2 (sky130_fd_sc_hd__o21ai_1)
                  0.09    0.10    3.68 v _133_/Y (sky130_fd_sc_hd__o21ai_1)
     2    0.01                           _066_ (net)
                  0.09    0.00    3.68 v _134_/B (sky130_fd_sc_hd__nand2_1)
                  0.05    0.09    3.77 ^ _134_/Y (sky130_fd_sc_hd__nand2_1)
     1    0.00                           _067_ (net)
                  0.05    0.00    3.77 ^ _151_/A2 (sky130_fd_sc_hd__a31o_1)
                  0.10    0.18    3.95 ^ _151_/X (sky130_fd_sc_hd__a31o_1)
     1    0.01                           net28 (net)
                  0.10    0.00    3.95 ^ output28/A (sky130_fd_sc_hd__clkbuf_4)
                  0.11    0.22    4.17 ^ output28/X (sky130_fd_sc_hd__clkbuf_4)
     1    0.03                           CarryOut (net)
                  0.11    0.00    4.17 ^ CarryOut (out)
                                  4.17   data arrival time

                  0.00   10.00   10.00   clock __VIRTUAL_CLK__ (rise edge)
                          0.00   10.00   clock network delay (ideal)
                         -0.25    9.75   clock uncertainty
                          0.00    9.75   clock reconvergence pessimism
                         -2.00    7.75   output external delay
                                  7.75   data required time
-----------------------------------------------------------------------------
                                  7.75   data required time
                                 -4.17   data arrival time
-----------------------------------------------------------------------------
                                  3.58   slack (MET)


Startpoint: B[0] (input port clocked by __VIRTUAL_CLK__)
Endpoint: ALU_Out[5] (output port clocked by __VIRTUAL_CLK__)
Path Group: __VIRTUAL_CLK__
Path Type: max

Fanout     Cap    Slew   Delay    Time   Description
-----------------------------------------------------------------------------
                  0.00    0.00    0.00   clock __VIRTUAL_CLK__ (rise edge)
                          0.00    0.00   clock network delay (ideal)
                          2.00    2.00 ^ input external delay
                  0.02    0.01    2.01 ^ B[0] (in)
     1    0.00                           B[0] (net)
                  0.02    0.00    2.01 ^ input9/A (sky130_fd_sc_hd__buf_1)
                  0.16    0.17    2.18 ^ input9/X (sky130_fd_sc_hd__buf_1)
     4    0.01                           net9 (net)
                  0.16    0.00    2.18 ^ _122_/B_N (sky130_fd_sc_hd__or2b_1)
                  0.08    0.30    2.48 v _122_/X (sky130_fd_sc_hd__or2b_1)
     3    0.01                           _055_ (net)
                  0.08    0.00    2.48 v _124_/A2 (sky130_fd_sc_hd__a21o_1)
                  0.06    0.22    2.70 v _124_/X (sky130_fd_sc_hd__a21o_1)
     3    0.01                           _057_ (net)
                  0.06    0.00    2.70 v _127_/A3 (sky130_fd_sc_hd__a311o_1)
                  0.10    0.42    3.12 v _127_/X (sky130_fd_sc_hd__a311o_1)
     3    0.01                           _060_ (net)
                  0.10    0.00    3.12 v _129_/A2 (sky130_fd_sc_hd__a21oi_1)
                  0.20    0.24    3.37 ^ _129_/Y (sky130_fd_sc_hd__a21oi_1)
     3    0.01                           _062_ (net)
                  0.20    0.00    3.37 ^ _200_/B (sky130_fd_sc_hd__nand2_1)
                  0.05    0.08    3.45 v _200_/Y (sky130_fd_sc_hd__nand2_1)
     1    0.00                           _021_ (net)
                  0.05    0.00    3.45 v _203_/A3 (sky130_fd_sc_hd__a31o_1)
                  0.04    0.22    3.67 v _203_/X (sky130_fd_sc_hd__a31o_1)
     1    0.00                           _024_ (net)
                  0.04    0.00    3.67 v _204_/B1 (sky130_fd_sc_hd__a31o_1)
                  0.04    0.19    3.86 v _204_/X (sky130_fd_sc_hd__a31o_1)
     1    0.00                           net25 (net)
                  0.04    0.00    3.86 v output25/A (sky130_fd_sc_hd__clkbuf_4)
                  0.08    0.19    4.05 v output25/X (sky130_fd_sc_hd__clkbuf_4)
     1    0.03                           ALU_Out[5] (net)
                  0.08    0.00    4.05 v ALU_Out[5] (out)
                                  4.05   data arrival time

                  0.00   10.00   10.00   clock __VIRTUAL_CLK__ (rise edge)
                          0.00   10.00   clock network delay (ideal)
                         -0.25    9.75   clock uncertainty
                          0.00    9.75   clock reconvergence pessimism
                         -2.00    7.75   output external delay
                                  7.75   data required time
-----------------------------------------------------------------------------
                                  7.75   data required time
                                 -4.05   data arrival time
-----------------------------------------------------------------------------
                                  3.70   slack (MET)


Startpoint: B[0] (input port clocked by __VIRTUAL_CLK__)
Endpoint: ALU_Out[4] (output port clocked by __VIRTUAL_CLK__)
Path Group: __VIRTUAL_CLK__
Path Type: max

Fanout     Cap    Slew   Delay    Time   Description
-----------------------------------------------------------------------------
                  0.00    0.00    0.00   clock __VIRTUAL_CLK__ (rise edge)
                          0.00    0.00   clock network delay (ideal)
                          2.00    2.00 ^ input external delay
                  0.02    0.01    2.01 ^ B[0] (in)
     1    0.00                           B[0] (net)
                  0.02    0.00    2.01 ^ input9/A (sky130_fd_sc_hd__buf_1)
                  0.16    0.17    2.18 ^ input9/X (sky130_fd_sc_hd__buf_1)
     4    0.01                           net9 (net)
                  0.16    0.00    2.18 ^ _122_/B_N (sky130_fd_sc_hd__or2b_1)
                  0.08    0.30    2.48 v _122_/X (sky130_fd_sc_hd__or2b_1)
     3    0.01                           _055_ (net)
                  0.08    0.00    2.48 v _124_/A2 (sky130_fd_sc_hd__a21o_1)
                  0.06    0.22    2.70 v _124_/X (sky130_fd_sc_hd__a21o_1)
     3    0.01                           _057_ (net)
                  0.06    0.00    2.70 v _127_/A3 (sky130_fd_sc_hd__a311o_1)
                  0.10    0.42    3.12 v _127_/X (sky130_fd_sc_hd__a311o_1)
     3    0.01                           _060_ (net)
                  0.10    0.00    3.12 v _190_/B (sky130_fd_sc_hd__or2_1)
                  0.05    0.23    3.36 v _190_/X (sky130_fd_sc_hd__or2_1)
     1    0.00                           _012_ (net)
                  0.05    0.00    3.36 v _196_/A3 (sky130_fd_sc_hd__a311o_1)
                  0.05    0.36    3.72 v _196_/X (sky130_fd_sc_hd__a311o_1)
     1    0.00                           net24 (net)
                  0.05    0.00    3.72 v output24/A (sky130_fd_sc_hd__clkbuf_4)
                  0.08    0.20    3.91 v output24/X (sky130_fd_sc_hd__clkbuf_4)
     1    0.03                           ALU_Out[4] (net)
                  0.08    0.00    3.91 v ALU_Out[4] (out)
                                  3.91   data arrival time

                  0.00   10.00   10.00   clock __VIRTUAL_CLK__ (rise edge)
                          0.00   10.00   clock network delay (ideal)
                         -0.25    9.75   clock uncertainty
                          0.00    9.75   clock reconvergence pessimism
                         -2.00    7.75   output external delay
                                  7.75   data required time
-----------------------------------------------------------------------------
                                  7.75   data required time
                                 -3.91   data arrival time
-----------------------------------------------------------------------------
                                  3.84   slack (MET)


Startpoint: B[0] (input port clocked by __VIRTUAL_CLK__)
Endpoint: ALU_Out[3] (output port clocked by __VIRTUAL_CLK__)
Path Group: __VIRTUAL_CLK__
Path Type: max

Fanout     Cap    Slew   Delay    Time   Description
-----------------------------------------------------------------------------
                  0.00    0.00    0.00   clock __VIRTUAL_CLK__ (rise edge)
                          0.00    0.00   clock network delay (ideal)
                          2.00    2.00 ^ input external delay
                  0.02    0.01    2.01 ^ B[0] (in)
     1    0.00                           B[0] (net)
                  0.02    0.00    2.01 ^ input9/A (sky130_fd_sc_hd__buf_1)
                  0.16    0.17    2.18 ^ input9/X (sky130_fd_sc_hd__buf_1)
     4    0.01                           net9 (net)
                  0.16    0.00    2.18 ^ _122_/B_N (sky130_fd_sc_hd__or2b_1)
                  0.08    0.30    2.48 v _122_/X (sky130_fd_sc_hd__or2b_1)
     3    0.01                           _055_ (net)
                  0.08    0.00    2.48 v _124_/A2 (sky130_fd_sc_hd__a21o_1)
                  0.06    0.22    2.70 v _124_/X (sky130_fd_sc_hd__a21o_1)
     3    0.01                           _057_ (net)
                  0.06    0.00    2.70 v _168_/B (sky130_fd_sc_hd__nand2_1)
                  0.11    0.13    2.83 ^ _168_/Y (sky130_fd_sc_hd__nand2_1)
     3    0.01                           _098_ (net)
                  0.11    0.00    2.83 ^ _181_/B (sky130_fd_sc_hd__nor2_1)
                  0.05    0.05    2.88 v _181_/Y (sky130_fd_sc_hd__nor2_1)
     1    0.00                           _004_ (net)
                  0.05    0.00    2.88 v _184_/A (sky130_fd_sc_hd__or4b_1)
                  0.08    0.54    3.42 v _184_/X (sky130_fd_sc_hd__or4b_1)
     1    0.00                           _007_ (net)
                  0.08    0.00    3.42 v _188_/B1 (sky130_fd_sc_hd__o211ai_1)
                  0.14    0.11    3.53 ^ _188_/Y (sky130_fd_sc_hd__o211ai_1)
     1    0.00                           net23 (net)
                  0.14    0.00    3.53 ^ output23/A (sky130_fd_sc_hd__clkbuf_4)
                  0.11    0.23    3.76 ^ output23/X (sky130_fd_sc_hd__clkbuf_4)
     1    0.03                           ALU_Out[3] (net)
                  0.11    0.00    3.76 ^ ALU_Out[3] (out)
                                  3.76   data arrival time

                  0.00   10.00   10.00   clock __VIRTUAL_CLK__ (rise edge)
                          0.00   10.00   clock network delay (ideal)
                         -0.25    9.75   clock uncertainty
                          0.00    9.75   clock reconvergence pessimism
                         -2.00    7.75   output external delay
                                  7.75   data required time
-----------------------------------------------------------------------------
                                  7.75   data required time
                                 -3.76   data arrival time
-----------------------------------------------------------------------------
                                  3.99   slack (MET)


Startpoint: B[1] (input port clocked by __VIRTUAL_CLK__)
Endpoint: ALU_Out[2] (output port clocked by __VIRTUAL_CLK__)
Path Group: __VIRTUAL_CLK__
Path Type: max

Fanout     Cap    Slew   Delay    Time   Description
-----------------------------------------------------------------------------
                  0.00    0.00    0.00   clock __VIRTUAL_CLK__ (rise edge)
                          0.00    0.00   clock network delay (ideal)
                          2.00    2.00 ^ input external delay
                  0.02    0.01    2.01 ^ B[1] (in)
     1    0.00                           B[1] (net)
                  0.02    0.00    2.01 ^ input10/A (sky130_fd_sc_hd__dlymetal6s2s_1)
                  0.20    0.20    2.21 ^ input10/X (sky130_fd_sc_hd__dlymetal6s2s_1)
     4    0.02                           net10 (net)
                  0.20    0.00    2.21 ^ _139_/A (sky130_fd_sc_hd__and2_1)
                  0.12    0.22    2.44 ^ _139_/X (sky130_fd_sc_hd__and2_1)
     3    0.01                           _072_ (net)
                  0.12    0.00    2.44 ^ _140_/B1 (sky130_fd_sc_hd__a31o_1)
                  0.15    0.20    2.64 ^ _140_/X (sky130_fd_sc_hd__a31o_1)
     3    0.01                           _073_ (net)
                  0.15    0.00    2.64 ^ _172_/B (sky130_fd_sc_hd__nand2_1)
                  0.06    0.09    2.73 v _172_/Y (sky130_fd_sc_hd__nand2_1)
     2    0.01                           _102_ (net)
                  0.06    0.00    2.73 v _174_/A2 (sky130_fd_sc_hd__o221a_1)
                  0.04    0.25    2.98 v _174_/X (sky130_fd_sc_hd__o221a_1)
     1    0.00                           _104_ (net)
                  0.04    0.00    2.98 v _175_/C1 (sky130_fd_sc_hd__a221o_1)
                  0.06    0.27    3.25 v _175_/X (sky130_fd_sc_hd__a221o_1)
     1    0.00                           _105_ (net)
                  0.06    0.00    3.25 v _176_/B1 (sky130_fd_sc_hd__a31o_1)
                  0.07    0.23    3.48 v _176_/X (sky130_fd_sc_hd__a31o_1)
     1    0.01                           net22 (net)
                  0.07    0.00    3.48 v output22/A (sky130_fd_sc_hd__clkbuf_4)
                  0.08    0.20    3.68 v output22/X (sky130_fd_sc_hd__clkbuf_4)
     1    0.03                           ALU_Out[2] (net)
                  0.08    0.00    3.68 v ALU_Out[2] (out)
                                  3.68   data arrival time

                  0.00   10.00   10.00   clock __VIRTUAL_CLK__ (rise edge)
                          0.00   10.00   clock network delay (ideal)
                         -0.25    9.75   clock uncertainty
                          0.00    9.75   clock reconvergence pessimism
                         -2.00    7.75   output external delay
                                  7.75   data required time
-----------------------------------------------------------------------------
                                  7.75   data required time
                                 -3.68   data arrival time
-----------------------------------------------------------------------------
                                  4.07   slack (MET)


Startpoint: opcode[2] (input port clocked by __VIRTUAL_CLK__)
Endpoint: ALU_Out[1] (output port clocked by __VIRTUAL_CLK__)
Path Group: __VIRTUAL_CLK__
Path Type: max

Fanout     Cap    Slew   Delay    Time   Description
-----------------------------------------------------------------------------
                  0.00    0.00    0.00   clock __VIRTUAL_CLK__ (rise edge)
                          0.00    0.00   clock network delay (ideal)
                          2.00    2.00 ^ input external delay
                  0.02    0.01    2.01 ^ opcode[2] (in)
     1    0.00                           opcode[2] (net)
                  0.02    0.00    2.01 ^ input19/A (sky130_fd_sc_hd__buf_2)
                  0.15    0.18    2.19 ^ input19/X (sky130_fd_sc_hd__buf_2)
     6    0.03                           net19 (net)
                  0.15    0.00    2.19 ^ _152_/A_N (sky130_fd_sc_hd__and2b_1)
                  0.07    0.24    2.44 v _152_/X (sky130_fd_sc_hd__and2b_1)
     4    0.01                           _084_ (net)
                  0.07    0.00    2.44 v _158_/B (sky130_fd_sc_hd__and2b_2)
                  0.08    0.27    2.70 v _158_/X (sky130_fd_sc_hd__and2b_2)
     7    0.02                           _089_ (net)
                  0.08    0.00    2.70 v _162_/A2 (sky130_fd_sc_hd__a211o_1)
                  0.05    0.32    3.03 v _162_/X (sky130_fd_sc_hd__a211o_1)
     1    0.00                           _093_ (net)
                  0.05    0.00    3.03 v _167_/A2 (sky130_fd_sc_hd__a221o_1)
                  0.08    0.40    3.42 v _167_/X (sky130_fd_sc_hd__a221o_1)
     1    0.01                           net21 (net)
                  0.08    0.00    3.42 v output21/A (sky130_fd_sc_hd__clkbuf_4)
                  0.08    0.21    3.63 v output21/X (sky130_fd_sc_hd__clkbuf_4)
     1    0.04                           ALU_Out[1] (net)
                  0.08    0.00    3.63 v ALU_Out[1] (out)
                                  3.63   data arrival time

                  0.00   10.00   10.00   clock __VIRTUAL_CLK__ (rise edge)
                          0.00   10.00   clock network delay (ideal)
                         -0.25    9.75   clock uncertainty
                          0.00    9.75   clock reconvergence pessimism
                         -2.00    7.75   output external delay
                                  7.75   data required time
-----------------------------------------------------------------------------
                                  7.75   data required time
                                 -3.63   data arrival time
-----------------------------------------------------------------------------
                                  4.12   slack (MET)


Startpoint: opcode[0] (input port clocked by __VIRTUAL_CLK__)
Endpoint: ALU_Out[0] (output port clocked by __VIRTUAL_CLK__)
Path Group: __VIRTUAL_CLK__
Path Type: max

Fanout     Cap    Slew   Delay    Time   Description
-----------------------------------------------------------------------------
                  0.00    0.00    0.00   clock __VIRTUAL_CLK__ (rise edge)
                          0.00    0.00   clock network delay (ideal)
                          2.00    2.00 ^ input external delay
                  0.02    0.01    2.01 ^ opcode[0] (in)
     1    0.00                           opcode[0] (net)
                  0.02    0.00    2.01 ^ input17/A (sky130_fd_sc_hd__clkbuf_2)
                  0.14    0.17    2.18 ^ input17/X (sky130_fd_sc_hd__clkbuf_2)
     8    0.03                           net17 (net)
                  0.14    0.00    2.18 ^ _153_/S (sky130_fd_sc_hd__mux2_1)
                  0.06    0.36    2.54 v _153_/X (sky130_fd_sc_hd__mux2_1)
     1    0.00                           _085_ (net)
                  0.06    0.00    2.54 v _154_/B1_N (sky130_fd_sc_hd__o21ba_1)
                  0.04    0.22    2.76 ^ _154_/X (sky130_fd_sc_hd__o21ba_1)
     1    0.00                           _086_ (net)
                  0.04    0.00    2.76 ^ _156_/A1 (sky130_fd_sc_hd__mux2_1)
                  0.04    0.12    2.88 ^ _156_/X (sky130_fd_sc_hd__mux2_1)
     1    0.00                           _088_ (net)
                  0.04    0.00    2.88 ^ _157_/A (sky130_fd_sc_hd__clkbuf_1)
                  0.04    0.08    2.96 ^ _157_/X (sky130_fd_sc_hd__clkbuf_1)
     1    0.00                           net20 (net)
                  0.04    0.00    2.96 ^ output20/A (sky130_fd_sc_hd__clkbuf_4)
                  0.11    0.19    3.16 ^ output20/X (sky130_fd_sc_hd__clkbuf_4)
     1    0.03                           ALU_Out[0] (net)
                  0.11    0.00    3.16 ^ ALU_Out[0] (out)
                                  3.16   data arrival time

                  0.00   10.00   10.00   clock __VIRTUAL_CLK__ (rise edge)
                          0.00   10.00   clock network delay (ideal)
                         -0.25    9.75   clock uncertainty
                          0.00    9.75   clock reconvergence pessimism
                         -2.00    7.75   output external delay
                                  7.75   data required time
-----------------------------------------------------------------------------
                                  7.75   data required time
                                 -3.16   data arrival time
-----------------------------------------------------------------------------
                                  4.59   slack (MET)



