
===========================================================================
report_checks -path_delay min (Hold)
============================================================================
======================= Typical Corner ===================================

Startpoint: B[7] (input port clocked by __VIRTUAL_CLK__)
Endpoint: ALU_Out[7] (output port clocked by __VIRTUAL_CLK__)
Path Group: __VIRTUAL_CLK__
Path Type: min

Fanout     Cap    Slew   Delay    Time   Description
-----------------------------------------------------------------------------
                  0.00    0.00    0.00   clock __VIRTUAL_CLK__ (rise edge)
                          0.00    0.00   clock network delay (ideal)
                          2.00    2.00 ^ input external delay
                  0.02    0.01    2.01 ^ B[7] (in)
     1    0.00                           B[7] (net)
                  0.02    0.00    2.01 ^ input16/A (sky130_fd_sc_hd__buf_2)
                  0.14    0.16    2.17 ^ input16/X (sky130_fd_sc_hd__buf_2)
     7    0.03                           net16 (net)
                  0.14    0.00    2.17 ^ _216_/A1 (sky130_fd_sc_hd__a31o_1)
                  0.06    0.16    2.33 ^ _216_/X (sky130_fd_sc_hd__a31o_1)
     1    0.00                           _035_ (net)
                  0.06    0.00    2.33 ^ _220_/B1 (sky130_fd_sc_hd__a211o_1)
                  0.04    0.09    2.42 ^ _220_/X (sky130_fd_sc_hd__a211o_1)
     1    0.00                           net27 (net)
                  0.04    0.00    2.42 ^ output27/A (sky130_fd_sc_hd__clkbuf_4)
                  0.11    0.17    2.59 ^ output27/X (sky130_fd_sc_hd__clkbuf_4)
     1    0.03                           ALU_Out[7] (net)
                  0.11    0.00    2.59 ^ ALU_Out[7] (out)
                                  2.59   data arrival time

                  0.00    0.00    0.00   clock __VIRTUAL_CLK__ (rise edge)
                          0.00    0.00   clock network delay (ideal)
                          0.25    0.25   clock uncertainty
                          0.00    0.25   clock reconvergence pessimism
                         -2.00   -1.75   output external delay
                                 -1.75   data required time
-----------------------------------------------------------------------------
                                 -1.75   data required time
                                 -2.59   data arrival time
-----------------------------------------------------------------------------
                                  4.34   slack (MET)


Startpoint: opcode[0] (input port clocked by __VIRTUAL_CLK__)
Endpoint: ALU_Out[5] (output port clocked by __VIRTUAL_CLK__)
Path Group: __VIRTUAL_CLK__
Path Type: min

Fanout     Cap    Slew   Delay    Time   Description
-----------------------------------------------------------------------------
                  0.00    0.00    0.00   clock __VIRTUAL_CLK__ (rise edge)
                          0.00    0.00   clock network delay (ideal)
                          2.00    2.00 ^ input external delay
                  0.02    0.01    2.01 ^ opcode[0] (in)
     1    0.00                           opcode[0] (net)
                  0.02    0.00    2.01 ^ input17/A (sky130_fd_sc_hd__clkbuf_2)
                  0.14    0.16    2.17 ^ input17/X (sky130_fd_sc_hd__clkbuf_2)
     8    0.03                           net17 (net)
                  0.14    0.00    2.17 ^ _149_/C (sky130_fd_sc_hd__nor3_2)
                  0.07    0.10    2.26 v _149_/Y (sky130_fd_sc_hd__nor3_2)
     5    0.02                           _082_ (net)
                  0.07    0.00    2.26 v _204_/A1 (sky130_fd_sc_hd__a31o_1)
                  0.04    0.17    2.44 v _204_/X (sky130_fd_sc_hd__a31o_1)
     1    0.00                           net25 (net)
                  0.04    0.00    2.44 v output25/A (sky130_fd_sc_hd__clkbuf_4)
                  0.08    0.17    2.61 v output25/X (sky130_fd_sc_hd__clkbuf_4)
     1    0.03                           ALU_Out[5] (net)
                  0.08    0.00    2.61 v ALU_Out[5] (out)
                                  2.61   data arrival time

                  0.00    0.00    0.00   clock __VIRTUAL_CLK__ (rise edge)
                          0.00    0.00   clock network delay (ideal)
                          0.25    0.25   clock uncertainty
                          0.00    0.25   clock reconvergence pessimism
                         -2.00   -1.75   output external delay
                                 -1.75   data required time
-----------------------------------------------------------------------------
                                 -1.75   data required time
                                 -2.61   data arrival time
-----------------------------------------------------------------------------
                                  4.36   slack (MET)


Startpoint: opcode[0] (input port clocked by __VIRTUAL_CLK__)
Endpoint: ALU_Out[6] (output port clocked by __VIRTUAL_CLK__)
Path Group: __VIRTUAL_CLK__
Path Type: min

Fanout     Cap    Slew   Delay    Time   Description
-----------------------------------------------------------------------------
                  0.00    0.00    0.00   clock __VIRTUAL_CLK__ (rise edge)
                          0.00    0.00   clock network delay (ideal)
                          2.00    2.00 ^ input external delay
                  0.02    0.01    2.01 ^ opcode[0] (in)
     1    0.00                           opcode[0] (net)
                  0.02    0.00    2.01 ^ input17/A (sky130_fd_sc_hd__clkbuf_2)
                  0.14    0.16    2.17 ^ input17/X (sky130_fd_sc_hd__clkbuf_2)
     8    0.03                           net17 (net)
                  0.14    0.00    2.17 ^ _177_/C (sky130_fd_sc_hd__or3_2)
                  0.11    0.18    2.35 ^ _177_/X (sky130_fd_sc_hd__or3_2)
     3    0.02                           _000_ (net)
                  0.11    0.00    2.35 ^ _212_/A1 (sky130_fd_sc_hd__o211ai_1)
                  0.05    0.10    2.45 v _212_/Y (sky130_fd_sc_hd__o211ai_1)
     1    0.00                           net26 (net)
                  0.05    0.00    2.45 v output26/A (sky130_fd_sc_hd__clkbuf_4)
                  0.08    0.17    2.62 v output26/X (sky130_fd_sc_hd__clkbuf_4)
     1    0.03                           ALU_Out[6] (net)
                  0.08    0.00    2.62 v ALU_Out[6] (out)
                                  2.62   data arrival time

                  0.00    0.00    0.00   clock __VIRTUAL_CLK__ (rise edge)
                          0.00    0.00   clock network delay (ideal)
                          0.25    0.25   clock uncertainty
                          0.00    0.25   clock reconvergence pessimism
                         -2.00   -1.75   output external delay
                                 -1.75   data required time
-----------------------------------------------------------------------------
                                 -1.75   data required time
                                 -2.62   data arrival time
-----------------------------------------------------------------------------
                                  4.37   slack (MET)


Startpoint: opcode[0] (input port clocked by __VIRTUAL_CLK__)
Endpoint: ALU_Out[3] (output port clocked by __VIRTUAL_CLK__)
Path Group: __VIRTUAL_CLK__
Path Type: min

Fanout     Cap    Slew   Delay    Time   Description
-----------------------------------------------------------------------------
                  0.00    0.00    0.00   clock __VIRTUAL_CLK__ (rise edge)
                          0.00    0.00   clock network delay (ideal)
                          2.00    2.00 ^ input external delay
                  0.02    0.01    2.01 ^ opcode[0] (in)
     1    0.00                           opcode[0] (net)
                  0.02    0.00    2.01 ^ input17/A (sky130_fd_sc_hd__clkbuf_2)
                  0.14    0.16    2.17 ^ input17/X (sky130_fd_sc_hd__clkbuf_2)
     8    0.03                           net17 (net)
                  0.14    0.00    2.17 ^ _177_/C (sky130_fd_sc_hd__or3_2)
                  0.11    0.18    2.35 ^ _177_/X (sky130_fd_sc_hd__or3_2)
     3    0.02                           _000_ (net)
                  0.11    0.00    2.35 ^ _188_/A1 (sky130_fd_sc_hd__o211ai_1)
                  0.05    0.10    2.45 v _188_/Y (sky130_fd_sc_hd__o211ai_1)
     1    0.00                           net23 (net)
                  0.05    0.00    2.45 v output23/A (sky130_fd_sc_hd__clkbuf_4)
                  0.08    0.17    2.62 v output23/X (sky130_fd_sc_hd__clkbuf_4)
     1    0.03                           ALU_Out[3] (net)
                  0.08    0.00    2.62 v ALU_Out[3] (out)
                                  2.62   data arrival time

                  0.00    0.00    0.00   clock __VIRTUAL_CLK__ (rise edge)
                          0.00    0.00   clock network delay (ideal)
                          0.25    0.25   clock uncertainty
                          0.00    0.25   clock reconvergence pessimism
                         -2.00   -1.75   output external delay
                                 -1.75   data required time
-----------------------------------------------------------------------------
                                 -1.75   data required time
                                 -2.62   data arrival time
-----------------------------------------------------------------------------
                                  4.37   slack (MET)


Startpoint: B[7] (input port clocked by __VIRTUAL_CLK__)
Endpoint: CarryOut (output port clocked by __VIRTUAL_CLK__)
Path Group: __VIRTUAL_CLK__
Path Type: min

Fanout     Cap    Slew   Delay    Time   Description
-----------------------------------------------------------------------------
                  0.00    0.00    0.00   clock __VIRTUAL_CLK__ (rise edge)
                          0.00    0.00   clock network delay (ideal)
                          2.00    2.00 ^ input external delay
                  0.02    0.01    2.01 ^ B[7] (in)
     1    0.00                           B[7] (net)
                  0.02    0.00    2.01 ^ input16/A (sky130_fd_sc_hd__buf_2)
                  0.14    0.16    2.17 ^ input16/X (sky130_fd_sc_hd__buf_2)
     7    0.03                           net16 (net)
                  0.14    0.00    2.17 ^ _106_/A (sky130_fd_sc_hd__or2b_1)
                  0.04    0.12    2.29 ^ _106_/X (sky130_fd_sc_hd__or2b_1)
     1    0.00                           _039_ (net)
                  0.04    0.00    2.29 ^ _151_/A1 (sky130_fd_sc_hd__a31o_1)
                  0.09    0.16    2.44 ^ _151_/X (sky130_fd_sc_hd__a31o_1)
     1    0.01                           net28 (net)
                  0.09    0.00    2.44 ^ output28/A (sky130_fd_sc_hd__clkbuf_4)
                  0.11    0.19    2.64 ^ output28/X (sky130_fd_sc_hd__clkbuf_4)
     1    0.03                           CarryOut (net)
                  0.11    0.00    2.64 ^ CarryOut (out)
                                  2.64   data arrival time

                  0.00    0.00    0.00   clock __VIRTUAL_CLK__ (rise edge)
                          0.00    0.00   clock network delay (ideal)
                          0.25    0.25   clock uncertainty
                          0.00    0.25   clock reconvergence pessimism
                         -2.00   -1.75   output external delay
                                 -1.75   data required time
-----------------------------------------------------------------------------
                                 -1.75   data required time
                                 -2.64   data arrival time
-----------------------------------------------------------------------------
                                  4.39   slack (MET)


Startpoint: B[0] (input port clocked by __VIRTUAL_CLK__)
Endpoint: ALU_Out[0] (output port clocked by __VIRTUAL_CLK__)
Path Group: __VIRTUAL_CLK__
Path Type: min

Fanout     Cap    Slew   Delay    Time   Description
-----------------------------------------------------------------------------
                  0.00    0.00    0.00   clock __VIRTUAL_CLK__ (rise edge)
                          0.00    0.00   clock network delay (ideal)
                          2.00    2.00 v input external delay
                  0.01    0.01    2.01 v B[0] (in)
     1    0.00                           B[0] (net)
                  0.01    0.00    2.01 v input9/A (sky130_fd_sc_hd__buf_1)
                  0.08    0.11    2.12 v input9/X (sky130_fd_sc_hd__buf_1)
     4    0.01                           net9 (net)
                  0.08    0.00    2.12 v _155_/A (sky130_fd_sc_hd__nand2_1)
                  0.14    0.13    2.25 ^ _155_/Y (sky130_fd_sc_hd__nand2_1)
     3    0.01                           _087_ (net)
                  0.14    0.00    2.25 ^ _156_/S (sky130_fd_sc_hd__mux2_1)
                  0.04    0.14    2.39 ^ _156_/X (sky130_fd_sc_hd__mux2_1)
     1    0.00                           _088_ (net)
                  0.04    0.00    2.39 ^ _157_/A (sky130_fd_sc_hd__clkbuf_1)
                  0.04    0.07    2.46 ^ _157_/X (sky130_fd_sc_hd__clkbuf_1)
     1    0.00                           net20 (net)
                  0.04    0.00    2.46 ^ output20/A (sky130_fd_sc_hd__clkbuf_4)
                  0.11    0.18    2.64 ^ output20/X (sky130_fd_sc_hd__clkbuf_4)
     1    0.03                           ALU_Out[0] (net)
                  0.11    0.00    2.64 ^ ALU_Out[0] (out)
                                  2.64   data arrival time

                  0.00    0.00    0.00   clock __VIRTUAL_CLK__ (rise edge)
                          0.00    0.00   clock network delay (ideal)
                          0.25    0.25   clock uncertainty
                          0.00    0.25   clock reconvergence pessimism
                         -2.00   -1.75   output external delay
                                 -1.75   data required time
-----------------------------------------------------------------------------
                                 -1.75   data required time
                                 -2.64   data arrival time
-----------------------------------------------------------------------------
                                  4.39   slack (MET)


Startpoint: A[1] (input port clocked by __VIRTUAL_CLK__)
Endpoint: ALU_Out[1] (output port clocked by __VIRTUAL_CLK__)
Path Group: __VIRTUAL_CLK__
Path Type: min

Fanout     Cap    Slew   Delay    Time   Description
-----------------------------------------------------------------------------
                  0.00    0.00    0.00   clock __VIRTUAL_CLK__ (rise edge)
                          0.00    0.00   clock network delay (ideal)
                          2.00    2.00 ^ input external delay
                  0.02    0.01    2.01 ^ A[1] (in)
     1    0.00                           A[1] (net)
                  0.02    0.00    2.01 ^ input2/A (sky130_fd_sc_hd__clkbuf_2)
                  0.11    0.14    2.15 ^ input2/X (sky130_fd_sc_hd__clkbuf_2)
     4    0.02                           net2 (net)
                  0.11    0.00    2.15 ^ _138_/B (sky130_fd_sc_hd__or2_1)
                  0.07    0.13    2.27 ^ _138_/X (sky130_fd_sc_hd__or2_1)
     2    0.01                           _071_ (net)
                  0.07    0.00    2.27 ^ _167_/A1 (sky130_fd_sc_hd__a221o_1)
                  0.09    0.17    2.44 ^ _167_/X (sky130_fd_sc_hd__a221o_1)
     1    0.01                           net21 (net)
                  0.09    0.00    2.45 ^ output21/A (sky130_fd_sc_hd__clkbuf_4)
                  0.12    0.19    2.64 ^ output21/X (sky130_fd_sc_hd__clkbuf_4)
     1    0.04                           ALU_Out[1] (net)
                  0.12    0.00    2.64 ^ ALU_Out[1] (out)
                                  2.64   data arrival time

                  0.00    0.00    0.00   clock __VIRTUAL_CLK__ (rise edge)
                          0.00    0.00   clock network delay (ideal)
                          0.25    0.25   clock uncertainty
                          0.00    0.25   clock reconvergence pessimism
                         -2.00   -1.75   output external delay
                                 -1.75   data required time
-----------------------------------------------------------------------------
                                 -1.75   data required time
                                 -2.64   data arrival time
-----------------------------------------------------------------------------
                                  4.39   slack (MET)


Startpoint: opcode[2] (input port clocked by __VIRTUAL_CLK__)
Endpoint: ALU_Out[2] (output port clocked by __VIRTUAL_CLK__)
Path Group: __VIRTUAL_CLK__
Path Type: min

Fanout     Cap    Slew   Delay    Time   Description
-----------------------------------------------------------------------------
                  0.00    0.00    0.00   clock __VIRTUAL_CLK__ (rise edge)
                          0.00    0.00   clock network delay (ideal)
                          2.00    2.00 ^ input external delay
                  0.02    0.01    2.01 ^ opcode[2] (in)
     1    0.00                           opcode[2] (net)
                  0.02    0.00    2.01 ^ input19/A (sky130_fd_sc_hd__buf_2)
                  0.15    0.16    2.17 ^ input19/X (sky130_fd_sc_hd__buf_2)
     6    0.03                           net19 (net)
                  0.15    0.00    2.17 ^ _135_/A (sky130_fd_sc_hd__nor3b_4)
                  0.07    0.09    2.27 v _135_/Y (sky130_fd_sc_hd__nor3b_4)
     8    0.03                           _068_ (net)
                  0.07    0.00    2.27 v _176_/A2 (sky130_fd_sc_hd__a31o_1)
                  0.06    0.23    2.50 v _176_/X (sky130_fd_sc_hd__a31o_1)
     1    0.01                           net22 (net)
                  0.06    0.00    2.50 v output22/A (sky130_fd_sc_hd__clkbuf_4)
                  0.08    0.18    2.68 v output22/X (sky130_fd_sc_hd__clkbuf_4)
     1    0.03                           ALU_Out[2] (net)
                  0.08    0.00    2.68 v ALU_Out[2] (out)
                                  2.68   data arrival time

                  0.00    0.00    0.00   clock __VIRTUAL_CLK__ (rise edge)
                          0.00    0.00   clock network delay (ideal)
                          0.25    0.25   clock uncertainty
                          0.00    0.25   clock reconvergence pessimism
                         -2.00   -1.75   output external delay
                                 -1.75   data required time
-----------------------------------------------------------------------------
                                 -1.75   data required time
                                 -2.68   data arrival time
-----------------------------------------------------------------------------
                                  4.43   slack (MET)


Startpoint: A[4] (input port clocked by __VIRTUAL_CLK__)
Endpoint: ALU_Out[4] (output port clocked by __VIRTUAL_CLK__)
Path Group: __VIRTUAL_CLK__
Path Type: min

Fanout     Cap    Slew   Delay    Time   Description
-----------------------------------------------------------------------------
                  0.00    0.00    0.00   clock __VIRTUAL_CLK__ (rise edge)
                          0.00    0.00   clock network delay (ideal)
                          2.00    2.00 v input external delay
                  0.01    0.00    2.00 v A[4] (in)
     1    0.00                           A[4] (net)
                  0.01    0.00    2.00 v input5/A (sky130_fd_sc_hd__buf_1)
                  0.07    0.11    2.11 v input5/X (sky130_fd_sc_hd__buf_1)
     3    0.01                           net5 (net)
                  0.07    0.00    2.11 v _114_/B (sky130_fd_sc_hd__nand2_2)
                  0.10    0.11    2.22 ^ _114_/Y (sky130_fd_sc_hd__nand2_2)
     5    0.02                           _047_ (net)
                  0.10    0.00    2.22 ^ _116_/A (sky130_fd_sc_hd__nand2_2)
                  0.07    0.09    2.31 v _116_/Y (sky130_fd_sc_hd__nand2_2)
     6    0.02                           _049_ (net)
                  0.07    0.00    2.31 v _189_/A (sky130_fd_sc_hd__nand2_1)
                  0.05    0.07    2.38 ^ _189_/Y (sky130_fd_sc_hd__nand2_1)
     1    0.00                           _011_ (net)
                  0.05    0.00    2.38 ^ _196_/A1 (sky130_fd_sc_hd__a311o_1)
                  0.05    0.14    2.52 ^ _196_/X (sky130_fd_sc_hd__a311o_1)
     1    0.00                           net24 (net)
                  0.05    0.00    2.52 ^ output24/A (sky130_fd_sc_hd__clkbuf_4)
                  0.11    0.18    2.70 ^ output24/X (sky130_fd_sc_hd__clkbuf_4)
     1    0.03                           ALU_Out[4] (net)
                  0.11    0.00    2.70 ^ ALU_Out[4] (out)
                                  2.70   data arrival time

                  0.00    0.00    0.00   clock __VIRTUAL_CLK__ (rise edge)
                          0.00    0.00   clock network delay (ideal)
                          0.25    0.25   clock uncertainty
                          0.00    0.25   clock reconvergence pessimism
                         -2.00   -1.75   output external delay
                                 -1.75   data required time
-----------------------------------------------------------------------------
                                 -1.75   data required time
                                 -2.70   data arrival time
-----------------------------------------------------------------------------
                                  4.45   slack (MET)



