Instance name,  X location,  Y location,  Voltage 
input3, 44.56, 51.68, 1.79998
input14, 44.56, 51.68, 1.79998
output27, 44.56, 51.68, 1.79998
FILLER_0_14_80, 44.56, 51.68, 1.79998
FILLER_0_15_77, 44.56, 51.68, 1.79998
_134_, 44.56, 46.24, 1.79998
_213_, 44.56, 46.24, 1.79998
_220_, 44.56, 46.24, 1.79998
input13, 44.56, 46.24, 1.79998
output21, 44.56, 46.24, 1.79998
_133_, 44.56, 40.8, 1.79999
_217_, 44.56, 40.8, 1.79999
_218_, 44.56, 40.8, 1.79999
_219_, 44.56, 40.8, 1.79999
FILLER_0_11_88, 44.56, 40.8, 1.79999
FILLER_0_12_85, 44.56, 40.8, 1.79999
_108_, 44.56, 35.36, 1.79999
_109_, 44.56, 35.36, 1.79999
_110_, 44.56, 35.36, 1.79999
_132_, 44.56, 35.36, 1.79999
input2, 44.56, 35.36, 1.79999
FILLER_0_8_80, 44.56, 35.36, 1.79999
FILLER_0_9_84, 44.56, 35.36, 1.79999
_206_, 44.56, 29.92, 1.79999
_207_, 44.56, 29.92, 1.79999
_208_, 44.56, 29.92, 1.79999
input19, 44.56, 29.92, 1.79999
FILLER_0_7_74, 44.56, 29.92, 1.79999
FILLER_0_7_86, 44.56, 29.92, 1.79999
FILLER_0_8_85, 44.56, 29.92, 1.79999
_209_, 44.56, 24.48, 1.79999
_212_, 44.56, 24.48, 1.79999
FILLER_0_4_80, 44.56, 24.48, 1.79999
FILLER_0_5_89, 44.56, 24.48, 1.79999
_163_, 44.56, 19.04, 1.79998
output26, 44.56, 19.04, 1.79998
FILLER_0_4_85, 44.56, 19.04, 1.79998
input1, 44.56, 13.6, 1.79998
input7, 44.56, 13.6, 1.79998
input11, 44.56, 13.6, 1.79998
FILLER_0_1_85, 44.56, 13.6, 1.79998
FILLER_0_2_85, 44.56, 13.6, 1.79998
_111_, 33.405, 51.68, 1.79998
_136_, 33.405, 51.68, 1.79998
input16, 33.405, 51.68, 1.79998
FILLER_0_15_69, 33.405, 51.68, 1.79998
_106_, 33.405, 46.24, 1.79998
_107_, 33.405, 46.24, 1.79998
_150_, 33.405, 46.24, 1.79998
_151_, 33.405, 46.24, 1.79998
_199_, 33.405, 46.24, 1.79998
_216_, 33.405, 46.24, 1.79998
FILLER_0_12_56, 33.405, 46.24, 1.79998
FILLER_0_13_57, 33.405, 46.24, 1.79998
_201_, 33.405, 40.8, 1.79999
_214_, 33.405, 40.8, 1.79999
_215_, 33.405, 40.8, 1.79999
FILLER_0_10_50, 33.405, 40.8, 1.79999
FILLER_0_11_69, 33.405, 40.8, 1.79999
_147_, 33.405, 35.36, 1.79999
_148_, 33.405, 35.36, 1.79999
_205_, 33.405, 35.36, 1.79999
FILLER_0_9_57, 33.405, 35.36, 1.79999
FILLER_0_9_72, 33.405, 35.36, 1.79999
_118_, 33.405, 29.92, 1.79999
_120_, 33.405, 29.92, 1.79999
_210_, 33.405, 29.92, 1.79999
_211_, 33.405, 29.92, 1.79999
FILLER_0_6_55, 33.405, 29.92, 1.79999
_161_, 33.405, 24.48, 1.79999
_162_, 33.405, 24.48, 1.79999
_166_, 33.405, 24.48, 1.79999
FILLER_0_4_50, 33.405, 24.48, 1.79999
FILLER_0_5_50, 33.405, 24.48, 1.79999
FILLER_0_6_71, 33.405, 24.48, 1.79999
_124_, 33.405, 19.04, 1.79998
_164_, 33.405, 19.04, 1.79998
_165_, 33.405, 19.04, 1.79998
_167_, 33.405, 19.04, 1.79998
_168_, 33.405, 19.04, 1.79998
FILLER_0_3_57, 33.405, 19.04, 1.79998
_121_, 33.405, 13.6, 1.79998
_122_, 33.405, 13.6, 1.79998
_123_, 33.405, 13.6, 1.79998
_138_, 33.405, 13.6, 1.79998
_139_, 33.405, 13.6, 1.79998
_140_, 33.405, 13.6, 1.79998
output28, 33.405, 13.6, 1.79998
FILLER_0_0_69, 33.405, 13.6, 1.79998
FILLER_0_2_62, 33.405, 13.6, 1.79998
_112_, 22.25, 51.68, 1.79998
_144_, 22.25, 51.68, 1.79998
_204_, 22.25, 51.68, 1.79998
output25, 22.25, 51.68, 1.79998
FILLER_0_15_29, 22.25, 51.68, 1.79998
FILLER_0_15_44, 22.25, 51.68, 1.79998
_113_, 22.25, 46.24, 1.79998
_129_, 22.25, 46.24, 1.79998
_130_, 22.25, 46.24, 1.79998
_145_, 22.25, 46.24, 1.79998
_202_, 22.25, 46.24, 1.79998
_203_, 22.25, 46.24, 1.79998
FILLER_0_12_29, 22.25, 46.24, 1.79998
FILLER_0_13_34, 22.25, 46.24, 1.79998
FILLER_0_14_41, 22.25, 46.24, 1.79998
_131_, 22.25, 40.8, 1.79999
_146_, 22.25, 40.8, 1.79999
_200_, 22.25, 40.8, 1.79999
FILLER_0_11_41, 22.25, 40.8, 1.79999
FILLER_0_12_38, 22.25, 40.8, 1.79999
_194_, 22.25, 35.36, 1.79999
FILLER_0_8_29, 22.25, 35.36, 1.79999
_143_, 22.25, 29.92, 1.79998
_171_, 22.25, 29.92, 1.79998
_172_, 22.25, 29.92, 1.79998
_174_, 22.25, 29.92, 1.79998
_175_, 22.25, 29.92, 1.79998
_178_, 22.25, 29.92, 1.79998
_185_, 22.25, 29.92, 1.79998
_186_, 22.25, 29.92, 1.79998
FILLER_0_6_35, 22.25, 29.92, 1.79998
_119_, 22.25, 24.48, 1.79998
_142_, 22.25, 24.48, 1.79998
_173_, 22.25, 24.48, 1.79998
_176_, 22.25, 24.48, 1.79998
FILLER_0_4_29, 22.25, 24.48, 1.79998
FILLER_0_5_34, 22.25, 24.48, 1.79998
_125_, 22.25, 19.04, 1.79998
_127_, 22.25, 19.04, 1.79998
_137_, 22.25, 19.04, 1.79998
_169_, 22.25, 19.04, 1.79998
_181_, 22.25, 19.04, 1.79998
_182_, 22.25, 19.04, 1.79998
_183_, 22.25, 19.04, 1.79998
FILLER_0_2_25, 22.25, 19.04, 1.79998
FILLER_0_4_42, 22.25, 19.04, 1.79998
_117_, 22.25, 13.6, 1.79998
_126_, 22.25, 13.6, 1.79998
_141_, 22.25, 13.6, 1.79998
input10, 22.25, 13.6, 1.79998
input12, 22.25, 13.6, 1.79998
FILLER_0_0_39, 22.25, 13.6, 1.79998
FILLER_0_1_46, 22.25, 13.6, 1.79998
FILLER_0_2_48, 22.25, 13.6, 1.79998
_114_, 11.095, 51.68, 1.79998
input18, 11.095, 51.68, 1.79998
output24, 11.095, 51.68, 1.79998
FILLER_0_15_23, 11.095, 51.68, 1.79998
_115_, 11.095, 46.24, 1.79998
_116_, 11.095, 46.24, 1.79998
_128_, 11.095, 46.24, 1.79998
_191_, 11.095, 46.24, 1.79998
_197_, 11.095, 46.24, 1.79998
_198_, 11.095, 46.24, 1.79998
FILLER_0_14_14, 11.095, 46.24, 1.79998
_189_, 11.095, 40.8, 1.79998
_190_, 11.095, 40.8, 1.79998
_195_, 11.095, 40.8, 1.79998
_196_, 11.095, 40.8, 1.79998
_149_, 11.095, 35.36, 1.79999
_170_, 11.095, 35.36, 1.79999
_193_, 11.095, 35.36, 1.79999
FILLER_0_8_7, 11.095, 35.36, 1.79999
FILLER_0_9_23, 11.095, 35.36, 1.79999
FILLER_0_10_15, 11.095, 35.36, 1.79999
_160_, 11.095, 29.92, 1.79998
_177_, 11.095, 29.92, 1.79998
FILLER_0_7_11, 11.095, 29.92, 1.79998
FILLER_0_7_21, 11.095, 29.92, 1.79998
_158_, 11.095, 24.48, 1.79998
_159_, 11.095, 24.48, 1.79998
_187_, 11.095, 24.48, 1.79998
FILLER_0_6_13, 11.095, 24.48, 1.79998
_180_, 11.095, 19.04, 1.79998
_184_, 11.095, 19.04, 1.79998
FILLER_0_2_9, 11.095, 19.04, 1.79998
FILLER_0_3_19, 11.095, 19.04, 1.79998
_154_, 11.095, 13.6, 1.79997
_155_, 11.095, 13.6, 1.79997
_156_, 11.095, 13.6, 1.79997
_179_, 11.095, 13.6, 1.79997
_188_, 11.095, 13.6, 1.79997
input9, 11.095, 13.6, 1.79997
output20, 11.095, 13.6, 1.79997
FILLER_0_0_21, 11.095, 13.6, 1.79997
PHY_28, 5.52, 51.68, 1.79997
PHY_30, 5.52, 51.68, 1.79997
output22, 5.52, 51.68, 1.79997
PHY_29, 50.14, 51.68, 1.79998
PHY_31, 50.14, 51.68, 1.79998
PHY_24, 5.52, 46.24, 1.79998
PHY_26, 5.52, 46.24, 1.79998
input6, 5.52, 46.24, 1.79998
FILLER_0_13_3, 5.52, 46.24, 1.79998
FILLER_0_14_6, 5.52, 46.24, 1.79998
PHY_25, 50.14, 46.24, 1.79998
PHY_27, 50.14, 46.24, 1.79998
_192_, 5.52, 40.8, 1.79998
PHY_20, 5.52, 40.8, 1.79998
PHY_22, 5.52, 40.8, 1.79998
input15, 5.52, 40.8, 1.79998
FILLER_0_11_6, 5.52, 40.8, 1.79998
PHY_21, 50.14, 40.8, 1.79999
PHY_23, 50.14, 40.8, 1.79999
FILLER_0_10_91, 50.14, 40.8, 1.79999
_135_, 5.52, 35.36, 1.79998
PHY_16, 5.52, 35.36, 1.79998
PHY_18, 5.52, 35.36, 1.79998
PHY_17, 50.14, 35.36, 1.79999
PHY_19, 50.14, 35.36, 1.79999
_152_, 5.52, 29.92, 1.79998
PHY_12, 5.52, 29.92, 1.79998
PHY_14, 5.52, 29.92, 1.79998
input17, 5.52, 29.92, 1.79998
PHY_13, 50.14, 29.92, 1.79999
PHY_15, 50.14, 29.92, 1.79999
_153_, 5.52, 24.48, 1.79998
PHY_8, 5.52, 24.48, 1.79998
PHY_10, 5.52, 24.48, 1.79998
input5, 5.52, 24.48, 1.79998
FILLER_0_5_6, 5.52, 24.48, 1.79998
PHY_9, 50.14, 24.48, 1.79999
PHY_11, 50.14, 24.48, 1.79999
PHY_4, 5.52, 19.04, 1.79998
PHY_6, 5.52, 19.04, 1.79998
FILLER_0_3_3, 5.52, 19.04, 1.79998
PHY_5, 50.14, 19.04, 1.79998
PHY_7, 50.14, 19.04, 1.79998
FILLER_0_3_91, 50.14, 19.04, 1.79998
_157_, 5.52, 13.6, 1.79997
PHY_0, 5.52, 13.6, 1.79997
PHY_2, 5.52, 13.6, 1.79997
input8, 5.52, 13.6, 1.79997
output23, 5.52, 13.6, 1.79997
PHY_1, 50.14, 13.6, 1.79998
PHY_3, 50.14, 13.6, 1.79998
input4, 50.14, 13.6, 1.79998

