Instance name,  X location,  Y location,  Voltage 
input14, 47.86, 54.4, 1.78765e-05
output27, 47.86, 54.4, 1.78765e-05
_220_, 47.86, 48.96, 1.95505e-05
PHY_29, 47.86, 48.96, 1.95505e-05
PHY_31, 47.86, 48.96, 1.95505e-05
input13, 47.86, 48.96, 1.95505e-05
output21, 47.86, 48.96, 1.95505e-05
FILLER_0_14_80, 47.86, 48.96, 1.95505e-05
_134_, 47.86, 43.52, 1.38437e-05
_219_, 47.86, 43.52, 1.38437e-05
PHY_25, 47.86, 43.52, 1.38437e-05
PHY_27, 47.86, 43.52, 1.38437e-05
FILLER_0_11_88, 47.86, 43.52, 1.38437e-05
FILLER_0_12_85, 47.86, 43.52, 1.38437e-05
_132_, 47.86, 38.08, 1.38578e-05
PHY_21, 47.86, 38.08, 1.38578e-05
PHY_23, 47.86, 38.08, 1.38578e-05
input2, 47.86, 38.08, 1.38578e-05
FILLER_0_9_84, 47.86, 38.08, 1.38578e-05
FILLER_0_10_91, 47.86, 38.08, 1.38578e-05
_208_, 47.86, 32.64, 1.36333e-05
PHY_17, 47.86, 32.64, 1.36333e-05
PHY_19, 47.86, 32.64, 1.36333e-05
input19, 47.86, 32.64, 1.36333e-05
FILLER_0_7_86, 47.86, 32.64, 1.36333e-05
FILLER_0_8_80, 47.86, 32.64, 1.36333e-05
FILLER_0_8_85, 47.86, 32.64, 1.36333e-05
_209_, 47.86, 27.2, 1.25129e-05
_212_, 47.86, 27.2, 1.25129e-05
PHY_13, 47.86, 27.2, 1.25129e-05
PHY_15, 47.86, 27.2, 1.25129e-05
FILLER_0_5_89, 47.86, 27.2, 1.25129e-05
PHY_9, 47.86, 21.76, 1.4847e-05
PHY_11, 47.86, 21.76, 1.4847e-05
output26, 47.86, 21.76, 1.4847e-05
FILLER_0_3_91, 47.86, 21.76, 1.4847e-05
FILLER_0_4_80, 47.86, 21.76, 1.4847e-05
FILLER_0_4_85, 47.86, 21.76, 1.4847e-05
PHY_5, 47.86, 16.32, 1.31435e-05
PHY_7, 47.86, 16.32, 1.31435e-05
FILLER_0_1_85, 47.86, 16.32, 1.31435e-05
FILLER_0_2_85, 47.86, 16.32, 1.31435e-05
PHY_1, 47.86, 10.88, 1.52766e-05
PHY_3, 47.86, 10.88, 1.52766e-05
input1, 47.86, 10.88, 1.52766e-05
input4, 47.86, 10.88, 1.52766e-05
input7, 47.86, 10.88, 1.52766e-05
_106_, 36.705, 48.96, 1.86765e-05
_107_, 36.705, 48.96, 1.86765e-05
_136_, 36.705, 48.96, 1.86765e-05
_150_, 36.705, 48.96, 1.86765e-05
input3, 36.705, 48.96, 1.86765e-05
FILLER_0_13_57, 36.705, 48.96, 1.86765e-05
FILLER_0_15_69, 36.705, 48.96, 1.86765e-05
FILLER_0_15_77, 36.705, 48.96, 1.86765e-05
_151_, 36.705, 43.52, 1.49726e-05
_213_, 36.705, 43.52, 1.49726e-05
_216_, 36.705, 43.52, 1.49726e-05
FILLER_0_12_56, 36.705, 43.52, 1.49726e-05
_133_, 36.705, 38.08, 1.46739e-05
_147_, 36.705, 38.08, 1.46739e-05
_148_, 36.705, 38.08, 1.46739e-05
_215_, 36.705, 38.08, 1.46739e-05
_217_, 36.705, 38.08, 1.46739e-05
_218_, 36.705, 38.08, 1.46739e-05
FILLER_0_9_57, 36.705, 38.08, 1.46739e-05
FILLER_0_11_69, 36.705, 38.08, 1.46739e-05
_108_, 36.705, 32.64, 1.41951e-05
_109_, 36.705, 32.64, 1.41951e-05
_110_, 36.705, 32.64, 1.41951e-05
_118_, 36.705, 32.64, 1.41951e-05
_205_, 36.705, 32.64, 1.41951e-05
_210_, 36.705, 32.64, 1.41951e-05
_211_, 36.705, 32.64, 1.41951e-05
FILLER_0_9_72, 36.705, 32.64, 1.41951e-05
_161_, 36.705, 27.2, 1.33374e-05
_162_, 36.705, 27.2, 1.33374e-05
_206_, 36.705, 27.2, 1.33374e-05
_207_, 36.705, 27.2, 1.33374e-05
FILLER_0_6_71, 36.705, 27.2, 1.33374e-05
FILLER_0_7_74, 36.705, 27.2, 1.33374e-05
_164_, 36.705, 21.76, 1.40547e-05
_165_, 36.705, 21.76, 1.40547e-05
_166_, 36.705, 21.76, 1.40547e-05
_167_, 36.705, 21.76, 1.40547e-05
FILLER_0_3_57, 36.705, 21.76, 1.40547e-05
_123_, 36.705, 16.32, 1.4999e-05
_124_, 36.705, 16.32, 1.4999e-05
_138_, 36.705, 16.32, 1.4999e-05
_140_, 36.705, 16.32, 1.4999e-05
_163_, 36.705, 16.32, 1.4999e-05
FILLER_0_2_62, 36.705, 16.32, 1.4999e-05
_121_, 36.705, 10.88, 1.65391e-05
_122_, 36.705, 10.88, 1.65391e-05
_139_, 36.705, 10.88, 1.65391e-05
input11, 36.705, 10.88, 1.65391e-05
FILLER_0_0_69, 36.705, 10.88, 1.65391e-05
output25, 25.55, 54.4, 1.73486e-05
_111_, 25.55, 48.96, 1.95883e-05
_112_, 25.55, 48.96, 1.95883e-05
_113_, 25.55, 48.96, 1.95883e-05
_130_, 25.55, 48.96, 1.95883e-05
_144_, 25.55, 48.96, 1.95883e-05
_203_, 25.55, 48.96, 1.95883e-05
input16, 25.55, 48.96, 1.95883e-05
FILLER_0_13_34, 25.55, 48.96, 1.95883e-05
FILLER_0_14_41, 25.55, 48.96, 1.95883e-05
FILLER_0_15_44, 25.55, 48.96, 1.95883e-05
_129_, 25.55, 43.52, 1.59999e-05
_131_, 25.55, 43.52, 1.59999e-05
_199_, 25.55, 43.52, 1.59999e-05
_200_, 25.55, 43.52, 1.59999e-05
_202_, 25.55, 43.52, 1.59999e-05
FILLER_0_11_41, 25.55, 43.52, 1.59999e-05
FILLER_0_12_38, 25.55, 43.52, 1.59999e-05
_201_, 25.55, 38.08, 1.31196e-05
_214_, 25.55, 38.08, 1.31196e-05
FILLER_0_10_50, 25.55, 38.08, 1.31196e-05
_171_, 25.55, 32.64, 1.36811e-05
_172_, 25.55, 32.64, 1.36811e-05
_174_, 25.55, 32.64, 1.36811e-05
_178_, 25.55, 32.64, 1.36811e-05
_119_, 25.55, 27.2, 1.47562e-05
_120_, 25.55, 27.2, 1.47562e-05
_142_, 25.55, 27.2, 1.47562e-05
_173_, 25.55, 27.2, 1.47562e-05
_175_, 25.55, 27.2, 1.47562e-05
_176_, 25.55, 27.2, 1.47562e-05
FILLER_0_5_34, 25.55, 27.2, 1.47562e-05
FILLER_0_6_35, 25.55, 27.2, 1.47562e-05
FILLER_0_6_55, 25.55, 27.2, 1.47562e-05
_127_, 25.55, 21.76, 1.36351e-05
_169_, 25.55, 21.76, 1.36351e-05
_182_, 25.55, 21.76, 1.36351e-05
FILLER_0_4_42, 25.55, 21.76, 1.36351e-05
FILLER_0_4_50, 25.55, 21.76, 1.36351e-05
FILLER_0_5_50, 25.55, 21.76, 1.36351e-05
_117_, 25.55, 16.32, 1.58797e-05
_125_, 25.55, 16.32, 1.58797e-05
_126_, 25.55, 16.32, 1.58797e-05
_137_, 25.55, 16.32, 1.58797e-05
_168_, 25.55, 16.32, 1.58797e-05
FILLER_0_2_48, 25.55, 16.32, 1.58797e-05
input12, 25.55, 10.88, 1.74318e-05
output28, 25.55, 10.88, 1.74318e-05
FILLER_0_0_39, 25.55, 10.88, 1.74318e-05
FILLER_0_1_46, 25.55, 10.88, 1.74318e-05
input18, 14.395, 54.4, 1.85619e-05
output24, 14.395, 54.4, 1.85619e-05
_115_, 14.395, 48.96, 2.20417e-05
_116_, 14.395, 48.96, 2.20417e-05
_198_, 14.395, 48.96, 2.20417e-05
_204_, 14.395, 48.96, 2.20417e-05
FILLER_0_14_14, 14.395, 48.96, 2.20417e-05
FILLER_0_15_23, 14.395, 48.96, 2.20417e-05
FILLER_0_15_29, 14.395, 48.96, 2.20417e-05
_145_, 14.395, 43.52, 1.67483e-05
_189_, 14.395, 43.52, 1.67483e-05
_190_, 14.395, 43.52, 1.67483e-05
_191_, 14.395, 43.52, 1.67483e-05
_196_, 14.395, 43.52, 1.67483e-05
_197_, 14.395, 43.52, 1.67483e-05
FILLER_0_12_29, 14.395, 43.52, 1.67483e-05
_146_, 14.395, 38.08, 1.41668e-05
_193_, 14.395, 38.08, 1.41668e-05
_195_, 14.395, 38.08, 1.41668e-05
FILLER_0_10_15, 14.395, 38.08, 1.41668e-05
_149_, 14.395, 32.64, 1.57757e-05
_160_, 14.395, 32.64, 1.57757e-05
_170_, 14.395, 32.64, 1.57757e-05
_177_, 14.395, 32.64, 1.57757e-05
_194_, 14.395, 32.64, 1.57757e-05
FILLER_0_7_11, 14.395, 32.64, 1.57757e-05
FILLER_0_8_29, 14.395, 32.64, 1.57757e-05
FILLER_0_9_23, 14.395, 32.64, 1.57757e-05
_143_, 14.395, 27.2, 1.54968e-05
_159_, 14.395, 27.2, 1.54968e-05
_185_, 14.395, 27.2, 1.54968e-05
_186_, 14.395, 27.2, 1.54968e-05
_187_, 14.395, 27.2, 1.54968e-05
FILLER_0_6_13, 14.395, 27.2, 1.54968e-05
FILLER_0_7_21, 14.395, 27.2, 1.54968e-05
_180_, 14.395, 21.76, 1.40263e-05
FILLER_0_3_19, 14.395, 21.76, 1.40263e-05
FILLER_0_4_29, 14.395, 21.76, 1.40263e-05
_154_, 14.395, 16.32, 1.84016e-05
_179_, 14.395, 16.32, 1.84016e-05
_181_, 14.395, 16.32, 1.84016e-05
_183_, 14.395, 16.32, 1.84016e-05
_184_, 14.395, 16.32, 1.84016e-05
_188_, 14.395, 16.32, 1.84016e-05
FILLER_0_2_25, 14.395, 16.32, 1.84016e-05
_141_, 14.395, 10.88, 2.10871e-05
_155_, 14.395, 10.88, 2.10871e-05
input9, 14.395, 10.88, 2.10871e-05
input10, 14.395, 10.88, 2.10871e-05
FILLER_0_0_21, 14.395, 10.88, 2.10871e-05
PHY_30, 5.52, 54.4, 1.85619e-05
_114_, 5.52, 48.96, 2.83346e-05
PHY_26, 5.52, 48.96, 2.83346e-05
PHY_28, 5.52, 48.96, 2.83346e-05
input6, 5.52, 48.96, 2.83346e-05
output22, 5.52, 48.96, 2.83346e-05
FILLER_0_14_6, 5.52, 48.96, 2.83346e-05
_128_, 5.52, 43.52, 1.78881e-05
_192_, 5.52, 43.52, 1.78881e-05
PHY_22, 5.52, 43.52, 1.78881e-05
PHY_24, 5.52, 43.52, 1.78881e-05
FILLER_0_13_3, 5.52, 43.52, 1.78881e-05
PHY_18, 5.52, 38.08, 1.48782e-05
PHY_20, 5.52, 38.08, 1.48782e-05
input15, 5.52, 38.08, 1.48782e-05
FILLER_0_11_6, 5.52, 38.08, 1.48782e-05
_135_, 5.52, 32.64, 1.88277e-05
PHY_14, 5.52, 32.64, 1.88277e-05
PHY_16, 5.52, 32.64, 1.88277e-05
input17, 5.52, 32.64, 1.88277e-05
FILLER_0_8_7, 5.52, 32.64, 1.88277e-05
_152_, 5.52, 27.2, 1.69563e-05
_153_, 5.52, 27.2, 1.69563e-05
PHY_10, 5.52, 27.2, 1.69563e-05
PHY_12, 5.52, 27.2, 1.69563e-05
_158_, 5.52, 21.76, 1.57556e-05
PHY_6, 5.52, 21.76, 1.57556e-05
PHY_8, 5.52, 21.76, 1.57556e-05
input5, 5.52, 21.76, 1.57556e-05
FILLER_0_5_6, 5.52, 21.76, 1.57556e-05
PHY_2, 5.52, 16.32, 2.21635e-05
PHY_4, 5.52, 16.32, 2.21635e-05
output23, 5.52, 16.32, 2.21635e-05
FILLER_0_2_9, 5.52, 16.32, 2.21635e-05
FILLER_0_3_3, 5.52, 16.32, 2.21635e-05
_156_, 5.52, 10.88, 2.79645e-05
_157_, 5.52, 10.88, 2.79645e-05
PHY_0, 5.52, 10.88, 2.79645e-05
input8, 5.52, 10.88, 2.79645e-05
output20, 5.52, 10.88, 2.79645e-05

