
===========================================================================
report_checks -path_delay max (Setup)
============================================================================
======================= Typical Corner ===================================

Startpoint: B[0] (input port clocked by __VIRTUAL_CLK__)
Endpoint: ALU_Out[6] (output port clocked by __VIRTUAL_CLK__)
Path Group: __VIRTUAL_CLK__
Path Type: max

Fanout     Cap    Slew   Delay    Time   Description
-----------------------------------------------------------------------------
                  0.00    0.00    0.00   clock __VIRTUAL_CLK__ (rise edge)
                          0.00    0.00   clock network delay (ideal)
                          2.00    2.00 ^ input external delay
                  0.03    0.02    2.02 ^ B[0] (in)
     1    0.01                           B[0] (net)
                  0.03    0.00    2.02 ^ input9/A (sky130_fd_sc_hd__buf_1)
                  0.16    0.17    2.19 ^ input9/X (sky130_fd_sc_hd__buf_1)
     4    0.01                           net9 (net)
                  0.16    0.00    2.19 ^ _122_/B_N (sky130_fd_sc_hd__or2b_1)
                  0.08    0.30    2.49 v _122_/X (sky130_fd_sc_hd__or2b_1)
     3    0.01                           _055_ (net)
                  0.08    0.00    2.49 v _124_/A2 (sky130_fd_sc_hd__a21o_1)
                  0.06    0.22    2.71 v _124_/X (sky130_fd_sc_hd__a21o_1)
     3    0.01                           _057_ (net)
                  0.06    0.00    2.71 v _127_/A3 (sky130_fd_sc_hd__a311o_1)
                  0.09    0.41    3.12 v _127_/X (sky130_fd_sc_hd__a311o_1)
     3    0.01                           _060_ (net)
                  0.09    0.00    3.12 v _129_/A2 (sky130_fd_sc_hd__a21oi_1)
                  0.20    0.24    3.36 ^ _129_/Y (sky130_fd_sc_hd__a21oi_1)
     3    0.01                           _062_ (net)
                  0.20    0.00    3.36 ^ _131_/A2 (sky130_fd_sc_hd__o21a_1)
                  0.08    0.17    3.53 ^ _131_/X (sky130_fd_sc_hd__o21a_1)
     3    0.01                           _064_ (net)
                  0.08    0.00    3.53 ^ _207_/B (sky130_fd_sc_hd__nor2_1)
                  0.06    0.05    3.57 v _207_/Y (sky130_fd_sc_hd__nor2_1)
     1    0.00                           _027_ (net)
                  0.06    0.00    3.57 v _209_/A (sky130_fd_sc_hd__or3b_1)
                  0.07    0.39    3.97 v _209_/X (sky130_fd_sc_hd__or3b_1)
     1    0.00                           _029_ (net)
                  0.07    0.00    3.97 v _212_/B1 (sky130_fd_sc_hd__o211ai_1)
                  0.14    0.10    4.07 ^ _212_/Y (sky130_fd_sc_hd__o211ai_1)
     1    0.00                           net26 (net)
                  0.14    0.00    4.07 ^ output26/A (sky130_fd_sc_hd__clkbuf_4)
                  0.11    0.23    4.30 ^ output26/X (sky130_fd_sc_hd__clkbuf_4)
     1    0.03                           ALU_Out[6] (net)
                  0.11    0.00    4.30 ^ ALU_Out[6] (out)
                                  4.30   data arrival time

                  0.00   10.00   10.00   clock __VIRTUAL_CLK__ (rise edge)
                          0.00   10.00   clock network delay (ideal)
                         -0.25    9.75   clock uncertainty
                          0.00    9.75   clock reconvergence pessimism
                         -2.00    7.75   output external delay
                                  7.75   data required time
-----------------------------------------------------------------------------
                                  7.75   data required time
                                 -4.30   data arrival time
-----------------------------------------------------------------------------
                                  3.45   slack (MET)


Startpoint: B[0] (input port clocked by __VIRTUAL_CLK__)
Endpoint: ALU_Out[7] (output port clocked by __VIRTUAL_CLK__)
Path Group: __VIRTUAL_CLK__
Path Type: max

Fanout     Cap    Slew   Delay    Time   Description
-----------------------------------------------------------------------------
                  0.00    0.00    0.00   clock __VIRTUAL_CLK__ (rise edge)
                          0.00    0.00   clock network delay (ideal)
                          2.00    2.00 ^ input external delay
                  0.03    0.02    2.02 ^ B[0] (in)
     1    0.01                           B[0] (net)
                  0.03    0.00    2.02 ^ input9/A (sky130_fd_sc_hd__buf_1)
                  0.16    0.17    2.19 ^ input9/X (sky130_fd_sc_hd__buf_1)
     4    0.01                           net9 (net)
                  0.16    0.00    2.19 ^ _122_/B_N (sky130_fd_sc_hd__or2b_1)
                  0.08    0.30    2.49 v _122_/X (sky130_fd_sc_hd__or2b_1)
     3    0.01                           _055_ (net)
                  0.08    0.00    2.49 v _124_/A2 (sky130_fd_sc_hd__a21o_1)
                  0.06    0.22    2.71 v _124_/X (sky130_fd_sc_hd__a21o_1)
     3    0.01                           _057_ (net)
                  0.06    0.00    2.71 v _127_/A3 (sky130_fd_sc_hd__a311o_1)
                  0.09    0.41    3.12 v _127_/X (sky130_fd_sc_hd__a311o_1)
     3    0.01                           _060_ (net)
                  0.09    0.00    3.12 v _129_/A2 (sky130_fd_sc_hd__a21oi_1)
                  0.20    0.24    3.36 ^ _129_/Y (sky130_fd_sc_hd__a21oi_1)
     3    0.01                           _062_ (net)
                  0.20    0.00    3.36 ^ _131_/A2 (sky130_fd_sc_hd__o21a_1)
                  0.08    0.17    3.53 ^ _131_/X (sky130_fd_sc_hd__o21a_1)
     3    0.01                           _064_ (net)
                  0.08    0.00    3.53 ^ _133_/A2 (sky130_fd_sc_hd__o21ai_1)
                  0.09    0.09    3.62 v _133_/Y (sky130_fd_sc_hd__o21ai_1)
     2    0.01                           _066_ (net)
                  0.09    0.00    3.62 v _213_/B (sky130_fd_sc_hd__xor2_1)
                  0.07    0.16    3.78 v _213_/X (sky130_fd_sc_hd__xor2_1)
     1    0.00                           _032_ (net)
                  0.07    0.00    3.78 v _220_/A2 (sky130_fd_sc_hd__a211o_1)
                  0.05    0.31    4.09 v _220_/X (sky130_fd_sc_hd__a211o_1)
     1    0.00                           net27 (net)
                  0.05    0.00    4.09 v output27/A (sky130_fd_sc_hd__clkbuf_4)
                  0.09    0.20    4.29 v output27/X (sky130_fd_sc_hd__clkbuf_4)
     1    0.04                           ALU_Out[7] (net)
                  0.09    0.00    4.29 v ALU_Out[7] (out)
                                  4.29   data arrival time

                  0.00   10.00   10.00   clock __VIRTUAL_CLK__ (rise edge)
                          0.00   10.00   clock network delay (ideal)
                         -0.25    9.75   clock uncertainty
                          0.00    9.75   clock reconvergence pessimism
                         -2.00    7.75   output external delay
                                  7.75   data required time
-----------------------------------------------------------------------------
                                  7.75   data required time
                                 -4.29   data arrival time
-----------------------------------------------------------------------------
                                  3.46   slack (MET)


Startpoint: B[0] (input port clocked by __VIRTUAL_CLK__)
Endpoint: CarryOut (output port clocked by __VIRTUAL_CLK__)
Path Group: __VIRTUAL_CLK__
Path Type: max

Fanout     Cap    Slew   Delay    Time   Description
-----------------------------------------------------------------------------
                  0.00    0.00    0.00   clock __VIRTUAL_CLK__ (rise edge)
                          0.00    0.00   clock network delay (ideal)
                          2.00    2.00 ^ input external delay
                  0.03    0.02    2.02 ^ B[0] (in)
     1    0.01                           B[0] (net)
                  0.03    0.00    2.02 ^ input9/A (sky130_fd_sc_hd__buf_1)
                  0.16    0.17    2.19 ^ input9/X (sky130_fd_sc_hd__buf_1)
     4    0.01                           net9 (net)
                  0.16    0.00    2.19 ^ _122_/B_N (sky130_fd_sc_hd__or2b_1)
                  0.08    0.30    2.49 v _122_/X (sky130_fd_sc_hd__or2b_1)
     3    0.01                           _055_ (net)
                  0.08    0.00    2.49 v _124_/A2 (sky130_fd_sc_hd__a21o_1)
                  0.06    0.22    2.71 v _124_/X (sky130_fd_sc_hd__a21o_1)
     3    0.01                           _057_ (net)
                  0.06    0.00    2.71 v _127_/A3 (sky130_fd_sc_hd__a311o_1)
                  0.09    0.41    3.12 v _127_/X (sky130_fd_sc_hd__a311o_1)
     3    0.01                           _060_ (net)
                  0.09    0.00    3.12 v _129_/A2 (sky130_fd_sc_hd__a21oi_1)
                  0.20    0.24    3.36 ^ _129_/Y (sky130_fd_sc_hd__a21oi_1)
     3    0.01                           _062_ (net)
                  0.20    0.00    3.36 ^ _131_/A2 (sky130_fd_sc_hd__o21a_1)
                  0.08    0.17    3.53 ^ _131_/X (sky130_fd_sc_hd__o21a_1)
     3    0.01                           _064_ (net)
                  0.08    0.00    3.53 ^ _133_/A2 (sky130_fd_sc_hd__o21ai_1)
                  0.09    0.09    3.62 v _133_/Y (sky130_fd_sc_hd__o21ai_1)
     2    0.01                           _066_ (net)
                  0.09    0.00    3.62 v _134_/B (sky130_fd_sc_hd__nand2_1)
                  0.06    0.09    3.71 ^ _134_/Y (sky130_fd_sc_hd__nand2_1)
     1    0.00                           _067_ (net)
                  0.06    0.00    3.71 ^ _151_/A2 (sky130_fd_sc_hd__a31o_1)
                  0.07    0.16    3.87 ^ _151_/X (sky130_fd_sc_hd__a31o_1)
     1    0.01                           net28 (net)
                  0.07    0.00    3.87 ^ output28/A (sky130_fd_sc_hd__clkbuf_4)
                  0.11    0.21    4.08 ^ output28/X (sky130_fd_sc_hd__clkbuf_4)
     1    0.03                           CarryOut (net)
                  0.11    0.00    4.08 ^ CarryOut (out)
                                  4.08   data arrival time

                  0.00   10.00   10.00   clock __VIRTUAL_CLK__ (rise edge)
                          0.00   10.00   clock network delay (ideal)
                         -0.25    9.75   clock uncertainty
                          0.00    9.75   clock reconvergence pessimism
                         -2.00    7.75   output external delay
                                  7.75   data required time
-----------------------------------------------------------------------------
                                  7.75   data required time
                                 -4.08   data arrival time
-----------------------------------------------------------------------------
                                  3.67   slack (MET)


Startpoint: B[0] (input port clocked by __VIRTUAL_CLK__)
Endpoint: ALU_Out[5] (output port clocked by __VIRTUAL_CLK__)
Path Group: __VIRTUAL_CLK__
Path Type: max

Fanout     Cap    Slew   Delay    Time   Description
-----------------------------------------------------------------------------
                  0.00    0.00    0.00   clock __VIRTUAL_CLK__ (rise edge)
                          0.00    0.00   clock network delay (ideal)
                          2.00    2.00 ^ input external delay
                  0.03    0.02    2.02 ^ B[0] (in)
     1    0.01                           B[0] (net)
                  0.03    0.00    2.02 ^ input9/A (sky130_fd_sc_hd__buf_1)
                  0.16    0.17    2.19 ^ input9/X (sky130_fd_sc_hd__buf_1)
     4    0.01                           net9 (net)
                  0.16    0.00    2.19 ^ _122_/B_N (sky130_fd_sc_hd__or2b_1)
                  0.08    0.30    2.49 v _122_/X (sky130_fd_sc_hd__or2b_1)
     3    0.01                           _055_ (net)
                  0.08    0.00    2.49 v _124_/A2 (sky130_fd_sc_hd__a21o_1)
                  0.06    0.22    2.71 v _124_/X (sky130_fd_sc_hd__a21o_1)
     3    0.01                           _057_ (net)
                  0.06    0.00    2.71 v _127_/A3 (sky130_fd_sc_hd__a311o_1)
                  0.09    0.41    3.12 v _127_/X (sky130_fd_sc_hd__a311o_1)
     3    0.01                           _060_ (net)
                  0.09    0.00    3.12 v _129_/A2 (sky130_fd_sc_hd__a21oi_1)
                  0.20    0.24    3.36 ^ _129_/Y (sky130_fd_sc_hd__a21oi_1)
     3    0.01                           _062_ (net)
                  0.20    0.00    3.36 ^ _200_/B (sky130_fd_sc_hd__nand2_1)
                  0.05    0.08    3.44 v _200_/Y (sky130_fd_sc_hd__nand2_1)
     1    0.00                           _021_ (net)
                  0.05    0.00    3.44 v _203_/A3 (sky130_fd_sc_hd__a31o_1)
                  0.04    0.23    3.67 v _203_/X (sky130_fd_sc_hd__a31o_1)
     1    0.00                           _024_ (net)
                  0.04    0.00    3.67 v _204_/B1 (sky130_fd_sc_hd__a31o_1)
                  0.04    0.19    3.85 v _204_/X (sky130_fd_sc_hd__a31o_1)
     1    0.00                           net25 (net)
                  0.04    0.00    3.85 v output25/A (sky130_fd_sc_hd__clkbuf_4)
                  0.08    0.19    4.04 v output25/X (sky130_fd_sc_hd__clkbuf_4)
     1    0.03                           ALU_Out[5] (net)
                  0.08    0.00    4.04 v ALU_Out[5] (out)
                                  4.04   data arrival time

                  0.00   10.00   10.00   clock __VIRTUAL_CLK__ (rise edge)
                          0.00   10.00   clock network delay (ideal)
                         -0.25    9.75   clock uncertainty
                          0.00    9.75   clock reconvergence pessimism
                         -2.00    7.75   output external delay
                                  7.75   data required time
-----------------------------------------------------------------------------
                                  7.75   data required time
                                 -4.04   data arrival time
-----------------------------------------------------------------------------
                                  3.71   slack (MET)


Startpoint: B[0] (input port clocked by __VIRTUAL_CLK__)
Endpoint: ALU_Out[4] (output port clocked by __VIRTUAL_CLK__)
Path Group: __VIRTUAL_CLK__
Path Type: max

Fanout     Cap    Slew   Delay    Time   Description
-----------------------------------------------------------------------------
                  0.00    0.00    0.00   clock __VIRTUAL_CLK__ (rise edge)
                          0.00    0.00   clock network delay (ideal)
                          2.00    2.00 ^ input external delay
                  0.03    0.02    2.02 ^ B[0] (in)
     1    0.01                           B[0] (net)
                  0.03    0.00    2.02 ^ input9/A (sky130_fd_sc_hd__buf_1)
                  0.16    0.17    2.19 ^ input9/X (sky130_fd_sc_hd__buf_1)
     4    0.01                           net9 (net)
                  0.16    0.00    2.19 ^ _122_/B_N (sky130_fd_sc_hd__or2b_1)
                  0.08    0.30    2.49 v _122_/X (sky130_fd_sc_hd__or2b_1)
     3    0.01                           _055_ (net)
                  0.08    0.00    2.49 v _124_/A2 (sky130_fd_sc_hd__a21o_1)
                  0.06    0.22    2.71 v _124_/X (sky130_fd_sc_hd__a21o_1)
     3    0.01                           _057_ (net)
                  0.06    0.00    2.71 v _127_/A3 (sky130_fd_sc_hd__a311o_1)
                  0.09    0.41    3.12 v _127_/X (sky130_fd_sc_hd__a311o_1)
     3    0.01                           _060_ (net)
                  0.09    0.00    3.12 v _190_/B (sky130_fd_sc_hd__or2_1)
                  0.05    0.23    3.35 v _190_/X (sky130_fd_sc_hd__or2_1)
     1    0.00                           _012_ (net)
                  0.05    0.00    3.35 v _196_/A3 (sky130_fd_sc_hd__a311o_1)
                  0.05    0.36    3.71 v _196_/X (sky130_fd_sc_hd__a311o_1)
     1    0.00                           net24 (net)
                  0.05    0.00    3.71 v output24/A (sky130_fd_sc_hd__clkbuf_4)
                  0.09    0.20    3.91 v output24/X (sky130_fd_sc_hd__clkbuf_4)
     1    0.04                           ALU_Out[4] (net)
                  0.09    0.00    3.91 v ALU_Out[4] (out)
                                  3.91   data arrival time

                  0.00   10.00   10.00   clock __VIRTUAL_CLK__ (rise edge)
                          0.00   10.00   clock network delay (ideal)
                         -0.25    9.75   clock uncertainty
                          0.00    9.75   clock reconvergence pessimism
                         -2.00    7.75   output external delay
                                  7.75   data required time
-----------------------------------------------------------------------------
                                  7.75   data required time
                                 -3.91   data arrival time
-----------------------------------------------------------------------------
                                  3.84   slack (MET)


Startpoint: B[0] (input port clocked by __VIRTUAL_CLK__)
Endpoint: ALU_Out[3] (output port clocked by __VIRTUAL_CLK__)
Path Group: __VIRTUAL_CLK__
Path Type: max

Fanout     Cap    Slew   Delay    Time   Description
-----------------------------------------------------------------------------
                  0.00    0.00    0.00   clock __VIRTUAL_CLK__ (rise edge)
                          0.00    0.00   clock network delay (ideal)
                          2.00    2.00 ^ input external delay
                  0.03    0.02    2.02 ^ B[0] (in)
     1    0.01                           B[0] (net)
                  0.03    0.00    2.02 ^ input9/A (sky130_fd_sc_hd__buf_1)
                  0.16    0.17    2.19 ^ input9/X (sky130_fd_sc_hd__buf_1)
     4    0.01                           net9 (net)
                  0.16    0.00    2.19 ^ _122_/B_N (sky130_fd_sc_hd__or2b_1)
                  0.08    0.30    2.49 v _122_/X (sky130_fd_sc_hd__or2b_1)
     3    0.01                           _055_ (net)
                  0.08    0.00    2.49 v _124_/A2 (sky130_fd_sc_hd__a21o_1)
                  0.06    0.22    2.71 v _124_/X (sky130_fd_sc_hd__a21o_1)
     3    0.01                           _057_ (net)
                  0.06    0.00    2.71 v _168_/B (sky130_fd_sc_hd__nand2_1)
                  0.11    0.12    2.83 ^ _168_/Y (sky130_fd_sc_hd__nand2_1)
     3    0.01                           _098_ (net)
                  0.11    0.00    2.83 ^ _181_/B (sky130_fd_sc_hd__nor2_1)
                  0.05    0.05    2.87 v _181_/Y (sky130_fd_sc_hd__nor2_1)
     1    0.00                           _004_ (net)
                  0.05    0.00    2.87 v _184_/A (sky130_fd_sc_hd__or4b_1)
                  0.09    0.55    3.42 v _184_/X (sky130_fd_sc_hd__or4b_1)
     1    0.00                           _007_ (net)
                  0.09    0.00    3.42 v _188_/B1 (sky130_fd_sc_hd__o211ai_1)
                  0.14    0.11    3.53 ^ _188_/Y (sky130_fd_sc_hd__o211ai_1)
     1    0.00                           net23 (net)
                  0.14    0.00    3.53 ^ output23/A (sky130_fd_sc_hd__clkbuf_4)
                  0.11    0.23    3.76 ^ output23/X (sky130_fd_sc_hd__clkbuf_4)
     1    0.03                           ALU_Out[3] (net)
                  0.11    0.00    3.76 ^ ALU_Out[3] (out)
                                  3.76   data arrival time

                  0.00   10.00   10.00   clock __VIRTUAL_CLK__ (rise edge)
                          0.00   10.00   clock network delay (ideal)
                         -0.25    9.75   clock uncertainty
                          0.00    9.75   clock reconvergence pessimism
                         -2.00    7.75   output external delay
                                  7.75   data required time
-----------------------------------------------------------------------------
                                  7.75   data required time
                                 -3.76   data arrival time
-----------------------------------------------------------------------------
                                  3.99   slack (MET)


Startpoint: B[1] (input port clocked by __VIRTUAL_CLK__)
Endpoint: ALU_Out[2] (output port clocked by __VIRTUAL_CLK__)
Path Group: __VIRTUAL_CLK__
Path Type: max

Fanout     Cap    Slew   Delay    Time   Description
-----------------------------------------------------------------------------
                  0.00    0.00    0.00   clock __VIRTUAL_CLK__ (rise edge)
                          0.00    0.00   clock network delay (ideal)
                          2.00    2.00 v input external delay
                  0.01    0.00    2.00 v B[1] (in)
     1    0.00                           B[1] (net)
                  0.01    0.00    2.00 v input10/A (sky130_fd_sc_hd__dlymetal6s2s_1)
                  0.09    0.18    2.19 v input10/X (sky130_fd_sc_hd__dlymetal6s2s_1)
     4    0.02                           net10 (net)
                  0.09    0.00    2.19 v _138_/A (sky130_fd_sc_hd__or2_1)
                  0.06    0.27    2.46 v _138_/X (sky130_fd_sc_hd__or2_1)
     2    0.01                           _071_ (net)
                  0.06    0.00    2.46 v _140_/A3 (sky130_fd_sc_hd__a31o_1)
                  0.06    0.26    2.72 v _140_/X (sky130_fd_sc_hd__a31o_1)
     3    0.01                           _073_ (net)
                  0.06    0.00    2.72 v _174_/B2 (sky130_fd_sc_hd__o221a_1)
                  0.05    0.22    2.94 v _174_/X (sky130_fd_sc_hd__o221a_1)
     1    0.00                           _104_ (net)
                  0.05    0.00    2.94 v _175_/C1 (sky130_fd_sc_hd__a221o_1)
                  0.05    0.27    3.21 v _175_/X (sky130_fd_sc_hd__a221o_1)
     1    0.00                           _105_ (net)
                  0.05    0.00    3.21 v _176_/B1 (sky130_fd_sc_hd__a31o_1)
                  0.03    0.18    3.39 v _176_/X (sky130_fd_sc_hd__a31o_1)
     1    0.00                           net22 (net)
                  0.03    0.00    3.39 v output22/A (sky130_fd_sc_hd__clkbuf_4)
                  0.08    0.19    3.58 v output22/X (sky130_fd_sc_hd__clkbuf_4)
     1    0.03                           ALU_Out[2] (net)
                  0.08    0.00    3.58 v ALU_Out[2] (out)
                                  3.58   data arrival time

                  0.00   10.00   10.00   clock __VIRTUAL_CLK__ (rise edge)
                          0.00   10.00   clock network delay (ideal)
                         -0.25    9.75   clock uncertainty
                          0.00    9.75   clock reconvergence pessimism
                         -2.00    7.75   output external delay
                                  7.75   data required time
-----------------------------------------------------------------------------
                                  7.75   data required time
                                 -3.58   data arrival time
-----------------------------------------------------------------------------
                                  4.17   slack (MET)


Startpoint: opcode[2] (input port clocked by __VIRTUAL_CLK__)
Endpoint: ALU_Out[1] (output port clocked by __VIRTUAL_CLK__)
Path Group: __VIRTUAL_CLK__
Path Type: max

Fanout     Cap    Slew   Delay    Time   Description
-----------------------------------------------------------------------------
                  0.00    0.00    0.00   clock __VIRTUAL_CLK__ (rise edge)
                          0.00    0.00   clock network delay (ideal)
                          2.00    2.00 ^ input external delay
                  0.02    0.01    2.01 ^ opcode[2] (in)
     1    0.00                           opcode[2] (net)
                  0.02    0.00    2.01 ^ input19/A (sky130_fd_sc_hd__buf_2)
                  0.13    0.17    2.18 ^ input19/X (sky130_fd_sc_hd__buf_2)
     6    0.03                           net19 (net)
                  0.13    0.00    2.18 ^ _152_/A_N (sky130_fd_sc_hd__and2b_1)
                  0.06    0.24    2.42 v _152_/X (sky130_fd_sc_hd__and2b_1)
     4    0.01                           _084_ (net)
                  0.06    0.00    2.42 v _158_/B (sky130_fd_sc_hd__and2b_2)
                  0.08    0.26    2.68 v _158_/X (sky130_fd_sc_hd__and2b_2)
     7    0.02                           _089_ (net)
                  0.08    0.00    2.68 v _162_/A2 (sky130_fd_sc_hd__a211o_1)
                  0.05    0.30    2.98 v _162_/X (sky130_fd_sc_hd__a211o_1)
     1    0.00                           _093_ (net)
                  0.05    0.00    2.98 v _167_/A2 (sky130_fd_sc_hd__a221o_1)
                  0.07    0.38    3.36 v _167_/X (sky130_fd_sc_hd__a221o_1)
     1    0.01                           net21 (net)
                  0.07    0.00    3.36 v output21/A (sky130_fd_sc_hd__clkbuf_4)
                  0.09    0.21    3.56 v output21/X (sky130_fd_sc_hd__clkbuf_4)
     1    0.04                           ALU_Out[1] (net)
                  0.09    0.00    3.57 v ALU_Out[1] (out)
                                  3.57   data arrival time

                  0.00   10.00   10.00   clock __VIRTUAL_CLK__ (rise edge)
                          0.00   10.00   clock network delay (ideal)
                         -0.25    9.75   clock uncertainty
                          0.00    9.75   clock reconvergence pessimism
                         -2.00    7.75   output external delay
                                  7.75   data required time
-----------------------------------------------------------------------------
                                  7.75   data required time
                                 -3.57   data arrival time
-----------------------------------------------------------------------------
                                  4.18   slack (MET)


Startpoint: opcode[0] (input port clocked by __VIRTUAL_CLK__)
Endpoint: ALU_Out[0] (output port clocked by __VIRTUAL_CLK__)
Path Group: __VIRTUAL_CLK__
Path Type: max

Fanout     Cap    Slew   Delay    Time   Description
-----------------------------------------------------------------------------
                  0.00    0.00    0.00   clock __VIRTUAL_CLK__ (rise edge)
                          0.00    0.00   clock network delay (ideal)
                          2.00    2.00 ^ input external delay
                  0.02    0.01    2.01 ^ opcode[0] (in)
     1    0.00                           opcode[0] (net)
                  0.02    0.00    2.01 ^ input17/A (sky130_fd_sc_hd__clkbuf_2)
                  0.14    0.17    2.19 ^ input17/X (sky130_fd_sc_hd__clkbuf_2)
     8    0.03                           net17 (net)
                  0.14    0.00    2.19 ^ _153_/S (sky130_fd_sc_hd__mux2_1)
                  0.05    0.33    2.52 v _153_/X (sky130_fd_sc_hd__mux2_1)
     1    0.00                           _085_ (net)
                  0.05    0.00    2.52 v _154_/B1_N (sky130_fd_sc_hd__o21ba_1)
                  0.04    0.21    2.74 ^ _154_/X (sky130_fd_sc_hd__o21ba_1)
     1    0.00                           _086_ (net)
                  0.04    0.00    2.74 ^ _156_/A1 (sky130_fd_sc_hd__mux2_1)
                  0.04    0.12    2.86 ^ _156_/X (sky130_fd_sc_hd__mux2_1)
     1    0.00                           _088_ (net)
                  0.04    0.00    2.86 ^ _157_/A (sky130_fd_sc_hd__clkbuf_1)
                  0.05    0.09    2.95 ^ _157_/X (sky130_fd_sc_hd__clkbuf_1)
     1    0.00                           net20 (net)
                  0.05    0.00    2.95 ^ output20/A (sky130_fd_sc_hd__clkbuf_4)
                  0.11    0.20    3.15 ^ output20/X (sky130_fd_sc_hd__clkbuf_4)
     1    0.03                           ALU_Out[0] (net)
                  0.11    0.00    3.15 ^ ALU_Out[0] (out)
                                  3.15   data arrival time

                  0.00   10.00   10.00   clock __VIRTUAL_CLK__ (rise edge)
                          0.00   10.00   clock network delay (ideal)
                         -0.25    9.75   clock uncertainty
                          0.00    9.75   clock reconvergence pessimism
                         -2.00    7.75   output external delay
                                  7.75   data required time
-----------------------------------------------------------------------------
                                  7.75   data required time
                                 -3.15   data arrival time
-----------------------------------------------------------------------------
                                  4.60   slack (MET)



