
===========================================================================
report_checks -path_delay max (Setup)
============================================================================
======================= Typical Corner ===================================

Startpoint: B[0] (input port clocked by __VIRTUAL_CLK__)
Endpoint: ALU_Out[6] (output port clocked by __VIRTUAL_CLK__)
Path Group: __VIRTUAL_CLK__
Path Type: max

Fanout     Cap    Slew   Delay    Time   Description
-----------------------------------------------------------------------------
                  0.00    0.00    0.00   clock __VIRTUAL_CLK__ (rise edge)
                          0.00    0.00   clock network delay (ideal)
                          2.00    2.00 ^ input external delay
                  0.02    0.01    2.01 ^ B[0] (in)
     1    0.00                           B[0] (net)
                  0.02    0.00    2.01 ^ input9/A (sky130_fd_sc_hd__buf_1)
                  0.11    0.12    2.13 ^ input9/X (sky130_fd_sc_hd__buf_1)
     4    0.01                           net9 (net)
                  0.11    0.00    2.13 ^ _122_/B_N (sky130_fd_sc_hd__or2b_1)
                  0.07    0.27    2.40 v _122_/X (sky130_fd_sc_hd__or2b_1)
     3    0.01                           _055_ (net)
                  0.07    0.00    2.40 v _124_/A2 (sky130_fd_sc_hd__a21o_1)
                  0.05    0.20    2.61 v _124_/X (sky130_fd_sc_hd__a21o_1)
     3    0.01                           _057_ (net)
                  0.05    0.00    2.61 v _127_/A3 (sky130_fd_sc_hd__a311o_1)
                  0.07    0.38    2.99 v _127_/X (sky130_fd_sc_hd__a311o_1)
     3    0.01                           _060_ (net)
                  0.07    0.00    2.99 v _129_/A2 (sky130_fd_sc_hd__a21oi_1)
                  0.18    0.21    3.20 ^ _129_/Y (sky130_fd_sc_hd__a21oi_1)
     3    0.01                           _062_ (net)
                  0.18    0.00    3.20 ^ _131_/A2 (sky130_fd_sc_hd__o21a_1)
                  0.08    0.16    3.36 ^ _131_/X (sky130_fd_sc_hd__o21a_1)
     3    0.01                           _064_ (net)
                  0.08    0.00    3.36 ^ _207_/B (sky130_fd_sc_hd__nor2_1)
                  0.05    0.04    3.40 v _207_/Y (sky130_fd_sc_hd__nor2_1)
     1    0.00                           _027_ (net)
                  0.05    0.00    3.40 v _209_/A (sky130_fd_sc_hd__or3b_1)
                  0.06    0.38    3.78 v _209_/X (sky130_fd_sc_hd__or3b_1)
     1    0.00                           _029_ (net)
                  0.06    0.00    3.78 v _212_/B1 (sky130_fd_sc_hd__o211ai_1)
                  0.13    0.09    3.87 ^ _212_/Y (sky130_fd_sc_hd__o211ai_1)
     1    0.00                           net26 (net)
                  0.13    0.00    3.87 ^ output26/A (sky130_fd_sc_hd__clkbuf_4)
                  0.11    0.23    4.10 ^ output26/X (sky130_fd_sc_hd__clkbuf_4)
     1    0.03                           ALU_Out[6] (net)
                  0.11    0.00    4.10 ^ ALU_Out[6] (out)
                                  4.10   data arrival time

                  0.00   10.00   10.00   clock __VIRTUAL_CLK__ (rise edge)
                          0.00   10.00   clock network delay (ideal)
                         -0.25    9.75   clock uncertainty
                          0.00    9.75   clock reconvergence pessimism
                         -2.00    7.75   output external delay
                                  7.75   data required time
-----------------------------------------------------------------------------
                                  7.75   data required time
                                 -4.10   data arrival time
-----------------------------------------------------------------------------
                                  3.65   slack (MET)


Startpoint: B[0] (input port clocked by __VIRTUAL_CLK__)
Endpoint: ALU_Out[7] (output port clocked by __VIRTUAL_CLK__)
Path Group: __VIRTUAL_CLK__
Path Type: max

Fanout     Cap    Slew   Delay    Time   Description
-----------------------------------------------------------------------------
                  0.00    0.00    0.00   clock __VIRTUAL_CLK__ (rise edge)
                          0.00    0.00   clock network delay (ideal)
                          2.00    2.00 ^ input external delay
                  0.02    0.01    2.01 ^ B[0] (in)
     1    0.00                           B[0] (net)
                  0.02    0.00    2.01 ^ input9/A (sky130_fd_sc_hd__buf_1)
                  0.11    0.12    2.13 ^ input9/X (sky130_fd_sc_hd__buf_1)
     4    0.01                           net9 (net)
                  0.11    0.00    2.13 ^ _122_/B_N (sky130_fd_sc_hd__or2b_1)
                  0.07    0.27    2.40 v _122_/X (sky130_fd_sc_hd__or2b_1)
     3    0.01                           _055_ (net)
                  0.07    0.00    2.40 v _124_/A2 (sky130_fd_sc_hd__a21o_1)
                  0.05    0.20    2.61 v _124_/X (sky130_fd_sc_hd__a21o_1)
     3    0.01                           _057_ (net)
                  0.05    0.00    2.61 v _127_/A3 (sky130_fd_sc_hd__a311o_1)
                  0.07    0.38    2.99 v _127_/X (sky130_fd_sc_hd__a311o_1)
     3    0.01                           _060_ (net)
                  0.07    0.00    2.99 v _129_/A2 (sky130_fd_sc_hd__a21oi_1)
                  0.18    0.21    3.20 ^ _129_/Y (sky130_fd_sc_hd__a21oi_1)
     3    0.01                           _062_ (net)
                  0.18    0.00    3.20 ^ _131_/A2 (sky130_fd_sc_hd__o21a_1)
                  0.08    0.16    3.36 ^ _131_/X (sky130_fd_sc_hd__o21a_1)
     3    0.01                           _064_ (net)
                  0.08    0.00    3.36 ^ _133_/A2 (sky130_fd_sc_hd__o21ai_1)
                  0.08    0.08    3.45 v _133_/Y (sky130_fd_sc_hd__o21ai_1)
     2    0.01                           _066_ (net)
                  0.08    0.00    3.45 v _213_/B (sky130_fd_sc_hd__xor2_1)
                  0.06    0.16    3.60 v _213_/X (sky130_fd_sc_hd__xor2_1)
     1    0.00                           _032_ (net)
                  0.06    0.00    3.60 v _220_/A2 (sky130_fd_sc_hd__a211o_1)
                  0.04    0.30    3.90 v _220_/X (sky130_fd_sc_hd__a211o_1)
     1    0.00                           net27 (net)
                  0.04    0.00    3.90 v output27/A (sky130_fd_sc_hd__clkbuf_4)
                  0.08    0.19    4.09 v output27/X (sky130_fd_sc_hd__clkbuf_4)
     1    0.03                           ALU_Out[7] (net)
                  0.08    0.00    4.09 v ALU_Out[7] (out)
                                  4.09   data arrival time

                  0.00   10.00   10.00   clock __VIRTUAL_CLK__ (rise edge)
                          0.00   10.00   clock network delay (ideal)
                         -0.25    9.75   clock uncertainty
                          0.00    9.75   clock reconvergence pessimism
                         -2.00    7.75   output external delay
                                  7.75   data required time
-----------------------------------------------------------------------------
                                  7.75   data required time
                                 -4.09   data arrival time
-----------------------------------------------------------------------------
                                  3.66   slack (MET)


Startpoint: B[1] (input port clocked by __VIRTUAL_CLK__)
Endpoint: CarryOut (output port clocked by __VIRTUAL_CLK__)
Path Group: __VIRTUAL_CLK__
Path Type: max

Fanout     Cap    Slew   Delay    Time   Description
-----------------------------------------------------------------------------
                  0.00    0.00    0.00   clock __VIRTUAL_CLK__ (rise edge)
                          0.00    0.00   clock network delay (ideal)
                          2.00    2.00 v input external delay
                  0.01    0.00    2.00 v B[1] (in)
     1    0.00                           B[1] (net)
                  0.01    0.00    2.00 v input10/A (sky130_fd_sc_hd__dlymetal6s2s_1)
                  0.08    0.17    2.17 v input10/X (sky130_fd_sc_hd__dlymetal6s2s_1)
     4    0.01                           net10 (net)
                  0.08    0.00    2.17 v _138_/A (sky130_fd_sc_hd__or2_1)
                  0.06    0.26    2.43 v _138_/X (sky130_fd_sc_hd__or2_1)
     2    0.00                           _071_ (net)
                  0.06    0.00    2.43 v _140_/A3 (sky130_fd_sc_hd__a31o_1)
                  0.06    0.26    2.68 v _140_/X (sky130_fd_sc_hd__a31o_1)
     3    0.01                           _073_ (net)
                  0.06    0.00    2.68 v _143_/A2 (sky130_fd_sc_hd__a211oi_2)
                  0.20    0.27    2.95 ^ _143_/Y (sky130_fd_sc_hd__a211oi_2)
     3    0.01                           _076_ (net)
                  0.20    0.00    2.95 ^ _146_/A3 (sky130_fd_sc_hd__o41a_1)
                  0.07    0.19    3.14 ^ _146_/X (sky130_fd_sc_hd__o41a_1)
     2    0.00                           _079_ (net)
                  0.07    0.00    3.14 ^ _147_/A2 (sky130_fd_sc_hd__a21oi_1)
                  0.06    0.09    3.23 v _147_/Y (sky130_fd_sc_hd__a21oi_1)
     3    0.01                           _080_ (net)
                  0.06    0.00    3.23 v _148_/C1 (sky130_fd_sc_hd__a211o_1)
                  0.05    0.23    3.46 v _148_/X (sky130_fd_sc_hd__a211o_1)
     1    0.00                           _081_ (net)
                  0.05    0.00    3.46 v _150_/B1 (sky130_fd_sc_hd__o211a_1)
                  0.04    0.12    3.58 v _150_/X (sky130_fd_sc_hd__o211a_1)
     1    0.00                           _083_ (net)
                  0.04    0.00    3.58 v _151_/B1 (sky130_fd_sc_hd__a31o_1)
                  0.03    0.18    3.76 v _151_/X (sky130_fd_sc_hd__a31o_1)
     1    0.00                           net28 (net)
                  0.03    0.00    3.76 v output28/A (sky130_fd_sc_hd__clkbuf_4)
                  0.08    0.19    3.94 v output28/X (sky130_fd_sc_hd__clkbuf_4)
     1    0.03                           CarryOut (net)
                  0.08    0.00    3.94 v CarryOut (out)
                                  3.94   data arrival time

                  0.00   10.00   10.00   clock __VIRTUAL_CLK__ (rise edge)
                          0.00   10.00   clock network delay (ideal)
                         -0.25    9.75   clock uncertainty
                          0.00    9.75   clock reconvergence pessimism
                         -2.00    7.75   output external delay
                                  7.75   data required time
-----------------------------------------------------------------------------
                                  7.75   data required time
                                 -3.94   data arrival time
-----------------------------------------------------------------------------
                                  3.81   slack (MET)


Startpoint: B[0] (input port clocked by __VIRTUAL_CLK__)
Endpoint: ALU_Out[5] (output port clocked by __VIRTUAL_CLK__)
Path Group: __VIRTUAL_CLK__
Path Type: max

Fanout     Cap    Slew   Delay    Time   Description
-----------------------------------------------------------------------------
                  0.00    0.00    0.00   clock __VIRTUAL_CLK__ (rise edge)
                          0.00    0.00   clock network delay (ideal)
                          2.00    2.00 ^ input external delay
                  0.02    0.01    2.01 ^ B[0] (in)
     1    0.00                           B[0] (net)
                  0.02    0.00    2.01 ^ input9/A (sky130_fd_sc_hd__buf_1)
                  0.11    0.12    2.13 ^ input9/X (sky130_fd_sc_hd__buf_1)
     4    0.01                           net9 (net)
                  0.11    0.00    2.13 ^ _122_/B_N (sky130_fd_sc_hd__or2b_1)
                  0.07    0.27    2.40 v _122_/X (sky130_fd_sc_hd__or2b_1)
     3    0.01                           _055_ (net)
                  0.07    0.00    2.40 v _124_/A2 (sky130_fd_sc_hd__a21o_1)
                  0.05    0.20    2.61 v _124_/X (sky130_fd_sc_hd__a21o_1)
     3    0.01                           _057_ (net)
                  0.05    0.00    2.61 v _127_/A3 (sky130_fd_sc_hd__a311o_1)
                  0.07    0.38    2.99 v _127_/X (sky130_fd_sc_hd__a311o_1)
     3    0.01                           _060_ (net)
                  0.07    0.00    2.99 v _129_/A2 (sky130_fd_sc_hd__a21oi_1)
                  0.18    0.21    3.20 ^ _129_/Y (sky130_fd_sc_hd__a21oi_1)
     3    0.01                           _062_ (net)
                  0.18    0.00    3.20 ^ _200_/B (sky130_fd_sc_hd__nand2_1)
                  0.05    0.07    3.27 v _200_/Y (sky130_fd_sc_hd__nand2_1)
     1    0.00                           _021_ (net)
                  0.05    0.00    3.27 v _203_/A3 (sky130_fd_sc_hd__a31o_1)
                  0.03    0.21    3.49 v _203_/X (sky130_fd_sc_hd__a31o_1)
     1    0.00                           _024_ (net)
                  0.03    0.00    3.49 v _204_/B1 (sky130_fd_sc_hd__a31o_1)
                  0.03    0.18    3.66 v _204_/X (sky130_fd_sc_hd__a31o_1)
     1    0.00                           net25 (net)
                  0.03    0.00    3.66 v output25/A (sky130_fd_sc_hd__clkbuf_4)
                  0.08    0.19    3.85 v output25/X (sky130_fd_sc_hd__clkbuf_4)
     1    0.03                           ALU_Out[5] (net)
                  0.08    0.00    3.85 v ALU_Out[5] (out)
                                  3.85   data arrival time

                  0.00   10.00   10.00   clock __VIRTUAL_CLK__ (rise edge)
                          0.00   10.00   clock network delay (ideal)
                         -0.25    9.75   clock uncertainty
                          0.00    9.75   clock reconvergence pessimism
                         -2.00    7.75   output external delay
                                  7.75   data required time
-----------------------------------------------------------------------------
                                  7.75   data required time
                                 -3.85   data arrival time
-----------------------------------------------------------------------------
                                  3.90   slack (MET)


Startpoint: B[0] (input port clocked by __VIRTUAL_CLK__)
Endpoint: ALU_Out[4] (output port clocked by __VIRTUAL_CLK__)
Path Group: __VIRTUAL_CLK__
Path Type: max

Fanout     Cap    Slew   Delay    Time   Description
-----------------------------------------------------------------------------
                  0.00    0.00    0.00   clock __VIRTUAL_CLK__ (rise edge)
                          0.00    0.00   clock network delay (ideal)
                          2.00    2.00 ^ input external delay
                  0.02    0.01    2.01 ^ B[0] (in)
     1    0.00                           B[0] (net)
                  0.02    0.00    2.01 ^ input9/A (sky130_fd_sc_hd__buf_1)
                  0.11    0.12    2.13 ^ input9/X (sky130_fd_sc_hd__buf_1)
     4    0.01                           net9 (net)
                  0.11    0.00    2.13 ^ _122_/B_N (sky130_fd_sc_hd__or2b_1)
                  0.07    0.27    2.40 v _122_/X (sky130_fd_sc_hd__or2b_1)
     3    0.01                           _055_ (net)
                  0.07    0.00    2.40 v _124_/A2 (sky130_fd_sc_hd__a21o_1)
                  0.05    0.20    2.61 v _124_/X (sky130_fd_sc_hd__a21o_1)
     3    0.01                           _057_ (net)
                  0.05    0.00    2.61 v _127_/A3 (sky130_fd_sc_hd__a311o_1)
                  0.07    0.38    2.99 v _127_/X (sky130_fd_sc_hd__a311o_1)
     3    0.01                           _060_ (net)
                  0.07    0.00    2.99 v _190_/B (sky130_fd_sc_hd__or2_1)
                  0.05    0.22    3.21 v _190_/X (sky130_fd_sc_hd__or2_1)
     1    0.00                           _012_ (net)
                  0.05    0.00    3.21 v _196_/A3 (sky130_fd_sc_hd__a311o_1)
                  0.05    0.35    3.55 v _196_/X (sky130_fd_sc_hd__a311o_1)
     1    0.00                           net24 (net)
                  0.05    0.00    3.55 v output24/A (sky130_fd_sc_hd__clkbuf_4)
                  0.08    0.19    3.75 v output24/X (sky130_fd_sc_hd__clkbuf_4)
     1    0.03                           ALU_Out[4] (net)
                  0.08    0.00    3.75 v ALU_Out[4] (out)
                                  3.75   data arrival time

                  0.00   10.00   10.00   clock __VIRTUAL_CLK__ (rise edge)
                          0.00   10.00   clock network delay (ideal)
                         -0.25    9.75   clock uncertainty
                          0.00    9.75   clock reconvergence pessimism
                         -2.00    7.75   output external delay
                                  7.75   data required time
-----------------------------------------------------------------------------
                                  7.75   data required time
                                 -3.75   data arrival time
-----------------------------------------------------------------------------
                                  4.00   slack (MET)


Startpoint: B[0] (input port clocked by __VIRTUAL_CLK__)
Endpoint: ALU_Out[3] (output port clocked by __VIRTUAL_CLK__)
Path Group: __VIRTUAL_CLK__
Path Type: max

Fanout     Cap    Slew   Delay    Time   Description
-----------------------------------------------------------------------------
                  0.00    0.00    0.00   clock __VIRTUAL_CLK__ (rise edge)
                          0.00    0.00   clock network delay (ideal)
                          2.00    2.00 ^ input external delay
                  0.02    0.01    2.01 ^ B[0] (in)
     1    0.00                           B[0] (net)
                  0.02    0.00    2.01 ^ input9/A (sky130_fd_sc_hd__buf_1)
                  0.11    0.12    2.13 ^ input9/X (sky130_fd_sc_hd__buf_1)
     4    0.01                           net9 (net)
                  0.11    0.00    2.13 ^ _122_/B_N (sky130_fd_sc_hd__or2b_1)
                  0.07    0.27    2.40 v _122_/X (sky130_fd_sc_hd__or2b_1)
     3    0.01                           _055_ (net)
                  0.07    0.00    2.40 v _124_/A2 (sky130_fd_sc_hd__a21o_1)
                  0.05    0.20    2.61 v _124_/X (sky130_fd_sc_hd__a21o_1)
     3    0.01                           _057_ (net)
                  0.05    0.00    2.61 v _168_/B (sky130_fd_sc_hd__nand2_1)
                  0.08    0.09    2.70 ^ _168_/Y (sky130_fd_sc_hd__nand2_1)
     3    0.01                           _098_ (net)
                  0.08    0.00    2.70 ^ _181_/B (sky130_fd_sc_hd__nor2_1)
                  0.04    0.04    2.74 v _181_/Y (sky130_fd_sc_hd__nor2_1)
     1    0.00                           _004_ (net)
                  0.04    0.00    2.74 v _184_/A (sky130_fd_sc_hd__or4b_1)
                  0.08    0.53    3.27 v _184_/X (sky130_fd_sc_hd__or4b_1)
     1    0.00                           _007_ (net)
                  0.08    0.00    3.27 v _188_/B1 (sky130_fd_sc_hd__o211ai_1)
                  0.13    0.10    3.37 ^ _188_/Y (sky130_fd_sc_hd__o211ai_1)
     1    0.00                           net23 (net)
                  0.13    0.00    3.37 ^ output23/A (sky130_fd_sc_hd__clkbuf_4)
                  0.11    0.23    3.60 ^ output23/X (sky130_fd_sc_hd__clkbuf_4)
     1    0.03                           ALU_Out[3] (net)
                  0.11    0.00    3.60 ^ ALU_Out[3] (out)
                                  3.60   data arrival time

                  0.00   10.00   10.00   clock __VIRTUAL_CLK__ (rise edge)
                          0.00   10.00   clock network delay (ideal)
                         -0.25    9.75   clock uncertainty
                          0.00    9.75   clock reconvergence pessimism
                         -2.00    7.75   output external delay
                                  7.75   data required time
-----------------------------------------------------------------------------
                                  7.75   data required time
                                 -3.60   data arrival time
-----------------------------------------------------------------------------
                                  4.15   slack (MET)


Startpoint: B[1] (input port clocked by __VIRTUAL_CLK__)
Endpoint: ALU_Out[2] (output port clocked by __VIRTUAL_CLK__)
Path Group: __VIRTUAL_CLK__
Path Type: max

Fanout     Cap    Slew   Delay    Time   Description
-----------------------------------------------------------------------------
                  0.00    0.00    0.00   clock __VIRTUAL_CLK__ (rise edge)
                          0.00    0.00   clock network delay (ideal)
                          2.00    2.00 v input external delay
                  0.01    0.00    2.00 v B[1] (in)
     1    0.00                           B[1] (net)
                  0.01    0.00    2.00 v input10/A (sky130_fd_sc_hd__dlymetal6s2s_1)
                  0.08    0.17    2.17 v input10/X (sky130_fd_sc_hd__dlymetal6s2s_1)
     4    0.01                           net10 (net)
                  0.08    0.00    2.17 v _138_/A (sky130_fd_sc_hd__or2_1)
                  0.06    0.26    2.43 v _138_/X (sky130_fd_sc_hd__or2_1)
     2    0.00                           _071_ (net)
                  0.06    0.00    2.43 v _140_/A3 (sky130_fd_sc_hd__a31o_1)
                  0.06    0.26    2.68 v _140_/X (sky130_fd_sc_hd__a31o_1)
     3    0.01                           _073_ (net)
                  0.06    0.00    2.68 v _174_/B2 (sky130_fd_sc_hd__o221a_1)
                  0.04    0.21    2.89 v _174_/X (sky130_fd_sc_hd__o221a_1)
     1    0.00                           _104_ (net)
                  0.04    0.00    2.89 v _175_/C1 (sky130_fd_sc_hd__a221o_1)
                  0.05    0.26    3.15 v _175_/X (sky130_fd_sc_hd__a221o_1)
     1    0.00                           _105_ (net)
                  0.05    0.00    3.15 v _176_/B1 (sky130_fd_sc_hd__a31o_1)
                  0.03    0.18    3.34 v _176_/X (sky130_fd_sc_hd__a31o_1)
     1    0.00                           net22 (net)
                  0.03    0.00    3.34 v output22/A (sky130_fd_sc_hd__clkbuf_4)
                  0.08    0.19    3.52 v output22/X (sky130_fd_sc_hd__clkbuf_4)
     1    0.03                           ALU_Out[2] (net)
                  0.08    0.00    3.52 v ALU_Out[2] (out)
                                  3.52   data arrival time

                  0.00   10.00   10.00   clock __VIRTUAL_CLK__ (rise edge)
                          0.00   10.00   clock network delay (ideal)
                         -0.25    9.75   clock uncertainty
                          0.00    9.75   clock reconvergence pessimism
                         -2.00    7.75   output external delay
                                  7.75   data required time
-----------------------------------------------------------------------------
                                  7.75   data required time
                                 -3.52   data arrival time
-----------------------------------------------------------------------------
                                  4.23   slack (MET)


Startpoint: opcode[2] (input port clocked by __VIRTUAL_CLK__)
Endpoint: ALU_Out[1] (output port clocked by __VIRTUAL_CLK__)
Path Group: __VIRTUAL_CLK__
Path Type: max

Fanout     Cap    Slew   Delay    Time   Description
-----------------------------------------------------------------------------
                  0.00    0.00    0.00   clock __VIRTUAL_CLK__ (rise edge)
                          0.00    0.00   clock network delay (ideal)
                          2.00    2.00 ^ input external delay
                  0.02    0.01    2.01 ^ opcode[2] (in)
     1    0.00                           opcode[2] (net)
                  0.02    0.00    2.01 ^ input19/A (sky130_fd_sc_hd__buf_2)
                  0.11    0.15    2.16 ^ input19/X (sky130_fd_sc_hd__buf_2)
     6    0.02                           net19 (net)
                  0.11    0.00    2.16 ^ _152_/A_N (sky130_fd_sc_hd__and2b_1)
                  0.05    0.22    2.37 v _152_/X (sky130_fd_sc_hd__and2b_1)
     4    0.01                           _084_ (net)
                  0.05    0.00    2.37 v _158_/B (sky130_fd_sc_hd__and2b_2)
                  0.06    0.23    2.61 v _158_/X (sky130_fd_sc_hd__and2b_2)
     7    0.01                           _089_ (net)
                  0.06    0.00    2.61 v _162_/A2 (sky130_fd_sc_hd__a211o_1)
                  0.04    0.30    2.90 v _162_/X (sky130_fd_sc_hd__a211o_1)
     1    0.00                           _093_ (net)
                  0.04    0.00    2.90 v _167_/A2 (sky130_fd_sc_hd__a221o_1)
                  0.05    0.35    3.25 v _167_/X (sky130_fd_sc_hd__a221o_1)
     1    0.00                           net21 (net)
                  0.05    0.00    3.25 v output21/A (sky130_fd_sc_hd__clkbuf_4)
                  0.08    0.19    3.44 v output21/X (sky130_fd_sc_hd__clkbuf_4)
     1    0.03                           ALU_Out[1] (net)
                  0.08    0.00    3.44 v ALU_Out[1] (out)
                                  3.44   data arrival time

                  0.00   10.00   10.00   clock __VIRTUAL_CLK__ (rise edge)
                          0.00   10.00   clock network delay (ideal)
                         -0.25    9.75   clock uncertainty
                          0.00    9.75   clock reconvergence pessimism
                         -2.00    7.75   output external delay
                                  7.75   data required time
-----------------------------------------------------------------------------
                                  7.75   data required time
                                 -3.44   data arrival time
-----------------------------------------------------------------------------
                                  4.31   slack (MET)


Startpoint: opcode[0] (input port clocked by __VIRTUAL_CLK__)
Endpoint: ALU_Out[0] (output port clocked by __VIRTUAL_CLK__)
Path Group: __VIRTUAL_CLK__
Path Type: max

Fanout     Cap    Slew   Delay    Time   Description
-----------------------------------------------------------------------------
                  0.00    0.00    0.00   clock __VIRTUAL_CLK__ (rise edge)
                          0.00    0.00   clock network delay (ideal)
                          2.00    2.00 ^ input external delay
                  0.02    0.01    2.01 ^ opcode[0] (in)
     1    0.00                           opcode[0] (net)
                  0.02    0.00    2.01 ^ input17/A (sky130_fd_sc_hd__clkbuf_2)
                  0.11    0.15    2.16 ^ input17/X (sky130_fd_sc_hd__clkbuf_2)
     8    0.02                           net17 (net)
                  0.11    0.00    2.16 ^ _153_/S (sky130_fd_sc_hd__mux2_1)
                  0.05    0.33    2.49 v _153_/X (sky130_fd_sc_hd__mux2_1)
     1    0.00                           _085_ (net)
                  0.05    0.00    2.49 v _154_/B1_N (sky130_fd_sc_hd__o21ba_1)
                  0.04    0.21    2.70 ^ _154_/X (sky130_fd_sc_hd__o21ba_1)
     1    0.00                           _086_ (net)
                  0.04    0.00    2.70 ^ _156_/A1 (sky130_fd_sc_hd__mux2_1)
                  0.04    0.12    2.81 ^ _156_/X (sky130_fd_sc_hd__mux2_1)
     1    0.00                           _088_ (net)
                  0.04    0.00    2.81 ^ _157_/A (sky130_fd_sc_hd__clkbuf_1)
                  0.04    0.08    2.89 ^ _157_/X (sky130_fd_sc_hd__clkbuf_1)
     1    0.00                           net20 (net)
                  0.04    0.00    2.89 ^ output20/A (sky130_fd_sc_hd__clkbuf_4)
                  0.11    0.19    3.08 ^ output20/X (sky130_fd_sc_hd__clkbuf_4)
     1    0.03                           ALU_Out[0] (net)
                  0.11    0.00    3.08 ^ ALU_Out[0] (out)
                                  3.08   data arrival time

                  0.00   10.00   10.00   clock __VIRTUAL_CLK__ (rise edge)
                          0.00   10.00   clock network delay (ideal)
                         -0.25    9.75   clock uncertainty
                          0.00    9.75   clock reconvergence pessimism
                         -2.00    7.75   output external delay
                                  7.75   data required time
-----------------------------------------------------------------------------
                                  7.75   data required time
                                 -3.08   data arrival time
-----------------------------------------------------------------------------
                                  4.67   slack (MET)



